PREHOOK: query: create table L as select 4436 id
PREHOOK: type: CREATETABLE_AS_SELECT
PREHOOK: Input: _dummy_database@_dummy_table
POSTHOOK: query: create table L as select 4436 id
POSTHOOK: type: CREATETABLE_AS_SELECT
POSTHOOK: Input: _dummy_database@_dummy_table
POSTHOOK: Output: default@L
PREHOOK: query: create table LA as select 4436 loan_id, 4748 aid, 4415 pi_id
PREHOOK: type: CREATETABLE_AS_SELECT
PREHOOK: Input: _dummy_database@_dummy_table
POSTHOOK: query: create table LA as select 4436 loan_id, 4748 aid, 4415 pi_id
POSTHOOK: type: CREATETABLE_AS_SELECT
POSTHOOK: Input: _dummy_database@_dummy_table
POSTHOOK: Output: default@LA
PREHOOK: query: create table FR as select 4436 loan_id
PREHOOK: type: CREATETABLE_AS_SELECT
PREHOOK: Input: _dummy_database@_dummy_table
POSTHOOK: query: create table FR as select 4436 loan_id
POSTHOOK: type: CREATETABLE_AS_SELECT
POSTHOOK: Input: _dummy_database@_dummy_table
POSTHOOK: Output: default@FR
PREHOOK: query: create table A as select 4748 id
PREHOOK: type: CREATETABLE_AS_SELECT
PREHOOK: Input: _dummy_database@_dummy_table
POSTHOOK: query: create table A as select 4748 id
POSTHOOK: type: CREATETABLE_AS_SELECT
POSTHOOK: Input: _dummy_database@_dummy_table
POSTHOOK: Output: default@A
PREHOOK: query: create table PI as select 4415 id
PREHOOK: type: CREATETABLE_AS_SELECT
PREHOOK: Input: _dummy_database@_dummy_table
POSTHOOK: query: create table PI as select 4415 id
POSTHOOK: type: CREATETABLE_AS_SELECT
POSTHOOK: Input: _dummy_database@_dummy_table
POSTHOOK: Output: default@PI
PREHOOK: query: create table acct as select 4748 aid, 10 acc_n, 122 brn
PREHOOK: type: CREATETABLE_AS_SELECT
PREHOOK: Input: _dummy_database@_dummy_table
POSTHOOK: query: create table acct as select 4748 aid, 10 acc_n, 122 brn
POSTHOOK: type: CREATETABLE_AS_SELECT
POSTHOOK: Input: _dummy_database@_dummy_table
POSTHOOK: Output: default@acct
PREHOOK: query: insert into table acct select 4748, null, null from acct limit 1
PREHOOK: type: QUERY
PREHOOK: Input: default@acct
PREHOOK: Output: default@acct
POSTHOOK: query: insert into table acct select 4748, null, null from acct limit 1
POSTHOOK: type: QUERY
POSTHOOK: Input: default@acct
POSTHOOK: Output: default@acct
POSTHOOK: Lineage: acct.acc_n EXPRESSION []
POSTHOOK: Lineage: acct.aid SIMPLE []
POSTHOOK: Lineage: acct.brn EXPRESSION []
PREHOOK: query: insert into table acct select 4748, null, null from acct limit 1
PREHOOK: type: QUERY
PREHOOK: Input: default@acct
PREHOOK: Output: default@acct
POSTHOOK: query: insert into table acct select 4748, null, null from acct limit 1
POSTHOOK: type: QUERY
POSTHOOK: Input: default@acct
POSTHOOK: Output: default@acct
POSTHOOK: Lineage: acct.acc_n EXPRESSION []
POSTHOOK: Lineage: acct.acc_n EXPRESSION []
POSTHOOK: Lineage: acct.aid SIMPLE []
POSTHOOK: Lineage: acct.aid SIMPLE []
POSTHOOK: Lineage: acct.brn EXPRESSION []
POSTHOOK: Lineage: acct.brn EXPRESSION []
PREHOOK: query: --[HIVE-10841] (WHERE col is not null) does not work sometimes for queries with many JOIN statements
explain select
  acct.ACC_N,
  acct.brn
FROM L
JOIN LA ON L.id = LA.loan_id
JOIN FR ON L.id = FR.loan_id
JOIN A ON LA.aid = A.id
JOIN PI ON PI.id = LA.pi_id
JOIN acct ON A.id = acct.aid
WHERE
  L.id = 4436
  and acct.brn is not null
PREHOOK: type: QUERY
POSTHOOK: query: --[HIVE-10841] (WHERE col is not null) does not work sometimes for queries with many JOIN statements
explain select
  acct.ACC_N,
  acct.brn
FROM L
JOIN LA ON L.id = LA.loan_id
JOIN FR ON L.id = FR.loan_id
JOIN A ON LA.aid = A.id
JOIN PI ON PI.id = LA.pi_id
JOIN acct ON A.id = acct.aid
WHERE
  L.id = 4436
  and acct.brn is not null
POSTHOOK: type: QUERY
POSTHOOK: Lineage: acct.acc_n EXPRESSION []
POSTHOOK: Lineage: acct.acc_n EXPRESSION []
POSTHOOK: Lineage: acct.aid SIMPLE []
POSTHOOK: Lineage: acct.aid SIMPLE []
POSTHOOK: Lineage: acct.brn EXPRESSION []
POSTHOOK: Lineage: acct.brn EXPRESSION []
STAGE DEPENDENCIES:
  Stage-1 is a root stage
  Stage-2 depends on stages: Stage-1
  Stage-3 depends on stages: Stage-2
  Stage-0 is a root stage

STAGE PLANS:
  Stage: Stage-1
    Map Reduce
      Map Operator Tree:
          TableScan
            alias: l
            Statistics: Num rows: 1 Data size: 4 Basic stats: COMPLETE Column stats: NONE
            Filter Operator
              predicate: (id = 4436) (type: boolean)
              Statistics: Num rows: 0 Data size: 0 Basic stats: NONE Column stats: NONE
              Reduce Output Operator
                key expressions: 4436 (type: int)
                sort order: +
                Map-reduce partition columns: 4436 (type: int)
                Statistics: Num rows: 0 Data size: 0 Basic stats: NONE Column stats: NONE
          TableScan
            alias: la
            Statistics: Num rows: 1 Data size: 14 Basic stats: COMPLETE Column stats: NONE
            Filter Operator
              predicate: (loan_id = 4436) (type: boolean)
              Statistics: Num rows: 0 Data size: 0 Basic stats: NONE Column stats: NONE
              Reduce Output Operator
                key expressions: 4436 (type: int)
                sort order: +
                Map-reduce partition columns: 4436 (type: int)
                Statistics: Num rows: 0 Data size: 0 Basic stats: NONE Column stats: NONE
                value expressions: aid (type: int), pi_id (type: int)
          TableScan
            alias: fr
            Statistics: Num rows: 1 Data size: 4 Basic stats: COMPLETE Column stats: NONE
            Filter Operator
              predicate: (loan_id = 4436) (type: boolean)
              Statistics: Num rows: 0 Data size: 0 Basic stats: NONE Column stats: NONE
              Reduce Output Operator
                key expressions: 4436 (type: int)
                sort order: +
                Map-reduce partition columns: 4436 (type: int)
                Statistics: Num rows: 0 Data size: 0 Basic stats: NONE Column stats: NONE
      Reduce Operator Tree:
        Join Operator
          condition map:
               Inner Join 0 to 1
               Inner Join 0 to 2
          condition expressions:
            0 
            1 {VALUE._col0} {VALUE._col1}
            2 
          outputColumnNames: _col4, _col5
          Statistics: Num rows: 0 Data size: 0 Basic stats: NONE Column stats: NONE
          File Output Operator
            compressed: false
            table:
                input format: org.apache.hadoop.mapred.SequenceFileInputFormat
                output format: org.apache.hadoop.hive.ql.io.HiveSequenceFileOutputFormat
                serde: org.apache.hadoop.hive.serde2.lazybinary.LazyBinarySerDe

  Stage: Stage-2
    Map Reduce
      Map Operator Tree:
          TableScan
            Reduce Output Operator
              key expressions: _col4 (type: int)
              sort order: +
              Map-reduce partition columns: _col4 (type: int)
              Statistics: Num rows: 0 Data size: 0 Basic stats: NONE Column stats: NONE
              value expressions: _col5 (type: int)
          TableScan
            alias: a
            Statistics: Num rows: 1 Data size: 4 Basic stats: COMPLETE Column stats: NONE
            Reduce Output Operator
              key expressions: id (type: int)
              sort order: +
              Map-reduce partition columns: id (type: int)
              Statistics: Num rows: 1 Data size: 4 Basic stats: COMPLETE Column stats: NONE
          TableScan
            alias: acct
            Statistics: Num rows: 1 Data size: 10 Basic stats: COMPLETE Column stats: NONE
            Filter Operator
              predicate: brn is not null (type: boolean)
              Statistics: Num rows: 1 Data size: 10 Basic stats: COMPLETE Column stats: NONE
              Reduce Output Operator
                key expressions: aid (type: int)
                sort order: +
                Map-reduce partition columns: aid (type: int)
                Statistics: Num rows: 1 Data size: 10 Basic stats: COMPLETE Column stats: NONE
                value expressions: acc_n (type: int), brn (type: int)
      Reduce Operator Tree:
        Join Operator
          condition map:
               Inner Join 0 to 1
               Inner Join 1 to 2
          condition expressions:
            0 {VALUE._col4}
            1 
            2 {VALUE._col0} {VALUE._col1}
          outputColumnNames: _col5, _col15, _col16
          Statistics: Num rows: 2 Data size: 8 Basic stats: COMPLETE Column stats: NONE
          File Output Operator
            compressed: false
            table:
                input format: org.apache.hadoop.mapred.SequenceFileInputFormat
                output format: org.apache.hadoop.hive.ql.io.HiveSequenceFileOutputFormat
                serde: org.apache.hadoop.hive.serde2.lazybinary.LazyBinarySerDe

  Stage: Stage-3
    Map Reduce
      Map Operator Tree:
          TableScan
            Reduce Output Operator
              key expressions: _col5 (type: int)
              sort order: +
              Map-reduce partition columns: _col5 (type: int)
              Statistics: Num rows: 2 Data size: 8 Basic stats: COMPLETE Column stats: NONE
              value expressions: _col15 (type: int), _col16 (type: int)
          TableScan
            alias: pi
            Statistics: Num rows: 1 Data size: 4 Basic stats: COMPLETE Column stats: NONE
            Reduce Output Operator
              key expressions: id (type: int)
              sort order: +
              Map-reduce partition columns: id (type: int)
              Statistics: Num rows: 1 Data size: 4 Basic stats: COMPLETE Column stats: NONE
      Reduce Operator Tree:
        Join Operator
          condition map:
               Inner Join 0 to 1
          condition expressions:
            0 {VALUE._col14} {VALUE._col15}
            1 
          outputColumnNames: _col15, _col16
          Statistics: Num rows: 2 Data size: 8 Basic stats: COMPLETE Column stats: NONE
          Select Operator
            expressions: _col15 (type: int), _col16 (type: int)
            outputColumnNames: _col0, _col1
            Statistics: Num rows: 2 Data size: 8 Basic stats: COMPLETE Column stats: NONE
            File Output Operator
              compressed: false
              Statistics: Num rows: 2 Data size: 8 Basic stats: COMPLETE Column stats: NONE
              table:
                  input format: org.apache.hadoop.mapred.TextInputFormat
                  output format: org.apache.hadoop.hive.ql.io.HiveIgnoreKeyTextOutputFormat
                  serde: org.apache.hadoop.hive.serde2.lazy.LazySimpleSerDe

  Stage: Stage-0
    Fetch Operator
      limit: -1

PREHOOK: query: select
  acct.ACC_N,
  acct.brn
FROM L
JOIN LA ON L.id = LA.loan_id
JOIN FR ON L.id = FR.loan_id
JOIN A ON LA.aid = A.id
JOIN PI ON PI.id = LA.pi_id
JOIN acct ON A.id = acct.aid
WHERE
  L.id = 4436
  and acct.brn is not null
PREHOOK: type: QUERY
PREHOOK: Input: default@a
PREHOOK: Input: default@acct
PREHOOK: Input: default@fr
PREHOOK: Input: default@l
PREHOOK: Input: default@la
PREHOOK: Input: default@pi
#### A masked pattern was here ####
POSTHOOK: query: select
  acct.ACC_N,
  acct.brn
FROM L
JOIN LA ON L.id = LA.loan_id
JOIN FR ON L.id = FR.loan_id
JOIN A ON LA.aid = A.id
JOIN PI ON PI.id = LA.pi_id
JOIN acct ON A.id = acct.aid
WHERE
  L.id = 4436
  and acct.brn is not null
POSTHOOK: type: QUERY
POSTHOOK: Input: default@a
POSTHOOK: Input: default@acct
POSTHOOK: Input: default@fr
POSTHOOK: Input: default@l
POSTHOOK: Input: default@la
POSTHOOK: Input: default@pi
#### A masked pattern was here ####
POSTHOOK: Lineage: acct.acc_n EXPRESSION []
POSTHOOK: Lineage: acct.acc_n EXPRESSION []
POSTHOOK: Lineage: acct.aid SIMPLE []
POSTHOOK: Lineage: acct.aid SIMPLE []
POSTHOOK: Lineage: acct.brn EXPRESSION []
POSTHOOK: Lineage: acct.brn EXPRESSION []
10	122
PREHOOK: query: create table taba(
a01 string,
a02 string,
a03 string)
PREHOOK: type: CREATETABLE
PREHOOK: Output: database:default
POSTHOOK: query: create table taba(
a01 string,
a02 string,
a03 string)
POSTHOOK: type: CREATETABLE
POSTHOOK: Output: database:default
POSTHOOK: Output: default@taba
POSTHOOK: Lineage: acct.acc_n EXPRESSION []
POSTHOOK: Lineage: acct.acc_n EXPRESSION []
POSTHOOK: Lineage: acct.aid SIMPLE []
POSTHOOK: Lineage: acct.aid SIMPLE []
POSTHOOK: Lineage: acct.brn EXPRESSION []
POSTHOOK: Lineage: acct.brn EXPRESSION []
PREHOOK: query: create table tabb(
b01 string)
PREHOOK: type: CREATETABLE
PREHOOK: Output: database:default
POSTHOOK: query: create table tabb(
b01 string)
POSTHOOK: type: CREATETABLE
POSTHOOK: Output: database:default
POSTHOOK: Output: default@tabb
POSTHOOK: Lineage: acct.acc_n EXPRESSION []
POSTHOOK: Lineage: acct.acc_n EXPRESSION []
POSTHOOK: Lineage: acct.aid SIMPLE []
POSTHOOK: Lineage: acct.aid SIMPLE []
POSTHOOK: Lineage: acct.brn EXPRESSION []
POSTHOOK: Lineage: acct.brn EXPRESSION []
PREHOOK: query: create table tabc(
c01 string,
c02 string)
PREHOOK: type: CREATETABLE
PREHOOK: Output: database:default
POSTHOOK: query: create table tabc(
c01 string,
c02 string)
POSTHOOK: type: CREATETABLE
POSTHOOK: Output: database:default
POSTHOOK: Output: default@tabc
POSTHOOK: Lineage: acct.acc_n EXPRESSION []
POSTHOOK: Lineage: acct.acc_n EXPRESSION []
POSTHOOK: Lineage: acct.aid SIMPLE []
POSTHOOK: Lineage: acct.aid SIMPLE []
POSTHOOK: Lineage: acct.brn EXPRESSION []
POSTHOOK: Lineage: acct.brn EXPRESSION []
PREHOOK: query: create table tabd(
d01 string)
PREHOOK: type: CREATETABLE
PREHOOK: Output: database:default
POSTHOOK: query: create table tabd(
d01 string)
POSTHOOK: type: CREATETABLE
POSTHOOK: Output: database:default
POSTHOOK: Output: default@tabd
POSTHOOK: Lineage: acct.acc_n EXPRESSION []
POSTHOOK: Lineage: acct.acc_n EXPRESSION []
POSTHOOK: Lineage: acct.aid SIMPLE []
POSTHOOK: Lineage: acct.aid SIMPLE []
POSTHOOK: Lineage: acct.brn EXPRESSION []
POSTHOOK: Lineage: acct.brn EXPRESSION []
PREHOOK: query: explain
select a01, * from
(select a01, a02, a03 from taba) ta

join
(select b01 from tabb) tb
on (ta.a02=tb.b01)

join tabc tc
on (tb.b01=tc.c01)

left outer join
(select d01 from tabd ) td
on (td.d01 = tc.c02)
PREHOOK: type: QUERY
POSTHOOK: query: explain
select a01, * from
(select a01, a02, a03 from taba) ta

join
(select b01 from tabb) tb
on (ta.a02=tb.b01)

join tabc tc
on (tb.b01=tc.c01)

left outer join
(select d01 from tabd ) td
on (td.d01 = tc.c02)
POSTHOOK: type: QUERY
POSTHOOK: Lineage: acct.acc_n EXPRESSION []
POSTHOOK: Lineage: acct.acc_n EXPRESSION []
POSTHOOK: Lineage: acct.aid SIMPLE []
POSTHOOK: Lineage: acct.aid SIMPLE []
POSTHOOK: Lineage: acct.brn EXPRESSION []
POSTHOOK: Lineage: acct.brn EXPRESSION []
STAGE DEPENDENCIES:
  Stage-1 is a root stage
  Stage-2 depends on stages: Stage-1
  Stage-0 is a root stage

STAGE PLANS:
  Stage: Stage-1
    Map Reduce
      Map Operator Tree:
          TableScan
            alias: taba
            Statistics: Num rows: 0 Data size: 0 Basic stats: NONE Column stats: NONE
            Select Operator
              expressions: a01 (type: string), a02 (type: string), a03 (type: string)
              outputColumnNames: _col0, _col1, _col2
              Statistics: Num rows: 0 Data size: 0 Basic stats: NONE Column stats: NONE
              Reduce Output Operator
                key expressions: _col1 (type: string)
                sort order: +
                Map-reduce partition columns: _col1 (type: string)
                Statistics: Num rows: 0 Data size: 0 Basic stats: NONE Column stats: NONE
                value expressions: _col0 (type: string), _col2 (type: string)
          TableScan
            alias: tabb
            Statistics: Num rows: 0 Data size: 0 Basic stats: NONE Column stats: NONE
            Select Operator
              expressions: b01 (type: string)
              outputColumnNames: _col0
              Statistics: Num rows: 0 Data size: 0 Basic stats: NONE Column stats: NONE
              Reduce Output Operator
                key expressions: _col0 (type: string)
                sort order: +
                Map-reduce partition columns: _col0 (type: string)
                Statistics: Num rows: 0 Data size: 0 Basic stats: NONE Column stats: NONE
          TableScan
            alias: tc
            Statistics: Num rows: 0 Data size: 0 Basic stats: NONE Column stats: NONE
            Reduce Output Operator
              key expressions: c01 (type: string)
              sort order: +
              Map-reduce partition columns: c01 (type: string)
              Statistics: Num rows: 0 Data size: 0 Basic stats: NONE Column stats: NONE
              value expressions: c02 (type: string)
      Reduce Operator Tree:
        Join Operator
          condition map:
               Inner Join 0 to 1
               Inner Join 1 to 2
          condition expressions:
            0 {VALUE._col0} {KEY.reducesinkkey0} {VALUE._col1}
            1 {KEY.reducesinkkey0}
            2 {KEY.reducesinkkey0} {VALUE._col0}
          outputColumnNames: _col0, _col1, _col2, _col3, _col4, _col5
          Statistics: Num rows: 0 Data size: 0 Basic stats: NONE Column stats: NONE
          File Output Operator
            compressed: false
            table:
                input format: org.apache.hadoop.mapred.SequenceFileInputFormat
                output format: org.apache.hadoop.hive.ql.io.HiveSequenceFileOutputFormat
                serde: org.apache.hadoop.hive.serde2.lazybinary.LazyBinarySerDe

  Stage: Stage-2
    Map Reduce
      Map Operator Tree:
          TableScan
            Reduce Output Operator
              key expressions: _col5 (type: string)
              sort order: +
              Map-reduce partition columns: _col5 (type: string)
              Statistics: Num rows: 0 Data size: 0 Basic stats: NONE Column stats: NONE
              value expressions: _col0 (type: string), _col1 (type: string), _col2 (type: string), _col3 (type: string), _col4 (type: string)
          TableScan
            alias: tabd
            Statistics: Num rows: 0 Data size: 0 Basic stats: NONE Column stats: NONE
            Select Operator
              expressions: d01 (type: string)
              outputColumnNames: _col0
              Statistics: Num rows: 0 Data size: 0 Basic stats: NONE Column stats: NONE
              Reduce Output Operator
                key expressions: _col0 (type: string)
                sort order: +
                Map-reduce partition columns: _col0 (type: string)
                Statistics: Num rows: 0 Data size: 0 Basic stats: NONE Column stats: NONE
      Reduce Operator Tree:
        Join Operator
          condition map:
               Left Outer Join0 to 1
          condition expressions:
            0 {VALUE._col0} {VALUE._col1} {VALUE._col2} {VALUE._col3} {VALUE._col4} {KEY.reducesinkkey0}
            1 {KEY.reducesinkkey0}
          outputColumnNames: _col0, _col1, _col2, _col3, _col4, _col5, _col8
          Statistics: Num rows: 0 Data size: 0 Basic stats: NONE Column stats: NONE
          Select Operator
            expressions: _col0 (type: string), _col0 (type: string), _col1 (type: string), _col2 (type: string), _col3 (type: string), _col4 (type: string), _col5 (type: string), _col8 (type: string)
            outputColumnNames: _col0, _col1, _col2, _col3, _col4, _col5, _col6, _col7
            Statistics: Num rows: 0 Data size: 0 Basic stats: NONE Column stats: NONE
            File Output Operator
              compressed: false
              Statistics: Num rows: 0 Data size: 0 Basic stats: NONE Column stats: NONE
              table:
                  input format: org.apache.hadoop.mapred.TextInputFormat
                  output format: org.apache.hadoop.hive.ql.io.HiveIgnoreKeyTextOutputFormat
                  serde: org.apache.hadoop.hive.serde2.lazy.LazySimpleSerDe

  Stage: Stage-0
    Fetch Operator
      limit: -1

PREHOOK: query: explain select a01, * from
(select a01, a02, a03 from taba) ta

join
(select b01 from tabb) tb
on (ta.a02=tb.b01)

join tabc tc
on (tb.b01=tc.c01)

join
(select d01 from tabd ) td
on (td.d01 = tc.c02)
PREHOOK: type: QUERY
POSTHOOK: query: explain select a01, * from
(select a01, a02, a03 from taba) ta

join
(select b01 from tabb) tb
on (ta.a02=tb.b01)

join tabc tc
on (tb.b01=tc.c01)

join
(select d01 from tabd ) td
on (td.d01 = tc.c02)
POSTHOOK: type: QUERY
POSTHOOK: Lineage: acct.acc_n EXPRESSION []
POSTHOOK: Lineage: acct.acc_n EXPRESSION []
POSTHOOK: Lineage: acct.aid SIMPLE []
POSTHOOK: Lineage: acct.aid SIMPLE []
POSTHOOK: Lineage: acct.brn EXPRESSION []
POSTHOOK: Lineage: acct.brn EXPRESSION []
STAGE DEPENDENCIES:
  Stage-1 is a root stage
  Stage-2 depends on stages: Stage-1
  Stage-0 is a root stage

STAGE PLANS:
  Stage: Stage-1
    Map Reduce
      Map Operator Tree:
          TableScan
            alias: taba
            Statistics: Num rows: 0 Data size: 0 Basic stats: NONE Column stats: NONE
            Select Operator
              expressions: a01 (type: string), a02 (type: string), a03 (type: string)
              outputColumnNames: _col0, _col1, _col2
              Statistics: Num rows: 0 Data size: 0 Basic stats: NONE Column stats: NONE
              Reduce Output Operator
                key expressions: _col1 (type: string)
                sort order: +
                Map-reduce partition columns: _col1 (type: string)
                Statistics: Num rows: 0 Data size: 0 Basic stats: NONE Column stats: NONE
                value expressions: _col0 (type: string), _col2 (type: string)
          TableScan
            alias: tabb
            Statistics: Num rows: 0 Data size: 0 Basic stats: NONE Column stats: NONE
            Select Operator
              expressions: b01 (type: string)
              outputColumnNames: _col0
              Statistics: Num rows: 0 Data size: 0 Basic stats: NONE Column stats: NONE
              Reduce Output Operator
                key expressions: _col0 (type: string)
                sort order: +
                Map-reduce partition columns: _col0 (type: string)
                Statistics: Num rows: 0 Data size: 0 Basic stats: NONE Column stats: NONE
          TableScan
            alias: tc
            Statistics: Num rows: 0 Data size: 0 Basic stats: NONE Column stats: NONE
            Reduce Output Operator
              key expressions: c01 (type: string)
              sort order: +
              Map-reduce partition columns: c01 (type: string)
              Statistics: Num rows: 0 Data size: 0 Basic stats: NONE Column stats: NONE
              value expressions: c02 (type: string)
      Reduce Operator Tree:
        Join Operator
          condition map:
               Inner Join 0 to 1
               Inner Join 1 to 2
          condition expressions:
            0 {VALUE._col0} {KEY.reducesinkkey0} {VALUE._col1}
            1 {KEY.reducesinkkey0}
            2 {KEY.reducesinkkey0} {VALUE._col0}
          outputColumnNames: _col0, _col1, _col2, _col3, _col4, _col5
          Statistics: Num rows: 0 Data size: 0 Basic stats: NONE Column stats: NONE
          File Output Operator
            compressed: false
            table:
                input format: org.apache.hadoop.mapred.SequenceFileInputFormat
                output format: org.apache.hadoop.hive.ql.io.HiveSequenceFileOutputFormat
                serde: org.apache.hadoop.hive.serde2.lazybinary.LazyBinarySerDe

  Stage: Stage-2
    Map Reduce
      Map Operator Tree:
          TableScan
            Reduce Output Operator
              key expressions: _col5 (type: string)
              sort order: +
              Map-reduce partition columns: _col5 (type: string)
              Statistics: Num rows: 0 Data size: 0 Basic stats: NONE Column stats: NONE
              value expressions: _col0 (type: string), _col1 (type: string), _col2 (type: string), _col3 (type: string), _col4 (type: string)
          TableScan
            alias: tabd
            Statistics: Num rows: 0 Data size: 0 Basic stats: NONE Column stats: NONE
            Select Operator
              expressions: d01 (type: string)
              outputColumnNames: _col0
              Statistics: Num rows: 0 Data size: 0 Basic stats: NONE Column stats: NONE
              Reduce Output Operator
                key expressions: _col0 (type: string)
                sort order: +
                Map-reduce partition columns: _col0 (type: string)
                Statistics: Num rows: 0 Data size: 0 Basic stats: NONE Column stats: NONE
      Reduce Operator Tree:
        Join Operator
          condition map:
               Inner Join 0 to 1
          condition expressions:
            0 {VALUE._col0} {VALUE._col1} {VALUE._col2} {VALUE._col3} {VALUE._col4} {KEY.reducesinkkey0}
            1 {KEY.reducesinkkey0}
          outputColumnNames: _col0, _col1, _col2, _col3, _col4, _col5, _col8
          Statistics: Num rows: 0 Data size: 0 Basic stats: NONE Column stats: NONE
          Select Operator
            expressions: _col0 (type: string), _col0 (type: string), _col1 (type: string), _col2 (type: string), _col3 (type: string), _col4 (type: string), _col5 (type: string), _col8 (type: string)
            outputColumnNames: _col0, _col1, _col2, _col3, _col4, _col5, _col6, _col7
            Statistics: Num rows: 0 Data size: 0 Basic stats: NONE Column stats: NONE
            File Output Operator
              compressed: false
              Statistics: Num rows: 0 Data size: 0 Basic stats: NONE Column stats: NONE
              table:
                  input format: org.apache.hadoop.mapred.TextInputFormat
                  output format: org.apache.hadoop.hive.ql.io.HiveIgnoreKeyTextOutputFormat
                  serde: org.apache.hadoop.hive.serde2.lazy.LazySimpleSerDe

  Stage: Stage-0
    Fetch Operator
      limit: -1

