Warning: Map Join MAPJOIN[53][bigTable=?] in task 'Stage-1:MAPRED' is a cross product
PREHOOK: query: explain
select  i_item_id,
        ca_country,
        ca_state, 
        ca_county,
        avg( cast(cs_quantity as decimal(12,2))) agg1,
        avg( cast(cs_list_price as decimal(12,2))) agg2,
        avg( cast(cs_coupon_amt as decimal(12,2))) agg3,
        avg( cast(cs_sales_price as decimal(12,2))) agg4,
        avg( cast(cs_net_profit as decimal(12,2))) agg5,
        avg( cast(c_birth_year as decimal(12,2))) agg6,
        avg( cast(cd1.cd_dep_count as decimal(12,2))) agg7
 from catalog_sales, customer_demographics cd1, 
      customer_demographics cd2, customer, customer_address, date_dim, item
 where cs_sold_date_sk = d_date_sk and
       cs_item_sk = i_item_sk and
       cs_bill_cdemo_sk = cd1.cd_demo_sk and
       cs_bill_customer_sk = c_customer_sk and
       cd1.cd_gender = 'M' and 
       cd1.cd_education_status = 'College' and
       c_current_cdemo_sk = cd2.cd_demo_sk and
       c_current_addr_sk = ca_address_sk and
       c_birth_month in (9,5,12,4,1,10) and
       d_year = 2001 and
       ca_state in ('ND','WI','AL'
                   ,'NC','OK','MS','TN')
 group by rollup (i_item_id, ca_country, ca_state, ca_county)
 order by ca_country,
        ca_state, 
        ca_county,
	i_item_id
 limit 100
PREHOOK: type: QUERY
POSTHOOK: query: explain
select  i_item_id,
        ca_country,
        ca_state, 
        ca_county,
        avg( cast(cs_quantity as decimal(12,2))) agg1,
        avg( cast(cs_list_price as decimal(12,2))) agg2,
        avg( cast(cs_coupon_amt as decimal(12,2))) agg3,
        avg( cast(cs_sales_price as decimal(12,2))) agg4,
        avg( cast(cs_net_profit as decimal(12,2))) agg5,
        avg( cast(c_birth_year as decimal(12,2))) agg6,
        avg( cast(cd1.cd_dep_count as decimal(12,2))) agg7
 from catalog_sales, customer_demographics cd1, 
      customer_demographics cd2, customer, customer_address, date_dim, item
 where cs_sold_date_sk = d_date_sk and
       cs_item_sk = i_item_sk and
       cs_bill_cdemo_sk = cd1.cd_demo_sk and
       cs_bill_customer_sk = c_customer_sk and
       cd1.cd_gender = 'M' and 
       cd1.cd_education_status = 'College' and
       c_current_cdemo_sk = cd2.cd_demo_sk and
       c_current_addr_sk = ca_address_sk and
       c_birth_month in (9,5,12,4,1,10) and
       d_year = 2001 and
       ca_state in ('ND','WI','AL'
                   ,'NC','OK','MS','TN')
 group by rollup (i_item_id, ca_country, ca_state, ca_county)
 order by ca_country,
        ca_state, 
        ca_county,
	i_item_id
 limit 100
POSTHOOK: type: QUERY
STAGE DEPENDENCIES:
  Stage-2 is a root stage
  Stage-1 depends on stages: Stage-2
  Stage-0 depends on stages: Stage-1

STAGE PLANS:
  Stage: Stage-2
    Spark
#### A masked pattern was here ####
      Vertices:
        Map 8 
            Map Operator Tree:
                TableScan
                  alias: cd1
                  Statistics: Num rows: 20191 Data size: 323062 Basic stats: COMPLETE Column stats: NONE
                  Filter Operator
                    predicate: (cd_demo_sk is not null and (cd_gender = 'M') and (cd_education_status = 'College')) (type: boolean)
                    Statistics: Num rows: 5047 Data size: 80753 Basic stats: COMPLETE Column stats: NONE
                    Spark HashTable Sink Operator
                      keys:
                        0 cs_bill_cdemo_sk (type: int)
                        1 cd_demo_sk (type: int)
            Local Work:
              Map Reduce Local Work
        Map 9 
            Map Operator Tree:
                TableScan
                  alias: cd2
                  Statistics: Num rows: 80765 Data size: 323062 Basic stats: COMPLETE Column stats: NONE
                  Filter Operator
                    predicate: cd_demo_sk is not null (type: boolean)
                    Statistics: Num rows: 80765 Data size: 323062 Basic stats: COMPLETE Column stats: NONE
                    Spark HashTable Sink Operator
                      keys:
                        0 
                        1 
            Local Work:
              Map Reduce Local Work

  Stage: Stage-1
    Spark
      Edges:
        Reducer 2 <- Map 1 (PARTITION-LEVEL SORT, 1009), Map 10 (PARTITION-LEVEL SORT, 1009)
        Reducer 3 <- Map 11 (PARTITION-LEVEL SORT, 1009), Reducer 2 (PARTITION-LEVEL SORT, 1009)
        Reducer 4 <- Map 12 (PARTITION-LEVEL SORT, 1009), Reducer 3 (PARTITION-LEVEL SORT, 1009)
        Reducer 5 <- Map 13 (PARTITION-LEVEL SORT, 1009), Reducer 4 (PARTITION-LEVEL SORT, 1009)
        Reducer 6 <- Reducer 5 (GROUP, 1009)
        Reducer 7 <- Reducer 6 (SORT, 1)
#### A masked pattern was here ####
      Vertices:
        Map 1 
            Map Operator Tree:
                TableScan
                  alias: catalog_sales
                  Statistics: Num rows: 287989836 Data size: 38999608952 Basic stats: COMPLETE Column stats: NONE
                  Filter Operator
                    predicate: (cs_bill_cdemo_sk is not null and cs_bill_customer_sk is not null and cs_sold_date_sk is not null and cs_item_sk is not null) (type: boolean)
                    Statistics: Num rows: 287989836 Data size: 38999608952 Basic stats: COMPLETE Column stats: NONE
                    Map Join Operator
                      condition map:
                           Inner Join 0 to 1
                      keys:
                        0 cs_bill_cdemo_sk (type: int)
                        1 cd_demo_sk (type: int)
                      outputColumnNames: _col0, _col3, _col4, _col15, _col18, _col20, _col21, _col27, _col33, _col37, _col43
                      input vertices:
                        1 Map 8
                      Statistics: Num rows: 316788826 Data size: 42899570777 Basic stats: COMPLETE Column stats: NONE
                      Map Join Operator
                        condition map:
                             Inner Join 0 to 1
                        keys:
                          0 
                          1 
                        outputColumnNames: _col0, _col3, _col4, _col15, _col18, _col20, _col21, _col27, _col33, _col37, _col43, _col49
                        input vertices:
                          1 Map 9
                        Statistics: Num rows: 25585449531890 Data size: 3592711715041507 Basic stats: COMPLETE Column stats: NONE
                        Reduce Output Operator
                          key expressions: _col3 (type: int), _col49 (type: int)
                          sort order: ++
                          Map-reduce partition columns: _col3 (type: int), _col49 (type: int)
                          Statistics: Num rows: 25585449531890 Data size: 3592711715041507 Basic stats: COMPLETE Column stats: NONE
                          value expressions: _col0 (type: int), _col4 (type: int), _col15 (type: int), _col18 (type: int), _col20 (type: decimal(7,2)), _col21 (type: decimal(7,2)), _col27 (type: decimal(7,2)), _col33 (type: decimal(7,2)), _col37 (type: int), _col43 (type: int)
            Local Work:
              Map Reduce Local Work
        Map 10 
            Map Operator Tree:
                TableScan
                  alias: customer
                  Statistics: Num rows: 80000000 Data size: 68801615852 Basic stats: COMPLETE Column stats: NONE
                  Filter Operator
                    predicate: (c_customer_sk is not null and c_current_cdemo_sk is not null and c_current_addr_sk is not null and (c_birth_month) IN (9, 5, 12, 4, 1, 10)) (type: boolean)
                    Statistics: Num rows: 40000000 Data size: 34400807926 Basic stats: COMPLETE Column stats: NONE
                    Reduce Output Operator
                      key expressions: c_customer_sk (type: int), c_current_cdemo_sk (type: int)
                      sort order: ++
                      Map-reduce partition columns: c_customer_sk (type: int), c_current_cdemo_sk (type: int)
                      Statistics: Num rows: 40000000 Data size: 34400807926 Basic stats: COMPLETE Column stats: NONE
                      value expressions: c_current_addr_sk (type: int), c_birth_year (type: int)
        Map 11 
            Map Operator Tree:
                TableScan
                  alias: customer_address
                  Statistics: Num rows: 40000000 Data size: 40595195284 Basic stats: COMPLETE Column stats: NONE
                  Filter Operator
                    predicate: (ca_address_sk is not null and (ca_state) IN ('ND', 'WI', 'AL', 'NC', 'OK', 'MS', 'TN')) (type: boolean)
                    Statistics: Num rows: 20000000 Data size: 20297597642 Basic stats: COMPLETE Column stats: NONE
                    Reduce Output Operator
                      key expressions: ca_address_sk (type: int)
                      sort order: +
                      Map-reduce partition columns: ca_address_sk (type: int)
                      Statistics: Num rows: 20000000 Data size: 20297597642 Basic stats: COMPLETE Column stats: NONE
                      value expressions: ca_county (type: string), ca_state (type: string), ca_country (type: string)
        Map 12 
            Map Operator Tree:
                TableScan
                  alias: date_dim
                  Statistics: Num rows: 73049 Data size: 81741831 Basic stats: COMPLETE Column stats: NONE
                  Filter Operator
                    predicate: (d_date_sk is not null and (d_year = 2001)) (type: boolean)
                    Statistics: Num rows: 36524 Data size: 40870356 Basic stats: COMPLETE Column stats: NONE
                    Reduce Output Operator
                      key expressions: d_date_sk (type: int)
                      sort order: +
                      Map-reduce partition columns: d_date_sk (type: int)
                      Statistics: Num rows: 36524 Data size: 40870356 Basic stats: COMPLETE Column stats: NONE
        Map 13 
            Map Operator Tree:
                TableScan
                  alias: item
                  Statistics: Num rows: 462000 Data size: 663560457 Basic stats: COMPLETE Column stats: NONE
                  Filter Operator
                    predicate: i_item_sk is not null (type: boolean)
                    Statistics: Num rows: 462000 Data size: 663560457 Basic stats: COMPLETE Column stats: NONE
                    Reduce Output Operator
                      key expressions: i_item_sk (type: int)
                      sort order: +
                      Map-reduce partition columns: i_item_sk (type: int)
                      Statistics: Num rows: 462000 Data size: 663560457 Basic stats: COMPLETE Column stats: NONE
                      value expressions: i_item_id (type: string)
        Reducer 2 
            Reduce Operator Tree:
              Join Operator
                condition map:
                     Inner Join 0 to 1
                keys:
                  0 _col3 (type: int), _col49 (type: int)
                  1 c_customer_sk (type: int), c_current_cdemo_sk (type: int)
                outputColumnNames: _col0, _col3, _col4, _col15, _col18, _col20, _col21, _col27, _col33, _col37, _col43, _col49, _col61, _col63, _col65, _col74
                Statistics: Num rows: 28143995095083 Data size: 3951982972202580 Basic stats: COMPLETE Column stats: NONE
                Reduce Output Operator
                  key expressions: _col65 (type: int)
                  sort order: +
                  Map-reduce partition columns: _col65 (type: int)
                  Statistics: Num rows: 28143995095083 Data size: 3951982972202580 Basic stats: COMPLETE Column stats: NONE
                  value expressions: _col0 (type: int), _col3 (type: int), _col4 (type: int), _col15 (type: int), _col18 (type: int), _col20 (type: decimal(7,2)), _col21 (type: decimal(7,2)), _col27 (type: decimal(7,2)), _col33 (type: decimal(7,2)), _col37 (type: int), _col43 (type: int), _col49 (type: int), _col61 (type: int), _col63 (type: int), _col74 (type: int)
        Reducer 3 
            Reduce Operator Tree:
              Join Operator
                condition map:
                     Inner Join 0 to 1
                keys:
                  0 _col65 (type: int)
                  1 ca_address_sk (type: int)
                outputColumnNames: _col0, _col3, _col4, _col15, _col18, _col20, _col21, _col27, _col33, _col37, _col43, _col49, _col61, _col63, _col65, _col74, _col82, _col89, _col90, _col92
                Statistics: Num rows: 30958395275596 Data size: 4347181363645454 Basic stats: COMPLETE Column stats: NONE
                Reduce Output Operator
                  key expressions: _col0 (type: int)
                  sort order: +
                  Map-reduce partition columns: _col0 (type: int)
                  Statistics: Num rows: 30958395275596 Data size: 4347181363645454 Basic stats: COMPLETE Column stats: NONE
                  value expressions: _col3 (type: int), _col4 (type: int), _col15 (type: int), _col18 (type: int), _col20 (type: decimal(7,2)), _col21 (type: decimal(7,2)), _col27 (type: decimal(7,2)), _col33 (type: decimal(7,2)), _col37 (type: int), _col43 (type: int), _col49 (type: int), _col61 (type: int), _col63 (type: int), _col65 (type: int), _col74 (type: int), _col82 (type: int), _col89 (type: string), _col90 (type: string), _col92 (type: string)
        Reducer 4 
            Reduce Operator Tree:
              Join Operator
                condition map:
                     Inner Join 0 to 1
                keys:
                  0 _col0 (type: int)
                  1 d_date_sk (type: int)
                outputColumnNames: _col0, _col3, _col4, _col15, _col18, _col20, _col21, _col27, _col33, _col37, _col43, _col49, _col61, _col63, _col65, _col74, _col82, _col89, _col90, _col92, _col98
                Statistics: Num rows: 34054235541261 Data size: 4781899603654880 Basic stats: COMPLETE Column stats: NONE
                Reduce Output Operator
                  key expressions: _col15 (type: int)
                  sort order: +
                  Map-reduce partition columns: _col15 (type: int)
                  Statistics: Num rows: 34054235541261 Data size: 4781899603654880 Basic stats: COMPLETE Column stats: NONE
                  value expressions: _col0 (type: int), _col3 (type: int), _col4 (type: int), _col18 (type: int), _col20 (type: decimal(7,2)), _col21 (type: decimal(7,2)), _col27 (type: decimal(7,2)), _col33 (type: decimal(7,2)), _col37 (type: int), _col43 (type: int), _col49 (type: int), _col61 (type: int), _col63 (type: int), _col65 (type: int), _col74 (type: int), _col82 (type: int), _col89 (type: string), _col90 (type: string), _col92 (type: string), _col98 (type: int)
        Reducer 5 
            Reduce Operator Tree:
              Join Operator
                condition map:
                     Inner Join 0 to 1
                keys:
                  0 _col15 (type: int)
                  1 i_item_sk (type: int)
                outputColumnNames: _col0, _col3, _col4, _col15, _col18, _col20, _col21, _col27, _col33, _col37, _col43, _col49, _col61, _col63, _col65, _col74, _col82, _col89, _col90, _col92, _col98, _col129, _col130
                Statistics: Num rows: 37459659907303 Data size: 5260089678029739 Basic stats: COMPLETE Column stats: NONE
                Filter Operator
                  predicate: ((_col0 = _col98) and (_col15 = _col129) and (_col4 = _col37) and (_col3 = _col61) and (_col63 = _col49) and (_col65 = _col82)) (type: boolean)
                  Statistics: Num rows: 585307186051 Data size: 82188901219129 Basic stats: COMPLETE Column stats: NONE
                  Select Operator
                    expressions: _col18 (type: int), _col20 (type: decimal(7,2)), _col21 (type: decimal(7,2)), _col27 (type: decimal(7,2)), _col33 (type: decimal(7,2)), _col43 (type: int), _col74 (type: int), _col89 (type: string), _col90 (type: string), _col92 (type: string), _col130 (type: string)
                    outputColumnNames: _col18, _col20, _col21, _col27, _col33, _col43, _col74, _col89, _col90, _col92, _col130
                    Statistics: Num rows: 585307186051 Data size: 82188901219129 Basic stats: COMPLETE Column stats: NONE
                    Group By Operator
                      aggregations: avg(CAST( _col18 AS decimal(12,2))), avg(CAST( _col20 AS decimal(12,2))), avg(CAST( _col27 AS decimal(12,2))), avg(CAST( _col21 AS decimal(12,2))), avg(CAST( _col33 AS decimal(12,2))), avg(CAST( _col74 AS decimal(12,2))), avg(CAST( _col43 AS decimal(12,2)))
                      keys: _col130 (type: string), _col92 (type: string), _col90 (type: string), _col89 (type: string), '0' (type: string)
                      mode: hash
                      outputColumnNames: _col0, _col1, _col2, _col3, _col4, _col5, _col6, _col7, _col8, _col9, _col10, _col11
                      Statistics: Num rows: 2926535930255 Data size: 410944506095645 Basic stats: COMPLETE Column stats: NONE
                      Reduce Output Operator
                        key expressions: _col0 (type: string), _col1 (type: string), _col2 (type: string), _col3 (type: string), _col4 (type: string)
                        sort order: +++++
                        Map-reduce partition columns: _col0 (type: string), _col1 (type: string), _col2 (type: string), _col3 (type: string), _col4 (type: string)
                        Statistics: Num rows: 2926535930255 Data size: 410944506095645 Basic stats: COMPLETE Column stats: NONE
                        value expressions: _col5 (type: struct<count:bigint,sum:decimal(22,2),input:decimal(12,2)>), _col6 (type: struct<count:bigint,sum:decimal(22,2),input:decimal(12,2)>), _col7 (type: struct<count:bigint,sum:decimal(22,2),input:decimal(12,2)>), _col8 (type: struct<count:bigint,sum:decimal(22,2),input:decimal(12,2)>), _col9 (type: struct<count:bigint,sum:decimal(22,2),input:decimal(12,2)>), _col10 (type: struct<count:bigint,sum:decimal(22,2),input:decimal(12,2)>), _col11 (type: struct<count:bigint,sum:decimal(22,2),input:decimal(12,2)>)
        Reducer 6 
            Reduce Operator Tree:
              Group By Operator
                aggregations: avg(VALUE._col0), avg(VALUE._col1), avg(VALUE._col2), avg(VALUE._col3), avg(VALUE._col4), avg(VALUE._col5), avg(VALUE._col6)
                keys: KEY._col0 (type: string), KEY._col1 (type: string), KEY._col2 (type: string), KEY._col3 (type: string), KEY._col4 (type: string)
                mode: mergepartial
                outputColumnNames: _col0, _col1, _col2, _col3, _col5, _col6, _col7, _col8, _col9, _col10, _col11
                Statistics: Num rows: 1463267965127 Data size: 205472253047752 Basic stats: COMPLETE Column stats: NONE
                pruneGroupingSetId: true
                Select Operator
                  expressions: _col0 (type: string), _col1 (type: string), _col2 (type: string), _col3 (type: string), _col5 (type: decimal(16,6)), _col6 (type: decimal(16,6)), _col7 (type: decimal(16,6)), _col8 (type: decimal(16,6)), _col9 (type: decimal(16,6)), _col10 (type: decimal(16,6)), _col11 (type: decimal(16,6))
                  outputColumnNames: _col0, _col1, _col2, _col3, _col4, _col5, _col6, _col7, _col8, _col9, _col10
                  Statistics: Num rows: 1463267965127 Data size: 205472253047752 Basic stats: COMPLETE Column stats: NONE
                  Reduce Output Operator
                    key expressions: _col1 (type: string), _col2 (type: string), _col3 (type: string), _col0 (type: string)
                    sort order: ++++
                    Statistics: Num rows: 1463267965127 Data size: 205472253047752 Basic stats: COMPLETE Column stats: NONE
                    TopN Hash Memory Usage: 0.1
                    value expressions: _col4 (type: decimal(16,6)), _col5 (type: decimal(16,6)), _col6 (type: decimal(16,6)), _col7 (type: decimal(16,6)), _col8 (type: decimal(16,6)), _col9 (type: decimal(16,6)), _col10 (type: decimal(16,6))
        Reducer 7 
            Reduce Operator Tree:
              Select Operator
                expressions: KEY.reducesinkkey3 (type: string), KEY.reducesinkkey0 (type: string), KEY.reducesinkkey1 (type: string), KEY.reducesinkkey2 (type: string), VALUE._col0 (type: decimal(16,6)), VALUE._col1 (type: decimal(16,6)), VALUE._col2 (type: decimal(16,6)), VALUE._col3 (type: decimal(16,6)), VALUE._col4 (type: decimal(16,6)), VALUE._col5 (type: decimal(16,6)), VALUE._col6 (type: decimal(16,6))
                outputColumnNames: _col0, _col1, _col2, _col3, _col4, _col5, _col6, _col7, _col8, _col9, _col10
                Statistics: Num rows: 1463267965127 Data size: 205472253047752 Basic stats: COMPLETE Column stats: NONE
                Limit
                  Number of rows: 100
                  Statistics: Num rows: 100 Data size: 14000 Basic stats: COMPLETE Column stats: NONE
                  File Output Operator
                    compressed: false
                    Statistics: Num rows: 100 Data size: 14000 Basic stats: COMPLETE Column stats: NONE
                    table:
                        input format: org.apache.hadoop.mapred.SequenceFileInputFormat
                        output format: org.apache.hadoop.hive.ql.io.HiveSequenceFileOutputFormat
                        serde: org.apache.hadoop.hive.serde2.lazy.LazySimpleSerDe

  Stage: Stage-0
    Fetch Operator
      limit: 100
      Processor Tree:
        ListSink

