PREHOOK: query: explain SELECT sum(case when ssci.customer_sk is not null and csci.customer_sk is null then 1 else 0 end) as store_only, sum(case when ssci.customer_sk is null and csci.customer_sk is not null then 1 else 0 end) as catalog_only, sum(case when ssci.customer_sk is not null and csci.customer_sk is not null then 1 else 0 end) as store_and_catalog FROM (SELECT ss.ss_customer_sk as customer_sk, ss.ss_item_sk as item_sk FROM store_sales ss JOIN date_dim d1 ON (ss.ss_sold_date_sk = d1.d_date_sk) WHERE d1.d_month_seq >= 1206 and d1.d_month_seq <= 1217 GROUP BY ss.ss_customer_sk, ss.ss_item_sk) ssci FULL OUTER JOIN (SELECT cs.cs_bill_customer_sk as customer_sk, cs.cs_item_sk as item_sk FROM catalog_sales cs JOIN date_dim d2 ON (cs.cs_sold_date_sk = d2.d_date_sk) WHERE d2.d_month_seq >= 1206 and d2.d_month_seq <= 1217 GROUP BY cs.cs_bill_customer_sk, cs.cs_item_sk) csci ON (ssci.customer_sk=csci.customer_sk and ssci.item_sk = csci.item_sk)
PREHOOK: type: QUERY
POSTHOOK: query: explain SELECT sum(case when ssci.customer_sk is not null and csci.customer_sk is null then 1 else 0 end) as store_only, sum(case when ssci.customer_sk is null and csci.customer_sk is not null then 1 else 0 end) as catalog_only, sum(case when ssci.customer_sk is not null and csci.customer_sk is not null then 1 else 0 end) as store_and_catalog FROM (SELECT ss.ss_customer_sk as customer_sk, ss.ss_item_sk as item_sk FROM store_sales ss JOIN date_dim d1 ON (ss.ss_sold_date_sk = d1.d_date_sk) WHERE d1.d_month_seq >= 1206 and d1.d_month_seq <= 1217 GROUP BY ss.ss_customer_sk, ss.ss_item_sk) ssci FULL OUTER JOIN (SELECT cs.cs_bill_customer_sk as customer_sk, cs.cs_item_sk as item_sk FROM catalog_sales cs JOIN date_dim d2 ON (cs.cs_sold_date_sk = d2.d_date_sk) WHERE d2.d_month_seq >= 1206 and d2.d_month_seq <= 1217 GROUP BY cs.cs_bill_customer_sk, cs.cs_item_sk) csci ON (ssci.customer_sk=csci.customer_sk and ssci.item_sk = csci.item_sk)
POSTHOOK: type: QUERY
STAGE DEPENDENCIES:
  Stage-2 is a root stage
  Stage-3 depends on stages: Stage-2
  Stage-1 depends on stages: Stage-3
  Stage-0 depends on stages: Stage-1

STAGE PLANS:
  Stage: Stage-2
    Spark
#### A masked pattern was here ####
      Vertices:
        Map 5 
            Map Operator Tree:
                TableScan
                  alias: d1
                  Statistics: Num rows: 73049 Data size: 81741831 Basic stats: COMPLETE Column stats: NONE
                  Filter Operator
                    predicate: ((d_month_seq >= 1206) and (d_month_seq <= 1217) and d_date_sk is not null) (type: boolean)
                    Statistics: Num rows: 8116 Data size: 9081804 Basic stats: COMPLETE Column stats: NONE
                    Select Operator
                      expressions: d_date_sk (type: int)
                      outputColumnNames: _col0
                      Statistics: Num rows: 8116 Data size: 9081804 Basic stats: COMPLETE Column stats: NONE
                      Spark HashTable Sink Operator
                        keys:
                          0 _col0 (type: int)
                          1 _col0 (type: int)
            Local Work:
              Map Reduce Local Work

  Stage: Stage-3
    Spark
#### A masked pattern was here ####
      Vertices:
        Map 8 
            Map Operator Tree:
                TableScan
                  alias: d1
                  Statistics: Num rows: 73049 Data size: 81741831 Basic stats: COMPLETE Column stats: NONE
                  Filter Operator
                    predicate: ((d_month_seq >= 1206) and (d_month_seq <= 1217) and d_date_sk is not null) (type: boolean)
                    Statistics: Num rows: 8116 Data size: 9081804 Basic stats: COMPLETE Column stats: NONE
                    Select Operator
                      expressions: d_date_sk (type: int)
                      outputColumnNames: _col0
                      Statistics: Num rows: 8116 Data size: 9081804 Basic stats: COMPLETE Column stats: NONE
                      Spark HashTable Sink Operator
                        keys:
                          0 _col0 (type: int)
                          1 _col0 (type: int)
            Local Work:
              Map Reduce Local Work

  Stage: Stage-1
    Spark
      Edges:
        Reducer 2 <- Map 1 (GROUP, 437)
        Reducer 7 <- Map 6 (GROUP, 336)
        Reducer 3 <- Reducer 2 (PARTITION-LEVEL SORT, 386), Reducer 7 (PARTITION-LEVEL SORT, 386)
        Reducer 4 <- Reducer 3 (GROUP, 1)
#### A masked pattern was here ####
      Vertices:
        Map 1 
            Map Operator Tree:
                TableScan
                  alias: ss
                  Statistics: Num rows: 575995635 Data size: 50814502088 Basic stats: COMPLETE Column stats: NONE
                  Filter Operator
                    predicate: ss_sold_date_sk is not null (type: boolean)
                    Statistics: Num rows: 575995635 Data size: 50814502088 Basic stats: COMPLETE Column stats: NONE
                    Select Operator
                      expressions: ss_sold_date_sk (type: int), ss_item_sk (type: int), ss_customer_sk (type: int)
                      outputColumnNames: _col0, _col1, _col2
                      Statistics: Num rows: 575995635 Data size: 50814502088 Basic stats: COMPLETE Column stats: NONE
                      Map Join Operator
                        condition map:
                             Inner Join 0 to 1
                        keys:
                          0 _col0 (type: int)
                          1 _col0 (type: int)
                        outputColumnNames: _col1, _col2
                        input vertices:
                          1 Map 5
                        Statistics: Num rows: 633595212 Data size: 55895953508 Basic stats: COMPLETE Column stats: NONE
                        Group By Operator
                          keys: _col2 (type: int), _col1 (type: int)
                          mode: hash
                          outputColumnNames: _col0, _col1
                          Statistics: Num rows: 633595212 Data size: 55895953508 Basic stats: COMPLETE Column stats: NONE
                          Reduce Output Operator
                            key expressions: _col0 (type: int), _col1 (type: int)
                            sort order: ++
                            Map-reduce partition columns: _col0 (type: int), _col1 (type: int)
                            Statistics: Num rows: 633595212 Data size: 55895953508 Basic stats: COMPLETE Column stats: NONE
            Local Work:
              Map Reduce Local Work
        Map 6 
            Map Operator Tree:
                TableScan
                  alias: cs
                  Statistics: Num rows: 287989836 Data size: 38999608952 Basic stats: COMPLETE Column stats: NONE
                  Filter Operator
                    predicate: cs_sold_date_sk is not null (type: boolean)
                    Statistics: Num rows: 287989836 Data size: 38999608952 Basic stats: COMPLETE Column stats: NONE
                    Select Operator
                      expressions: cs_sold_date_sk (type: int), cs_bill_customer_sk (type: int), cs_item_sk (type: int)
                      outputColumnNames: _col0, _col1, _col2
                      Statistics: Num rows: 287989836 Data size: 38999608952 Basic stats: COMPLETE Column stats: NONE
                      Map Join Operator
                        condition map:
                             Inner Join 0 to 1
                        keys:
                          0 _col0 (type: int)
                          1 _col0 (type: int)
                        outputColumnNames: _col1, _col2
                        input vertices:
                          1 Map 8
                        Statistics: Num rows: 316788826 Data size: 42899570777 Basic stats: COMPLETE Column stats: NONE
                        Group By Operator
                          keys: _col1 (type: int), _col2 (type: int)
                          mode: hash
                          outputColumnNames: _col0, _col1
                          Statistics: Num rows: 316788826 Data size: 42899570777 Basic stats: COMPLETE Column stats: NONE
                          Reduce Output Operator
                            key expressions: _col0 (type: int), _col1 (type: int)
                            sort order: ++
                            Map-reduce partition columns: _col0 (type: int), _col1 (type: int)
                            Statistics: Num rows: 316788826 Data size: 42899570777 Basic stats: COMPLETE Column stats: NONE
            Local Work:
              Map Reduce Local Work
        Reducer 2 
            Reduce Operator Tree:
              Group By Operator
                keys: KEY._col0 (type: int), KEY._col1 (type: int)
                mode: mergepartial
                outputColumnNames: _col0, _col1
                Statistics: Num rows: 316797606 Data size: 27947976754 Basic stats: COMPLETE Column stats: NONE
                Reduce Output Operator
                  key expressions: _col0 (type: int), _col1 (type: int)
                  sort order: ++
                  Map-reduce partition columns: _col0 (type: int), _col1 (type: int)
                  Statistics: Num rows: 316797606 Data size: 27947976754 Basic stats: COMPLETE Column stats: NONE
        Reducer 3 
            Reduce Operator Tree:
              Join Operator
                condition map:
                     Outer Join 0 to 1
                keys:
                  0 _col0 (type: int), _col1 (type: int)
                  1 _col0 (type: int), _col1 (type: int)
                outputColumnNames: _col0, _col2
                Statistics: Num rows: 348477374 Data size: 30742775095 Basic stats: COMPLETE Column stats: NONE
                Select Operator
                  expressions: CASE WHEN ((_col0 is not null and _col2 is null)) THEN (1) ELSE (0) END (type: int), CASE WHEN ((_col0 is null and _col2 is not null)) THEN (1) ELSE (0) END (type: int), CASE WHEN ((_col0 is not null and _col2 is not null)) THEN (1) ELSE (0) END (type: int)
                  outputColumnNames: _col0, _col1, _col2
                  Statistics: Num rows: 348477374 Data size: 30742775095 Basic stats: COMPLETE Column stats: NONE
                  Group By Operator
                    aggregations: sum(_col0), sum(_col1), sum(_col2)
                    mode: hash
                    outputColumnNames: _col0, _col1, _col2
                    Statistics: Num rows: 1 Data size: 24 Basic stats: COMPLETE Column stats: NONE
                    Reduce Output Operator
                      sort order: 
                      Statistics: Num rows: 1 Data size: 24 Basic stats: COMPLETE Column stats: NONE
                      value expressions: _col0 (type: bigint), _col1 (type: bigint), _col2 (type: bigint)
        Reducer 4 
            Reduce Operator Tree:
              Group By Operator
                aggregations: sum(VALUE._col0), sum(VALUE._col1), sum(VALUE._col2)
                mode: mergepartial
                outputColumnNames: _col0, _col1, _col2
                Statistics: Num rows: 1 Data size: 24 Basic stats: COMPLETE Column stats: NONE
                File Output Operator
                  compressed: false
                  Statistics: Num rows: 1 Data size: 24 Basic stats: COMPLETE Column stats: NONE
                  table:
                      input format: org.apache.hadoop.mapred.SequenceFileInputFormat
                      output format: org.apache.hadoop.hive.ql.io.HiveSequenceFileOutputFormat
                      serde: org.apache.hadoop.hive.serde2.lazy.LazySimpleSerDe
        Reducer 7 
            Reduce Operator Tree:
              Group By Operator
                keys: KEY._col0 (type: int), KEY._col1 (type: int)
                mode: mergepartial
                outputColumnNames: _col0, _col1
                Statistics: Num rows: 158394413 Data size: 21449785388 Basic stats: COMPLETE Column stats: NONE
                Reduce Output Operator
                  key expressions: _col0 (type: int), _col1 (type: int)
                  sort order: ++
                  Map-reduce partition columns: _col0 (type: int), _col1 (type: int)
                  Statistics: Num rows: 158394413 Data size: 21449785388 Basic stats: COMPLETE Column stats: NONE

  Stage: Stage-0
    Fetch Operator
      limit: -1
      Processor Tree:
        ListSink

