PREHOOK: query: explain with ss as (select ca_county,d_qoy, d_year,sum(ss_ext_sales_price) as store_sales from store_sales,date_dim,customer_address where ss_sold_date_sk = d_date_sk and ss_addr_sk=ca_address_sk group by ca_county,d_qoy, d_year), ws as (select ca_county,d_qoy, d_year,sum(ws_ext_sales_price) as web_sales from web_sales,date_dim,customer_address where ws_sold_date_sk = d_date_sk and ws_bill_addr_sk=ca_address_sk group by ca_county,d_qoy, d_year) select ss1.ca_county ,ss1.d_year ,ws2.web_sales/ws1.web_sales web_q1_q2_increase ,ss2.store_sales/ss1.store_sales store_q1_q2_increase ,ws3.web_sales/ws2.web_sales web_q2_q3_increase ,ss3.store_sales/ss2.store_sales store_q2_q3_increase from ss ss1 ,ss ss2 ,ss ss3 ,ws ws1 ,ws ws2 ,ws ws3 where ss1.d_qoy = 1 and ss1.d_year = 1998 and ss1.ca_county = ss2.ca_county and ss2.d_qoy = 2 and ss2.d_year = 1998 and ss2.ca_county = ss3.ca_county and ss3.d_qoy = 3 and ss3.d_year = 1998 and ss1.ca_county = ws1.ca_county and ws1.d_qoy = 1 and ws1.d_year = 1998 and ws1.ca_county = ws2.ca_county and ws2.d_qoy = 2 and ws2.d_year = 1998 and ws1.ca_county = ws3.ca_county and ws3.d_qoy = 3 and ws3.d_year =1998 and case when ws1.web_sales > 0 then ws2.web_sales/ws1.web_sales else null end > case when ss1.store_sales > 0 then ss2.store_sales/ss1.store_sales else null end and case when ws2.web_sales > 0 then ws3.web_sales/ws2.web_sales else null end > case when ss2.store_sales > 0 then ss3.store_sales/ss2.store_sales else null end order by web_q1_q2_increase
PREHOOK: type: QUERY
POSTHOOK: query: explain with ss as (select ca_county,d_qoy, d_year,sum(ss_ext_sales_price) as store_sales from store_sales,date_dim,customer_address where ss_sold_date_sk = d_date_sk and ss_addr_sk=ca_address_sk group by ca_county,d_qoy, d_year), ws as (select ca_county,d_qoy, d_year,sum(ws_ext_sales_price) as web_sales from web_sales,date_dim,customer_address where ws_sold_date_sk = d_date_sk and ws_bill_addr_sk=ca_address_sk group by ca_county,d_qoy, d_year) select ss1.ca_county ,ss1.d_year ,ws2.web_sales/ws1.web_sales web_q1_q2_increase ,ss2.store_sales/ss1.store_sales store_q1_q2_increase ,ws3.web_sales/ws2.web_sales web_q2_q3_increase ,ss3.store_sales/ss2.store_sales store_q2_q3_increase from ss ss1 ,ss ss2 ,ss ss3 ,ws ws1 ,ws ws2 ,ws ws3 where ss1.d_qoy = 1 and ss1.d_year = 1998 and ss1.ca_county = ss2.ca_county and ss2.d_qoy = 2 and ss2.d_year = 1998 and ss2.ca_county = ss3.ca_county and ss3.d_qoy = 3 and ss3.d_year = 1998 and ss1.ca_county = ws1.ca_county and ws1.d_qoy = 1 and ws1.d_year = 1998 and ws1.ca_county = ws2.ca_county and ws2.d_qoy = 2 and ws2.d_year = 1998 and ws1.ca_county = ws3.ca_county and ws3.d_qoy = 3 and ws3.d_year =1998 and case when ws1.web_sales > 0 then ws2.web_sales/ws1.web_sales else null end > case when ss1.store_sales > 0 then ss2.store_sales/ss1.store_sales else null end and case when ws2.web_sales > 0 then ws3.web_sales/ws2.web_sales else null end > case when ss2.store_sales > 0 then ss3.store_sales/ss2.store_sales else null end order by web_q1_q2_increase
POSTHOOK: type: QUERY
STAGE DEPENDENCIES:
  Stage-1 is a root stage
  Stage-0 depends on stages: Stage-1

STAGE PLANS:
  Stage: Stage-1
    Spark
      Edges:
        Reducer 10 <- Map 1 (PARTITION-LEVEL SORT, 398), Map 13 (PARTITION-LEVEL SORT, 398)
        Reducer 11 <- Map 14 (PARTITION-LEVEL SORT, 754), Reducer 10 (PARTITION-LEVEL SORT, 754)
        Reducer 16 <- Map 1 (PARTITION-LEVEL SORT, 398), Map 19 (PARTITION-LEVEL SORT, 398)
        Reducer 17 <- Map 14 (PARTITION-LEVEL SORT, 754), Reducer 16 (PARTITION-LEVEL SORT, 754)
        Reducer 2 <- Map 1 (PARTITION-LEVEL SORT, 398), Map 25 (PARTITION-LEVEL SORT, 398)
        Reducer 22 <- Map 21 (PARTITION-LEVEL SORT, 154), Map 25 (PARTITION-LEVEL SORT, 154)
        Reducer 23 <- Map 14 (PARTITION-LEVEL SORT, 486), Reducer 22 (PARTITION-LEVEL SORT, 486)
        Reducer 28 <- Map 13 (PARTITION-LEVEL SORT, 154), Map 21 (PARTITION-LEVEL SORT, 154)
        Reducer 29 <- Map 14 (PARTITION-LEVEL SORT, 486), Reducer 28 (PARTITION-LEVEL SORT, 486)
        Reducer 3 <- Map 14 (PARTITION-LEVEL SORT, 754), Reducer 2 (PARTITION-LEVEL SORT, 754)
        Reducer 34 <- Map 19 (PARTITION-LEVEL SORT, 154), Map 21 (PARTITION-LEVEL SORT, 154)
        Reducer 35 <- Map 14 (PARTITION-LEVEL SORT, 486), Reducer 34 (PARTITION-LEVEL SORT, 486)
        Reducer 12 <- Reducer 11 (GROUP, 121)
        Reducer 18 <- Reducer 17 (GROUP, 121)
        Reducer 24 <- Reducer 23 (GROUP, 47)
        Reducer 30 <- Reducer 29 (GROUP, 47)
        Reducer 36 <- Reducer 35 (GROUP, 47)
        Reducer 4 <- Reducer 3 (GROUP, 121)
        Reducer 5 <- Reducer 12 (PARTITION-LEVEL SORT, 250), Reducer 18 (PARTITION-LEVEL SORT, 250), Reducer 24 (PARTITION-LEVEL SORT, 250), Reducer 30 (PARTITION-LEVEL SORT, 250), Reducer 36 (PARTITION-LEVEL SORT, 250), Reducer 4 (PARTITION-LEVEL SORT, 250)
        Reducer 6 <- Reducer 5 (SORT, 1)
#### A masked pattern was here ####
      Vertices:
        Map 1 
            Map Operator Tree:
                TableScan
                  alias: store_sales
                  Statistics: Num rows: 575995635 Data size: 50814502088 Basic stats: COMPLETE Column stats: NONE
                  Filter Operator
                    predicate: (ss_sold_date_sk is not null and ss_addr_sk is not null) (type: boolean)
                    Statistics: Num rows: 575995635 Data size: 50814502088 Basic stats: COMPLETE Column stats: NONE
                    Reduce Output Operator
                      key expressions: ss_sold_date_sk (type: int)
                      sort order: +
                      Map-reduce partition columns: ss_sold_date_sk (type: int)
                      Statistics: Num rows: 575995635 Data size: 50814502088 Basic stats: COMPLETE Column stats: NONE
                      value expressions: ss_addr_sk (type: int), ss_ext_sales_price (type: decimal(7,2))
        Map 13 
            Map Operator Tree:
                TableScan
                  alias: date_dim
                  Statistics: Num rows: 73049 Data size: 81741831 Basic stats: COMPLETE Column stats: NONE
                  Filter Operator
                    predicate: (d_date_sk is not null and (d_qoy = 2) and (d_year = 1998)) (type: boolean)
                    Statistics: Num rows: 18262 Data size: 20435178 Basic stats: COMPLETE Column stats: NONE
                    Reduce Output Operator
                      key expressions: d_date_sk (type: int)
                      sort order: +
                      Map-reduce partition columns: d_date_sk (type: int)
                      Statistics: Num rows: 18262 Data size: 20435178 Basic stats: COMPLETE Column stats: NONE
        Map 14 
            Map Operator Tree:
                TableScan
                  alias: customer_address
                  Statistics: Num rows: 40000000 Data size: 40595195284 Basic stats: COMPLETE Column stats: NONE
                  Filter Operator
                    predicate: (ca_address_sk is not null and ca_county is not null) (type: boolean)
                    Statistics: Num rows: 40000000 Data size: 40595195284 Basic stats: COMPLETE Column stats: NONE
                    Reduce Output Operator
                      key expressions: ca_address_sk (type: int)
                      sort order: +
                      Map-reduce partition columns: ca_address_sk (type: int)
                      Statistics: Num rows: 40000000 Data size: 40595195284 Basic stats: COMPLETE Column stats: NONE
                      value expressions: ca_county (type: string)
        Map 19 
            Map Operator Tree:
                TableScan
                  alias: date_dim
                  Statistics: Num rows: 73049 Data size: 81741831 Basic stats: COMPLETE Column stats: NONE
                  Filter Operator
                    predicate: (d_date_sk is not null and (d_qoy = 3) and (d_year = 1998)) (type: boolean)
                    Statistics: Num rows: 18262 Data size: 20435178 Basic stats: COMPLETE Column stats: NONE
                    Reduce Output Operator
                      key expressions: d_date_sk (type: int)
                      sort order: +
                      Map-reduce partition columns: d_date_sk (type: int)
                      Statistics: Num rows: 18262 Data size: 20435178 Basic stats: COMPLETE Column stats: NONE
        Map 21 
            Map Operator Tree:
                TableScan
                  alias: web_sales
                  Statistics: Num rows: 144002668 Data size: 19580198212 Basic stats: COMPLETE Column stats: NONE
                  Filter Operator
                    predicate: (ws_sold_date_sk is not null and ws_bill_addr_sk is not null) (type: boolean)
                    Statistics: Num rows: 144002668 Data size: 19580198212 Basic stats: COMPLETE Column stats: NONE
                    Reduce Output Operator
                      key expressions: ws_sold_date_sk (type: int)
                      sort order: +
                      Map-reduce partition columns: ws_sold_date_sk (type: int)
                      Statistics: Num rows: 144002668 Data size: 19580198212 Basic stats: COMPLETE Column stats: NONE
                      value expressions: ws_bill_addr_sk (type: int), ws_ext_sales_price (type: decimal(7,2))
        Map 25 
            Map Operator Tree:
                TableScan
                  alias: date_dim
                  Statistics: Num rows: 73049 Data size: 81741831 Basic stats: COMPLETE Column stats: NONE
                  Filter Operator
                    predicate: (d_date_sk is not null and (d_qoy = 1) and (d_year = 1998)) (type: boolean)
                    Statistics: Num rows: 18262 Data size: 20435178 Basic stats: COMPLETE Column stats: NONE
                    Reduce Output Operator
                      key expressions: d_date_sk (type: int)
                      sort order: +
                      Map-reduce partition columns: d_date_sk (type: int)
                      Statistics: Num rows: 18262 Data size: 20435178 Basic stats: COMPLETE Column stats: NONE
        Reducer 10 
            Reduce Operator Tree:
              Join Operator
                condition map:
                     Inner Join 0 to 1
                keys:
                  0 ss_sold_date_sk (type: int)
                  1 d_date_sk (type: int)
                outputColumnNames: _col0, _col6, _col15, _col26
                Statistics: Num rows: 633595212 Data size: 55895953508 Basic stats: COMPLETE Column stats: NONE
                Reduce Output Operator
                  key expressions: _col6 (type: int)
                  sort order: +
                  Map-reduce partition columns: _col6 (type: int)
                  Statistics: Num rows: 633595212 Data size: 55895953508 Basic stats: COMPLETE Column stats: NONE
                  value expressions: _col0 (type: int), _col15 (type: decimal(7,2)), _col26 (type: int)
        Reducer 11 
            Reduce Operator Tree:
              Join Operator
                condition map:
                     Inner Join 0 to 1
                keys:
                  0 _col6 (type: int)
                  1 ca_address_sk (type: int)
                outputColumnNames: _col0, _col6, _col15, _col26, _col57, _col64
                Statistics: Num rows: 696954748 Data size: 61485550191 Basic stats: COMPLETE Column stats: NONE
                Filter Operator
                  predicate: ((_col0 = _col26) and (_col6 = _col57)) (type: boolean)
                  Statistics: Num rows: 174238687 Data size: 15371387547 Basic stats: COMPLETE Column stats: NONE
                  Select Operator
                    expressions: _col15 (type: decimal(7,2)), _col64 (type: string)
                    outputColumnNames: _col15, _col64
                    Statistics: Num rows: 174238687 Data size: 15371387547 Basic stats: COMPLETE Column stats: NONE
                    Group By Operator
                      aggregations: sum(_col15)
                      keys: _col64 (type: string), 2 (type: int), 1998 (type: int)
                      mode: hash
                      outputColumnNames: _col0, _col1, _col2, _col3
                      Statistics: Num rows: 174238687 Data size: 15371387547 Basic stats: COMPLETE Column stats: NONE
                      Reduce Output Operator
                        key expressions: _col0 (type: string), 2 (type: int), 1998 (type: int)
                        sort order: +++
                        Map-reduce partition columns: _col0 (type: string), 2 (type: int), 1998 (type: int)
                        Statistics: Num rows: 174238687 Data size: 15371387547 Basic stats: COMPLETE Column stats: NONE
                        value expressions: _col3 (type: decimal(17,2))
        Reducer 12 
            Reduce Operator Tree:
              Group By Operator
                aggregations: sum(VALUE._col0)
                keys: KEY._col0 (type: string), 2 (type: int), 1998 (type: int)
                mode: mergepartial
                outputColumnNames: _col0, _col1, _col2, _col3
                Statistics: Num rows: 87119343 Data size: 7685693729 Basic stats: COMPLETE Column stats: NONE
                Select Operator
                  expressions: _col0 (type: string), _col3 (type: decimal(17,2))
                  outputColumnNames: _col0, _col3
                  Statistics: Num rows: 87119343 Data size: 7685693729 Basic stats: COMPLETE Column stats: NONE
                  Reduce Output Operator
                    key expressions: _col0 (type: string)
                    sort order: +
                    Map-reduce partition columns: _col0 (type: string)
                    Statistics: Num rows: 87119343 Data size: 7685693729 Basic stats: COMPLETE Column stats: NONE
                    value expressions: _col3 (type: decimal(17,2))
        Reducer 16 
            Reduce Operator Tree:
              Join Operator
                condition map:
                     Inner Join 0 to 1
                keys:
                  0 ss_sold_date_sk (type: int)
                  1 d_date_sk (type: int)
                outputColumnNames: _col0, _col6, _col15, _col26
                Statistics: Num rows: 633595212 Data size: 55895953508 Basic stats: COMPLETE Column stats: NONE
                Reduce Output Operator
                  key expressions: _col6 (type: int)
                  sort order: +
                  Map-reduce partition columns: _col6 (type: int)
                  Statistics: Num rows: 633595212 Data size: 55895953508 Basic stats: COMPLETE Column stats: NONE
                  value expressions: _col0 (type: int), _col15 (type: decimal(7,2)), _col26 (type: int)
        Reducer 17 
            Reduce Operator Tree:
              Join Operator
                condition map:
                     Inner Join 0 to 1
                keys:
                  0 _col6 (type: int)
                  1 ca_address_sk (type: int)
                outputColumnNames: _col0, _col6, _col15, _col26, _col57, _col64
                Statistics: Num rows: 696954748 Data size: 61485550191 Basic stats: COMPLETE Column stats: NONE
                Filter Operator
                  predicate: ((_col0 = _col26) and (_col6 = _col57)) (type: boolean)
                  Statistics: Num rows: 174238687 Data size: 15371387547 Basic stats: COMPLETE Column stats: NONE
                  Select Operator
                    expressions: _col15 (type: decimal(7,2)), _col64 (type: string)
                    outputColumnNames: _col15, _col64
                    Statistics: Num rows: 174238687 Data size: 15371387547 Basic stats: COMPLETE Column stats: NONE
                    Group By Operator
                      aggregations: sum(_col15)
                      keys: _col64 (type: string), 3 (type: int), 1998 (type: int)
                      mode: hash
                      outputColumnNames: _col0, _col1, _col2, _col3
                      Statistics: Num rows: 174238687 Data size: 15371387547 Basic stats: COMPLETE Column stats: NONE
                      Reduce Output Operator
                        key expressions: _col0 (type: string), 3 (type: int), 1998 (type: int)
                        sort order: +++
                        Map-reduce partition columns: _col0 (type: string), 3 (type: int), 1998 (type: int)
                        Statistics: Num rows: 174238687 Data size: 15371387547 Basic stats: COMPLETE Column stats: NONE
                        value expressions: _col3 (type: decimal(17,2))
        Reducer 18 
            Reduce Operator Tree:
              Group By Operator
                aggregations: sum(VALUE._col0)
                keys: KEY._col0 (type: string), 3 (type: int), 1998 (type: int)
                mode: mergepartial
                outputColumnNames: _col0, _col1, _col2, _col3
                Statistics: Num rows: 87119343 Data size: 7685693729 Basic stats: COMPLETE Column stats: NONE
                Select Operator
                  expressions: _col0 (type: string), _col3 (type: decimal(17,2))
                  outputColumnNames: _col0, _col3
                  Statistics: Num rows: 87119343 Data size: 7685693729 Basic stats: COMPLETE Column stats: NONE
                  Reduce Output Operator
                    key expressions: _col0 (type: string)
                    sort order: +
                    Map-reduce partition columns: _col0 (type: string)
                    Statistics: Num rows: 87119343 Data size: 7685693729 Basic stats: COMPLETE Column stats: NONE
                    value expressions: _col3 (type: decimal(17,2))
        Reducer 2 
            Reduce Operator Tree:
              Join Operator
                condition map:
                     Inner Join 0 to 1
                keys:
                  0 ss_sold_date_sk (type: int)
                  1 d_date_sk (type: int)
                outputColumnNames: _col0, _col6, _col15, _col26
                Statistics: Num rows: 633595212 Data size: 55895953508 Basic stats: COMPLETE Column stats: NONE
                Reduce Output Operator
                  key expressions: _col6 (type: int)
                  sort order: +
                  Map-reduce partition columns: _col6 (type: int)
                  Statistics: Num rows: 633595212 Data size: 55895953508 Basic stats: COMPLETE Column stats: NONE
                  value expressions: _col0 (type: int), _col15 (type: decimal(7,2)), _col26 (type: int)
        Reducer 22 
            Reduce Operator Tree:
              Join Operator
                condition map:
                     Inner Join 0 to 1
                keys:
                  0 ws_sold_date_sk (type: int)
                  1 d_date_sk (type: int)
                outputColumnNames: _col0, _col7, _col23, _col37
                Statistics: Num rows: 158402938 Data size: 21538218500 Basic stats: COMPLETE Column stats: NONE
                Reduce Output Operator
                  key expressions: _col7 (type: int)
                  sort order: +
                  Map-reduce partition columns: _col7 (type: int)
                  Statistics: Num rows: 158402938 Data size: 21538218500 Basic stats: COMPLETE Column stats: NONE
                  value expressions: _col0 (type: int), _col23 (type: decimal(7,2)), _col37 (type: int)
        Reducer 23 
            Reduce Operator Tree:
              Join Operator
                condition map:
                     Inner Join 0 to 1
                keys:
                  0 _col7 (type: int)
                  1 ca_address_sk (type: int)
                outputColumnNames: _col0, _col7, _col23, _col37, _col68, _col75
                Statistics: Num rows: 174243235 Data size: 23692040863 Basic stats: COMPLETE Column stats: NONE
                Filter Operator
                  predicate: ((_col0 = _col37) and (_col7 = _col68)) (type: boolean)
                  Statistics: Num rows: 43560808 Data size: 5923010113 Basic stats: COMPLETE Column stats: NONE
                  Select Operator
                    expressions: _col23 (type: decimal(7,2)), _col75 (type: string)
                    outputColumnNames: _col23, _col75
                    Statistics: Num rows: 43560808 Data size: 5923010113 Basic stats: COMPLETE Column stats: NONE
                    Group By Operator
                      aggregations: sum(_col23)
                      keys: _col75 (type: string), 1 (type: int), 1998 (type: int)
                      mode: hash
                      outputColumnNames: _col0, _col1, _col2, _col3
                      Statistics: Num rows: 43560808 Data size: 5923010113 Basic stats: COMPLETE Column stats: NONE
                      Reduce Output Operator
                        key expressions: _col0 (type: string), 1 (type: int), 1998 (type: int)
                        sort order: +++
                        Map-reduce partition columns: _col0 (type: string), 1 (type: int), 1998 (type: int)
                        Statistics: Num rows: 43560808 Data size: 5923010113 Basic stats: COMPLETE Column stats: NONE
                        value expressions: _col3 (type: decimal(17,2))
        Reducer 24 
            Reduce Operator Tree:
              Group By Operator
                aggregations: sum(VALUE._col0)
                keys: KEY._col0 (type: string), 1 (type: int), 1998 (type: int)
                mode: mergepartial
                outputColumnNames: _col0, _col1, _col2, _col3
                Statistics: Num rows: 21780404 Data size: 2961505056 Basic stats: COMPLETE Column stats: NONE
                Select Operator
                  expressions: _col0 (type: string), _col3 (type: decimal(17,2))
                  outputColumnNames: _col0, _col3
                  Statistics: Num rows: 21780404 Data size: 2961505056 Basic stats: COMPLETE Column stats: NONE
                  Reduce Output Operator
                    key expressions: _col0 (type: string)
                    sort order: +
                    Map-reduce partition columns: _col0 (type: string)
                    Statistics: Num rows: 21780404 Data size: 2961505056 Basic stats: COMPLETE Column stats: NONE
                    value expressions: _col3 (type: decimal(17,2))
        Reducer 28 
            Reduce Operator Tree:
              Join Operator
                condition map:
                     Inner Join 0 to 1
                keys:
                  0 ws_sold_date_sk (type: int)
                  1 d_date_sk (type: int)
                outputColumnNames: _col0, _col7, _col23, _col37
                Statistics: Num rows: 158402938 Data size: 21538218500 Basic stats: COMPLETE Column stats: NONE
                Reduce Output Operator
                  key expressions: _col7 (type: int)
                  sort order: +
                  Map-reduce partition columns: _col7 (type: int)
                  Statistics: Num rows: 158402938 Data size: 21538218500 Basic stats: COMPLETE Column stats: NONE
                  value expressions: _col0 (type: int), _col23 (type: decimal(7,2)), _col37 (type: int)
        Reducer 29 
            Reduce Operator Tree:
              Join Operator
                condition map:
                     Inner Join 0 to 1
                keys:
                  0 _col7 (type: int)
                  1 ca_address_sk (type: int)
                outputColumnNames: _col0, _col7, _col23, _col37, _col68, _col75
                Statistics: Num rows: 174243235 Data size: 23692040863 Basic stats: COMPLETE Column stats: NONE
                Filter Operator
                  predicate: ((_col0 = _col37) and (_col7 = _col68)) (type: boolean)
                  Statistics: Num rows: 43560808 Data size: 5923010113 Basic stats: COMPLETE Column stats: NONE
                  Select Operator
                    expressions: _col23 (type: decimal(7,2)), _col75 (type: string)
                    outputColumnNames: _col23, _col75
                    Statistics: Num rows: 43560808 Data size: 5923010113 Basic stats: COMPLETE Column stats: NONE
                    Group By Operator
                      aggregations: sum(_col23)
                      keys: _col75 (type: string), 2 (type: int), 1998 (type: int)
                      mode: hash
                      outputColumnNames: _col0, _col1, _col2, _col3
                      Statistics: Num rows: 43560808 Data size: 5923010113 Basic stats: COMPLETE Column stats: NONE
                      Reduce Output Operator
                        key expressions: _col0 (type: string), 2 (type: int), 1998 (type: int)
                        sort order: +++
                        Map-reduce partition columns: _col0 (type: string), 2 (type: int), 1998 (type: int)
                        Statistics: Num rows: 43560808 Data size: 5923010113 Basic stats: COMPLETE Column stats: NONE
                        value expressions: _col3 (type: decimal(17,2))
        Reducer 3 
            Reduce Operator Tree:
              Join Operator
                condition map:
                     Inner Join 0 to 1
                keys:
                  0 _col6 (type: int)
                  1 ca_address_sk (type: int)
                outputColumnNames: _col0, _col6, _col15, _col26, _col57, _col64
                Statistics: Num rows: 696954748 Data size: 61485550191 Basic stats: COMPLETE Column stats: NONE
                Filter Operator
                  predicate: ((_col0 = _col26) and (_col6 = _col57)) (type: boolean)
                  Statistics: Num rows: 174238687 Data size: 15371387547 Basic stats: COMPLETE Column stats: NONE
                  Select Operator
                    expressions: _col15 (type: decimal(7,2)), _col64 (type: string)
                    outputColumnNames: _col15, _col64
                    Statistics: Num rows: 174238687 Data size: 15371387547 Basic stats: COMPLETE Column stats: NONE
                    Group By Operator
                      aggregations: sum(_col15)
                      keys: _col64 (type: string), 1 (type: int), 1998 (type: int)
                      mode: hash
                      outputColumnNames: _col0, _col1, _col2, _col3
                      Statistics: Num rows: 174238687 Data size: 15371387547 Basic stats: COMPLETE Column stats: NONE
                      Reduce Output Operator
                        key expressions: _col0 (type: string), 1 (type: int), 1998 (type: int)
                        sort order: +++
                        Map-reduce partition columns: _col0 (type: string), 1 (type: int), 1998 (type: int)
                        Statistics: Num rows: 174238687 Data size: 15371387547 Basic stats: COMPLETE Column stats: NONE
                        value expressions: _col3 (type: decimal(17,2))
        Reducer 30 
            Reduce Operator Tree:
              Group By Operator
                aggregations: sum(VALUE._col0)
                keys: KEY._col0 (type: string), 2 (type: int), 1998 (type: int)
                mode: mergepartial
                outputColumnNames: _col0, _col1, _col2, _col3
                Statistics: Num rows: 21780404 Data size: 2961505056 Basic stats: COMPLETE Column stats: NONE
                Select Operator
                  expressions: _col0 (type: string), _col3 (type: decimal(17,2))
                  outputColumnNames: _col0, _col3
                  Statistics: Num rows: 21780404 Data size: 2961505056 Basic stats: COMPLETE Column stats: NONE
                  Reduce Output Operator
                    key expressions: _col0 (type: string)
                    sort order: +
                    Map-reduce partition columns: _col0 (type: string)
                    Statistics: Num rows: 21780404 Data size: 2961505056 Basic stats: COMPLETE Column stats: NONE
                    value expressions: _col3 (type: decimal(17,2))
        Reducer 34 
            Reduce Operator Tree:
              Join Operator
                condition map:
                     Inner Join 0 to 1
                keys:
                  0 ws_sold_date_sk (type: int)
                  1 d_date_sk (type: int)
                outputColumnNames: _col0, _col7, _col23, _col37
                Statistics: Num rows: 158402938 Data size: 21538218500 Basic stats: COMPLETE Column stats: NONE
                Reduce Output Operator
                  key expressions: _col7 (type: int)
                  sort order: +
                  Map-reduce partition columns: _col7 (type: int)
                  Statistics: Num rows: 158402938 Data size: 21538218500 Basic stats: COMPLETE Column stats: NONE
                  value expressions: _col0 (type: int), _col23 (type: decimal(7,2)), _col37 (type: int)
        Reducer 35 
            Reduce Operator Tree:
              Join Operator
                condition map:
                     Inner Join 0 to 1
                keys:
                  0 _col7 (type: int)
                  1 ca_address_sk (type: int)
                outputColumnNames: _col0, _col7, _col23, _col37, _col68, _col75
                Statistics: Num rows: 174243235 Data size: 23692040863 Basic stats: COMPLETE Column stats: NONE
                Filter Operator
                  predicate: ((_col0 = _col37) and (_col7 = _col68)) (type: boolean)
                  Statistics: Num rows: 43560808 Data size: 5923010113 Basic stats: COMPLETE Column stats: NONE
                  Select Operator
                    expressions: _col23 (type: decimal(7,2)), _col75 (type: string)
                    outputColumnNames: _col23, _col75
                    Statistics: Num rows: 43560808 Data size: 5923010113 Basic stats: COMPLETE Column stats: NONE
                    Group By Operator
                      aggregations: sum(_col23)
                      keys: _col75 (type: string), 3 (type: int), 1998 (type: int)
                      mode: hash
                      outputColumnNames: _col0, _col1, _col2, _col3
                      Statistics: Num rows: 43560808 Data size: 5923010113 Basic stats: COMPLETE Column stats: NONE
                      Reduce Output Operator
                        key expressions: _col0 (type: string), 3 (type: int), 1998 (type: int)
                        sort order: +++
                        Map-reduce partition columns: _col0 (type: string), 3 (type: int), 1998 (type: int)
                        Statistics: Num rows: 43560808 Data size: 5923010113 Basic stats: COMPLETE Column stats: NONE
                        value expressions: _col3 (type: decimal(17,2))
        Reducer 36 
            Reduce Operator Tree:
              Group By Operator
                aggregations: sum(VALUE._col0)
                keys: KEY._col0 (type: string), 3 (type: int), 1998 (type: int)
                mode: mergepartial
                outputColumnNames: _col0, _col1, _col2, _col3
                Statistics: Num rows: 21780404 Data size: 2961505056 Basic stats: COMPLETE Column stats: NONE
                Select Operator
                  expressions: _col0 (type: string), _col3 (type: decimal(17,2))
                  outputColumnNames: _col0, _col3
                  Statistics: Num rows: 21780404 Data size: 2961505056 Basic stats: COMPLETE Column stats: NONE
                  Reduce Output Operator
                    key expressions: _col0 (type: string)
                    sort order: +
                    Map-reduce partition columns: _col0 (type: string)
                    Statistics: Num rows: 21780404 Data size: 2961505056 Basic stats: COMPLETE Column stats: NONE
                    value expressions: _col3 (type: decimal(17,2))
        Reducer 4 
            Reduce Operator Tree:
              Group By Operator
                aggregations: sum(VALUE._col0)
                keys: KEY._col0 (type: string), 1 (type: int), 1998 (type: int)
                mode: mergepartial
                outputColumnNames: _col0, _col1, _col2, _col3
                Statistics: Num rows: 87119343 Data size: 7685693729 Basic stats: COMPLETE Column stats: NONE
                Select Operator
                  expressions: _col0 (type: string), _col3 (type: decimal(17,2))
                  outputColumnNames: _col0, _col3
                  Statistics: Num rows: 87119343 Data size: 7685693729 Basic stats: COMPLETE Column stats: NONE
                  Reduce Output Operator
                    key expressions: _col0 (type: string)
                    sort order: +
                    Map-reduce partition columns: _col0 (type: string)
                    Statistics: Num rows: 87119343 Data size: 7685693729 Basic stats: COMPLETE Column stats: NONE
                    value expressions: _col3 (type: decimal(17,2))
        Reducer 5 
            Reduce Operator Tree:
              Join Operator
                condition map:
                     Inner Join 0 to 1
                     Inner Join 1 to 2
                     Inner Join 0 to 3
                     Inner Join 3 to 4
                     Inner Join 3 to 5
                keys:
                  0 _col0 (type: string)
                  1 _col0 (type: string)
                  2 _col0 (type: string)
                  3 _col0 (type: string)
                  4 _col0 (type: string)
                  5 _col0 (type: string)
                outputColumnNames: _col0, _col3, _col4, _col7, _col8, _col11, _col12, _col15, _col16, _col19, _col20, _col23
                Statistics: Num rows: 479156396 Data size: 42271316425 Basic stats: COMPLETE Column stats: NONE
                Filter Operator
                  predicate: ((_col0 = _col4) and (_col0 = _col12) and (CASE WHEN ((_col15 > 0)) THEN ((_col19 / _col15)) ELSE (null) END > CASE WHEN ((_col3 > 0)) THEN ((_col7 / _col3)) ELSE (null) END) and (CASE WHEN ((_col19 > 0)) THEN ((_col23 / _col19)) ELSE (null) END > CASE WHEN ((_col7 > 0)) THEN ((_col11 / _col7)) ELSE (null) END) and (_col4 = _col8) and (_col12 = _col16) and (_col12 = _col20)) (type: boolean)
                  Statistics: Num rows: 1663737 Data size: 146775361 Basic stats: COMPLETE Column stats: NONE
                  Select Operator
                    expressions: _col0 (type: string), (_col19 / _col15) (type: decimal(37,20)), (_col7 / _col3) (type: decimal(37,20)), (_col23 / _col19) (type: decimal(37,20)), (_col11 / _col7) (type: decimal(37,20))
                    outputColumnNames: _col0, _col2, _col3, _col4, _col5
                    Statistics: Num rows: 1663737 Data size: 146775361 Basic stats: COMPLETE Column stats: NONE
                    Reduce Output Operator
                      key expressions: _col2 (type: decimal(37,20))
                      sort order: +
                      Statistics: Num rows: 1663737 Data size: 146775361 Basic stats: COMPLETE Column stats: NONE
                      value expressions: _col0 (type: string), _col3 (type: decimal(37,20)), _col4 (type: decimal(37,20)), _col5 (type: decimal(37,20))
        Reducer 6 
            Reduce Operator Tree:
              Select Operator
                expressions: VALUE._col0 (type: string), 1998 (type: int), KEY.reducesinkkey0 (type: decimal(37,20)), VALUE._col2 (type: decimal(37,20)), VALUE._col3 (type: decimal(37,20)), VALUE._col4 (type: decimal(37,20))
                outputColumnNames: _col0, _col1, _col2, _col3, _col4, _col5
                Statistics: Num rows: 1663737 Data size: 146775361 Basic stats: COMPLETE Column stats: NONE
                File Output Operator
                  compressed: false
                  Statistics: Num rows: 1663737 Data size: 146775361 Basic stats: COMPLETE Column stats: NONE
                  table:
                      input format: org.apache.hadoop.mapred.SequenceFileInputFormat
                      output format: org.apache.hadoop.hive.ql.io.HiveSequenceFileOutputFormat
                      serde: org.apache.hadoop.hive.serde2.lazy.LazySimpleSerDe

  Stage: Stage-0
    Fetch Operator
      limit: -1
      Processor Tree:
        ListSink

