PREHOOK: query: explain
with ssr as
 (select  s_store_id as store_id,
          sum(ss_ext_sales_price) as sales,
          sum(coalesce(sr_return_amt, 0)) as returns,
          sum(ss_net_profit - coalesce(sr_net_loss, 0)) as profit
  from store_sales left outer join store_returns on
         (ss_item_sk = sr_item_sk and ss_ticket_number = sr_ticket_number),
     date_dim,
     store,
     item,
     promotion
 where ss_sold_date_sk = d_date_sk
       and d_date between cast('1998-08-04' as date) 
                  and (cast('1998-08-04' as date) +  30 days)
       and ss_store_sk = s_store_sk
       and ss_item_sk = i_item_sk
       and i_current_price > 50
       and ss_promo_sk = p_promo_sk
       and p_channel_tv = 'N'
 group by s_store_id)
 ,
 csr as
 (select  cp_catalog_page_id as catalog_page_id,
          sum(cs_ext_sales_price) as sales,
          sum(coalesce(cr_return_amount, 0)) as returns,
          sum(cs_net_profit - coalesce(cr_net_loss, 0)) as profit
  from catalog_sales left outer join catalog_returns on
         (cs_item_sk = cr_item_sk and cs_order_number = cr_order_number),
     date_dim,
     catalog_page,
     item,
     promotion
 where cs_sold_date_sk = d_date_sk
       and d_date between cast('1998-08-04' as date)
                  and (cast('1998-08-04' as date) +  30 days)
        and cs_catalog_page_sk = cp_catalog_page_sk
       and cs_item_sk = i_item_sk
       and i_current_price > 50
       and cs_promo_sk = p_promo_sk
       and p_channel_tv = 'N'
group by cp_catalog_page_id)
 ,
 wsr as
 (select  web_site_id,
          sum(ws_ext_sales_price) as sales,
          sum(coalesce(wr_return_amt, 0)) as returns,
          sum(ws_net_profit - coalesce(wr_net_loss, 0)) as profit
  from web_sales left outer join web_returns on
         (ws_item_sk = wr_item_sk and ws_order_number = wr_order_number),
     date_dim,
     web_site,
     item,
     promotion
 where ws_sold_date_sk = d_date_sk
       and d_date between cast('1998-08-04' as date)
                  and (cast('1998-08-04' as date) +  30 days)
        and ws_web_site_sk = web_site_sk
       and ws_item_sk = i_item_sk
       and i_current_price > 50
       and ws_promo_sk = p_promo_sk
       and p_channel_tv = 'N'
group by web_site_id)
  select  channel
        , id
        , sum(sales) as sales
        , sum(returns) as returns
        , sum(profit) as profit
 from 
 (select 'store channel' as channel
        , 'store' || store_id as id
        , sales
        , returns
        , profit
 from   ssr
 union all
 select 'catalog channel' as channel
        , 'catalog_page' || catalog_page_id as id
        , sales
        , returns
        , profit
 from  csr
 union all
 select 'web channel' as channel
        , 'web_site' || web_site_id as id
        , sales
        , returns
        , profit
 from   wsr
 ) x
 group by rollup (channel, id)
 order by channel
         ,id
 limit 100
PREHOOK: type: QUERY
POSTHOOK: query: explain
with ssr as
 (select  s_store_id as store_id,
          sum(ss_ext_sales_price) as sales,
          sum(coalesce(sr_return_amt, 0)) as returns,
          sum(ss_net_profit - coalesce(sr_net_loss, 0)) as profit
  from store_sales left outer join store_returns on
         (ss_item_sk = sr_item_sk and ss_ticket_number = sr_ticket_number),
     date_dim,
     store,
     item,
     promotion
 where ss_sold_date_sk = d_date_sk
       and d_date between cast('1998-08-04' as date) 
                  and (cast('1998-08-04' as date) +  30 days)
       and ss_store_sk = s_store_sk
       and ss_item_sk = i_item_sk
       and i_current_price > 50
       and ss_promo_sk = p_promo_sk
       and p_channel_tv = 'N'
 group by s_store_id)
 ,
 csr as
 (select  cp_catalog_page_id as catalog_page_id,
          sum(cs_ext_sales_price) as sales,
          sum(coalesce(cr_return_amount, 0)) as returns,
          sum(cs_net_profit - coalesce(cr_net_loss, 0)) as profit
  from catalog_sales left outer join catalog_returns on
         (cs_item_sk = cr_item_sk and cs_order_number = cr_order_number),
     date_dim,
     catalog_page,
     item,
     promotion
 where cs_sold_date_sk = d_date_sk
       and d_date between cast('1998-08-04' as date)
                  and (cast('1998-08-04' as date) +  30 days)
        and cs_catalog_page_sk = cp_catalog_page_sk
       and cs_item_sk = i_item_sk
       and i_current_price > 50
       and cs_promo_sk = p_promo_sk
       and p_channel_tv = 'N'
group by cp_catalog_page_id)
 ,
 wsr as
 (select  web_site_id,
          sum(ws_ext_sales_price) as sales,
          sum(coalesce(wr_return_amt, 0)) as returns,
          sum(ws_net_profit - coalesce(wr_net_loss, 0)) as profit
  from web_sales left outer join web_returns on
         (ws_item_sk = wr_item_sk and ws_order_number = wr_order_number),
     date_dim,
     web_site,
     item,
     promotion
 where ws_sold_date_sk = d_date_sk
       and d_date between cast('1998-08-04' as date)
                  and (cast('1998-08-04' as date) +  30 days)
        and ws_web_site_sk = web_site_sk
       and ws_item_sk = i_item_sk
       and i_current_price > 50
       and ws_promo_sk = p_promo_sk
       and p_channel_tv = 'N'
group by web_site_id)
  select  channel
        , id
        , sum(sales) as sales
        , sum(returns) as returns
        , sum(profit) as profit
 from 
 (select 'store channel' as channel
        , 'store' || store_id as id
        , sales
        , returns
        , profit
 from   ssr
 union all
 select 'catalog channel' as channel
        , 'catalog_page' || catalog_page_id as id
        , sales
        , returns
        , profit
 from  csr
 union all
 select 'web channel' as channel
        , 'web_site' || web_site_id as id
        , sales
        , returns
        , profit
 from   wsr
 ) x
 group by rollup (channel, id)
 order by channel
         ,id
 limit 100
POSTHOOK: type: QUERY
STAGE DEPENDENCIES:
  Stage-2 is a root stage
  Stage-3 depends on stages: Stage-2
  Stage-4 depends on stages: Stage-3
  Stage-5 depends on stages: Stage-4
  Stage-6 depends on stages: Stage-5
  Stage-1 depends on stages: Stage-6
  Stage-0 depends on stages: Stage-1

STAGE PLANS:
  Stage: Stage-2
    Spark
#### A masked pattern was here ####
      Vertices:
        Map 12 
            Map Operator Tree:
                TableScan
                  alias: promotion
                  Statistics: Num rows: 2300 Data size: 2713420 Basic stats: COMPLETE Column stats: NONE
                  Filter Operator
                    predicate: (p_promo_sk is not null and (p_channel_tv = 'N')) (type: boolean)
                    Statistics: Num rows: 1150 Data size: 1356710 Basic stats: COMPLETE Column stats: NONE
                    Spark HashTable Sink Operator
                      keys:
                        0 _col8 (type: int)
                        1 p_promo_sk (type: int)
            Local Work:
              Map Reduce Local Work

  Stage: Stage-3
    Spark
#### A masked pattern was here ####
      Vertices:
        Map 10 
            Map Operator Tree:
                TableScan
                  alias: store
                  Statistics: Num rows: 1704 Data size: 3256276 Basic stats: COMPLETE Column stats: NONE
                  Filter Operator
                    predicate: s_store_sk is not null (type: boolean)
                    Statistics: Num rows: 1704 Data size: 3256276 Basic stats: COMPLETE Column stats: NONE
                    Spark HashTable Sink Operator
                      keys:
                        0 _col7 (type: int)
                        1 s_store_sk (type: int)
            Local Work:
              Map Reduce Local Work

  Stage: Stage-4
    Spark
#### A masked pattern was here ####
      Vertices:
        Map 23 
            Map Operator Tree:
                TableScan
                  alias: promotion
                  Statistics: Num rows: 2300 Data size: 2713420 Basic stats: COMPLETE Column stats: NONE
                  Filter Operator
                    predicate: (p_promo_sk is not null and (p_channel_tv = 'N')) (type: boolean)
                    Statistics: Num rows: 1150 Data size: 1356710 Basic stats: COMPLETE Column stats: NONE
                    Spark HashTable Sink Operator
                      keys:
                        0 _col16 (type: int)
                        1 p_promo_sk (type: int)
            Local Work:
              Map Reduce Local Work

  Stage: Stage-5
    Spark
#### A masked pattern was here ####
      Vertices:
        Map 33 
            Map Operator Tree:
                TableScan
                  alias: promotion
                  Statistics: Num rows: 2300 Data size: 2713420 Basic stats: COMPLETE Column stats: NONE
                  Filter Operator
                    predicate: (p_promo_sk is not null and (p_channel_tv = 'N')) (type: boolean)
                    Statistics: Num rows: 1150 Data size: 1356710 Basic stats: COMPLETE Column stats: NONE
                    Spark HashTable Sink Operator
                      keys:
                        0 _col16 (type: int)
                        1 p_promo_sk (type: int)
            Local Work:
              Map Reduce Local Work

  Stage: Stage-6
    Spark
#### A masked pattern was here ####
      Vertices:
        Map 31 
            Map Operator Tree:
                TableScan
                  alias: web_site
                  Statistics: Num rows: 84 Data size: 155408 Basic stats: COMPLETE Column stats: NONE
                  Filter Operator
                    predicate: web_site_sk is not null (type: boolean)
                    Statistics: Num rows: 84 Data size: 155408 Basic stats: COMPLETE Column stats: NONE
                    Spark HashTable Sink Operator
                      keys:
                        0 _col13 (type: int)
                        1 web_site_sk (type: int)
            Local Work:
              Map Reduce Local Work

  Stage: Stage-1
    Spark
      Edges:
        Reducer 14 <- Map 13 (PARTITION-LEVEL SORT, 329), Map 19 (PARTITION-LEVEL SORT, 329)
        Reducer 15 <- Map 20 (PARTITION-LEVEL SORT, 336), Reducer 14 (PARTITION-LEVEL SORT, 336)
        Reducer 16 <- Map 21 (PARTITION-LEVEL SORT, 369), Reducer 15 (PARTITION-LEVEL SORT, 369)
        Reducer 17 <- Map 11 (PARTITION-LEVEL SORT, 408), Reducer 16 (PARTITION-LEVEL SORT, 408)
        Reducer 2 <- Map 1 (PARTITION-LEVEL SORT, 432), Map 8 (PARTITION-LEVEL SORT, 432)
        Reducer 25 <- Map 24 (PARTITION-LEVEL SORT, 164), Map 29 (PARTITION-LEVEL SORT, 164)
        Reducer 26 <- Map 20 (PARTITION-LEVEL SORT, 169), Reducer 25 (PARTITION-LEVEL SORT, 169)
        Reducer 27 <- Map 11 (PARTITION-LEVEL SORT, 206), Reducer 26 (PARTITION-LEVEL SORT, 206)
        Reducer 3 <- Map 20 (PARTITION-LEVEL SORT, 438), Reducer 2 (PARTITION-LEVEL SORT, 438)
        Reducer 4 <- Map 11 (PARTITION-LEVEL SORT, 531), Reducer 3 (PARTITION-LEVEL SORT, 531)
        Reducer 18 <- Reducer 17 (GROUP, 31)
        Reducer 28 <- Reducer 27 (GROUP, 16)
        Reducer 5 <- Reducer 4 (GROUP, 40)
        Reducer 6 <- Reducer 18 (GROUP, 130), Reducer 28 (GROUP, 130), Reducer 5 (GROUP, 130)
        Reducer 7 <- Reducer 6 (SORT, 1)
#### A masked pattern was here ####
      Vertices:
        Map 1 
            Map Operator Tree:
                TableScan
                  alias: store_sales
                  Statistics: Num rows: 575995635 Data size: 50814502088 Basic stats: COMPLETE Column stats: NONE
                  Filter Operator
                    predicate: (ss_sold_date_sk is not null and ss_store_sk is not null and ss_item_sk is not null and ss_promo_sk is not null) (type: boolean)
                    Statistics: Num rows: 575995635 Data size: 50814502088 Basic stats: COMPLETE Column stats: NONE
                    Reduce Output Operator
                      key expressions: ss_item_sk (type: int), ss_ticket_number (type: int)
                      sort order: ++
                      Map-reduce partition columns: ss_item_sk (type: int), ss_ticket_number (type: int)
                      Statistics: Num rows: 575995635 Data size: 50814502088 Basic stats: COMPLETE Column stats: NONE
                      value expressions: ss_sold_date_sk (type: int), ss_store_sk (type: int), ss_promo_sk (type: int), ss_ext_sales_price (type: decimal(7,2)), ss_net_profit (type: decimal(7,2))
        Map 11 
            Map Operator Tree:
                TableScan
                  alias: item
                  Statistics: Num rows: 462000 Data size: 663560457 Basic stats: COMPLETE Column stats: NONE
                  Filter Operator
                    predicate: (i_item_sk is not null and (i_current_price > 50)) (type: boolean)
                    Statistics: Num rows: 154000 Data size: 221186819 Basic stats: COMPLETE Column stats: NONE
                    Reduce Output Operator
                      key expressions: i_item_sk (type: int)
                      sort order: +
                      Map-reduce partition columns: i_item_sk (type: int)
                      Statistics: Num rows: 154000 Data size: 221186819 Basic stats: COMPLETE Column stats: NONE
        Map 13 
            Map Operator Tree:
                TableScan
                  alias: catalog_sales
                  Statistics: Num rows: 287989836 Data size: 38999608952 Basic stats: COMPLETE Column stats: NONE
                  Filter Operator
                    predicate: (cs_sold_date_sk is not null and cs_catalog_page_sk is not null and cs_item_sk is not null and cs_promo_sk is not null) (type: boolean)
                    Statistics: Num rows: 287989836 Data size: 38999608952 Basic stats: COMPLETE Column stats: NONE
                    Reduce Output Operator
                      key expressions: cs_item_sk (type: int), cs_order_number (type: int)
                      sort order: ++
                      Map-reduce partition columns: cs_item_sk (type: int), cs_order_number (type: int)
                      Statistics: Num rows: 287989836 Data size: 38999608952 Basic stats: COMPLETE Column stats: NONE
                      value expressions: cs_sold_date_sk (type: int), cs_catalog_page_sk (type: int), cs_promo_sk (type: int), cs_ext_sales_price (type: decimal(7,2)), cs_net_profit (type: decimal(7,2))
        Map 19 
            Map Operator Tree:
                TableScan
                  alias: catalog_returns
                  Statistics: Num rows: 28798881 Data size: 3057234680 Basic stats: COMPLETE Column stats: NONE
                  Filter Operator
                    predicate: cr_item_sk is not null (type: boolean)
                    Statistics: Num rows: 28798881 Data size: 3057234680 Basic stats: COMPLETE Column stats: NONE
                    Reduce Output Operator
                      key expressions: cr_item_sk (type: int), cr_order_number (type: int)
                      sort order: ++
                      Map-reduce partition columns: cr_item_sk (type: int), cr_order_number (type: int)
                      Statistics: Num rows: 28798881 Data size: 3057234680 Basic stats: COMPLETE Column stats: NONE
                      value expressions: cr_return_amount (type: decimal(7,2)), cr_net_loss (type: decimal(7,2))
        Map 20 
            Map Operator Tree:
                TableScan
                  alias: date_dim
                  Statistics: Num rows: 73049 Data size: 81741831 Basic stats: COMPLETE Column stats: NONE
                  Filter Operator
                    predicate: (d_date_sk is not null and d_date BETWEEN 1998-08-04 AND 1998-09-03 00:00:00.0) (type: boolean)
                    Statistics: Num rows: 36524 Data size: 40870356 Basic stats: COMPLETE Column stats: NONE
                    Reduce Output Operator
                      key expressions: d_date_sk (type: int)
                      sort order: +
                      Map-reduce partition columns: d_date_sk (type: int)
                      Statistics: Num rows: 36524 Data size: 40870356 Basic stats: COMPLETE Column stats: NONE
        Map 21 
            Map Operator Tree:
                TableScan
                  alias: catalog_page
                  Statistics: Num rows: 46000 Data size: 21198808 Basic stats: COMPLETE Column stats: NONE
                  Filter Operator
                    predicate: cp_catalog_page_sk is not null (type: boolean)
                    Statistics: Num rows: 46000 Data size: 21198808 Basic stats: COMPLETE Column stats: NONE
                    Reduce Output Operator
                      key expressions: cp_catalog_page_sk (type: int)
                      sort order: +
                      Map-reduce partition columns: cp_catalog_page_sk (type: int)
                      Statistics: Num rows: 46000 Data size: 21198808 Basic stats: COMPLETE Column stats: NONE
                      value expressions: cp_catalog_page_id (type: string)
        Map 24 
            Map Operator Tree:
                TableScan
                  alias: web_sales
                  Statistics: Num rows: 144002668 Data size: 19580198212 Basic stats: COMPLETE Column stats: NONE
                  Filter Operator
                    predicate: (ws_sold_date_sk is not null and ws_web_site_sk is not null and ws_item_sk is not null and ws_promo_sk is not null) (type: boolean)
                    Statistics: Num rows: 144002668 Data size: 19580198212 Basic stats: COMPLETE Column stats: NONE
                    Reduce Output Operator
                      key expressions: ws_item_sk (type: int), ws_order_number (type: int)
                      sort order: ++
                      Map-reduce partition columns: ws_item_sk (type: int), ws_order_number (type: int)
                      Statistics: Num rows: 144002668 Data size: 19580198212 Basic stats: COMPLETE Column stats: NONE
                      value expressions: ws_sold_date_sk (type: int), ws_web_site_sk (type: int), ws_promo_sk (type: int), ws_ext_sales_price (type: decimal(7,2)), ws_net_profit (type: decimal(7,2))
        Map 29 
            Map Operator Tree:
                TableScan
                  alias: web_returns
                  Statistics: Num rows: 14398467 Data size: 1325194184 Basic stats: COMPLETE Column stats: NONE
                  Filter Operator
                    predicate: wr_item_sk is not null (type: boolean)
                    Statistics: Num rows: 14398467 Data size: 1325194184 Basic stats: COMPLETE Column stats: NONE
                    Reduce Output Operator
                      key expressions: wr_item_sk (type: int), wr_order_number (type: int)
                      sort order: ++
                      Map-reduce partition columns: wr_item_sk (type: int), wr_order_number (type: int)
                      Statistics: Num rows: 14398467 Data size: 1325194184 Basic stats: COMPLETE Column stats: NONE
                      value expressions: wr_return_amt (type: decimal(7,2)), wr_net_loss (type: decimal(7,2))
        Map 8 
            Map Operator Tree:
                TableScan
                  alias: store_returns
                  Statistics: Num rows: 57591150 Data size: 4462194832 Basic stats: COMPLETE Column stats: NONE
                  Filter Operator
                    predicate: sr_item_sk is not null (type: boolean)
                    Statistics: Num rows: 57591150 Data size: 4462194832 Basic stats: COMPLETE Column stats: NONE
                    Reduce Output Operator
                      key expressions: sr_item_sk (type: int), sr_ticket_number (type: int)
                      sort order: ++
                      Map-reduce partition columns: sr_item_sk (type: int), sr_ticket_number (type: int)
                      Statistics: Num rows: 57591150 Data size: 4462194832 Basic stats: COMPLETE Column stats: NONE
                      value expressions: sr_return_amt (type: decimal(7,2)), sr_net_loss (type: decimal(7,2))
        Reducer 14 
            Reduce Operator Tree:
              Join Operator
                condition map:
                     Left Outer Join0 to 1
                keys:
                  0 cs_item_sk (type: int), cs_order_number (type: int)
                  1 cr_item_sk (type: int), cr_order_number (type: int)
                outputColumnNames: _col0, _col12, _col15, _col16, _col23, _col33, _col55, _col63
                Statistics: Num rows: 316788826 Data size: 42899570777 Basic stats: COMPLETE Column stats: NONE
                Reduce Output Operator
                  key expressions: _col0 (type: int)
                  sort order: +
                  Map-reduce partition columns: _col0 (type: int)
                  Statistics: Num rows: 316788826 Data size: 42899570777 Basic stats: COMPLETE Column stats: NONE
                  value expressions: _col12 (type: int), _col15 (type: int), _col16 (type: int), _col23 (type: decimal(7,2)), _col33 (type: decimal(7,2)), _col55 (type: decimal(7,2)), _col63 (type: decimal(7,2))
        Reducer 15 
            Reduce Operator Tree:
              Join Operator
                condition map:
                     Inner Join 0 to 1
                keys:
                  0 _col0 (type: int)
                  1 d_date_sk (type: int)
                outputColumnNames: _col0, _col12, _col15, _col16, _col23, _col33, _col55, _col63, _col67
                Statistics: Num rows: 348467716 Data size: 47189528877 Basic stats: COMPLETE Column stats: NONE
                Reduce Output Operator
                  key expressions: _col12 (type: int)
                  sort order: +
                  Map-reduce partition columns: _col12 (type: int)
                  Statistics: Num rows: 348467716 Data size: 47189528877 Basic stats: COMPLETE Column stats: NONE
                  value expressions: _col0 (type: int), _col15 (type: int), _col16 (type: int), _col23 (type: decimal(7,2)), _col33 (type: decimal(7,2)), _col55 (type: decimal(7,2)), _col63 (type: decimal(7,2)), _col67 (type: int)
        Reducer 16 
            Reduce Operator Tree:
              Join Operator
                condition map:
                     Inner Join 0 to 1
                keys:
                  0 _col12 (type: int)
                  1 cp_catalog_page_sk (type: int)
                outputColumnNames: _col0, _col12, _col15, _col16, _col23, _col33, _col55, _col63, _col67, _col98, _col99
                Statistics: Num rows: 383314495 Data size: 51908482889 Basic stats: COMPLETE Column stats: NONE
                Reduce Output Operator
                  key expressions: _col15 (type: int)
                  sort order: +
                  Map-reduce partition columns: _col15 (type: int)
                  Statistics: Num rows: 383314495 Data size: 51908482889 Basic stats: COMPLETE Column stats: NONE
                  value expressions: _col0 (type: int), _col12 (type: int), _col16 (type: int), _col23 (type: decimal(7,2)), _col33 (type: decimal(7,2)), _col55 (type: decimal(7,2)), _col63 (type: decimal(7,2)), _col67 (type: int), _col98 (type: int), _col99 (type: string)
        Reducer 17 
            Local Work:
              Map Reduce Local Work
            Reduce Operator Tree:
              Join Operator
                condition map:
                     Inner Join 0 to 1
                keys:
                  0 _col15 (type: int)
                  1 i_item_sk (type: int)
                outputColumnNames: _col0, _col12, _col15, _col16, _col23, _col33, _col55, _col63, _col67, _col98, _col99, _col110
                Statistics: Num rows: 421645953 Data size: 57099332415 Basic stats: COMPLETE Column stats: NONE
                Map Join Operator
                  condition map:
                       Inner Join 0 to 1
                  keys:
                    0 _col16 (type: int)
                    1 p_promo_sk (type: int)
                  outputColumnNames: _col0, _col12, _col15, _col16, _col23, _col33, _col55, _col63, _col67, _col98, _col99, _col110, _col135
                  input vertices:
                    1 Map 23
                  Statistics: Num rows: 463810558 Data size: 62809267017 Basic stats: COMPLETE Column stats: NONE
                  Filter Operator
                    predicate: ((_col0 = _col67) and (_col12 = _col98) and (_col15 = _col110) and (_col16 = _col135)) (type: boolean)
                    Statistics: Num rows: 28988159 Data size: 3925579070 Basic stats: COMPLETE Column stats: NONE
                    Select Operator
                      expressions: _col23 (type: decimal(7,2)), _col33 (type: decimal(7,2)), _col55 (type: decimal(7,2)), _col63 (type: decimal(7,2)), _col99 (type: string)
                      outputColumnNames: _col23, _col33, _col55, _col63, _col99
                      Statistics: Num rows: 28988159 Data size: 3925579070 Basic stats: COMPLETE Column stats: NONE
                      Group By Operator
                        aggregations: sum(_col23), sum(COALESCE(_col55,0)), sum((_col33 - COALESCE(_col63,0)))
                        keys: _col99 (type: string)
                        mode: hash
                        outputColumnNames: _col0, _col1, _col2, _col3
                        Statistics: Num rows: 28988159 Data size: 3925579070 Basic stats: COMPLETE Column stats: NONE
                        Reduce Output Operator
                          key expressions: _col0 (type: string)
                          sort order: +
                          Map-reduce partition columns: _col0 (type: string)
                          Statistics: Num rows: 28988159 Data size: 3925579070 Basic stats: COMPLETE Column stats: NONE
                          value expressions: _col1 (type: decimal(17,2)), _col2 (type: decimal(22,2)), _col3 (type: decimal(23,2))
        Reducer 18 
            Reduce Operator Tree:
              Group By Operator
                aggregations: sum(VALUE._col0), sum(VALUE._col1), sum(VALUE._col2)
                keys: KEY._col0 (type: string)
                mode: mergepartial
                outputColumnNames: _col0, _col1, _col2, _col3
                Statistics: Num rows: 14494079 Data size: 1962789467 Basic stats: COMPLETE Column stats: NONE
                Select Operator
                  expressions: 'catalog channel' (type: string), concat('catalog_page', _col0) (type: string), _col1 (type: decimal(17,2)), _col2 (type: decimal(22,2)), _col3 (type: decimal(23,2))
                  outputColumnNames: _col0, _col1, _col2, _col3, _col4
                  Statistics: Num rows: 14494079 Data size: 1962789467 Basic stats: COMPLETE Column stats: NONE
                  Group By Operator
                    aggregations: sum(_col2), sum(_col3), sum(_col4)
                    keys: _col0 (type: string), _col1 (type: string), 0 (type: int)
                    mode: hash
                    outputColumnNames: _col0, _col1, _col2, _col3, _col4, _col5
                    Statistics: Num rows: 152191413 Data size: 16516934868 Basic stats: COMPLETE Column stats: NONE
                    Reduce Output Operator
                      key expressions: _col0 (type: string), _col1 (type: string), _col2 (type: int)
                      sort order: +++
                      Map-reduce partition columns: _col0 (type: string), _col1 (type: string), _col2 (type: int)
                      Statistics: Num rows: 152191413 Data size: 16516934868 Basic stats: COMPLETE Column stats: NONE
                      TopN Hash Memory Usage: 0.1
                      value expressions: _col3 (type: decimal(27,2)), _col4 (type: decimal(32,2)), _col5 (type: decimal(33,2))
        Reducer 2 
            Reduce Operator Tree:
              Join Operator
                condition map:
                     Left Outer Join0 to 1
                keys:
                  0 ss_item_sk (type: int), ss_ticket_number (type: int)
                  1 sr_item_sk (type: int), sr_ticket_number (type: int)
                outputColumnNames: _col0, _col2, _col7, _col8, _col15, _col22, _col37, _col45
                Statistics: Num rows: 633595212 Data size: 55895953508 Basic stats: COMPLETE Column stats: NONE
                Reduce Output Operator
                  key expressions: _col0 (type: int)
                  sort order: +
                  Map-reduce partition columns: _col0 (type: int)
                  Statistics: Num rows: 633595212 Data size: 55895953508 Basic stats: COMPLETE Column stats: NONE
                  value expressions: _col2 (type: int), _col7 (type: int), _col8 (type: int), _col15 (type: decimal(7,2)), _col22 (type: decimal(7,2)), _col37 (type: decimal(7,2)), _col45 (type: decimal(7,2))
        Reducer 25 
            Reduce Operator Tree:
              Join Operator
                condition map:
                     Left Outer Join0 to 1
                keys:
                  0 ws_item_sk (type: int), ws_order_number (type: int)
                  1 wr_item_sk (type: int), wr_order_number (type: int)
                outputColumnNames: _col0, _col3, _col13, _col16, _col23, _col33, _col52, _col60
                Statistics: Num rows: 158402938 Data size: 21538218500 Basic stats: COMPLETE Column stats: NONE
                Reduce Output Operator
                  key expressions: _col0 (type: int)
                  sort order: +
                  Map-reduce partition columns: _col0 (type: int)
                  Statistics: Num rows: 158402938 Data size: 21538218500 Basic stats: COMPLETE Column stats: NONE
                  value expressions: _col3 (type: int), _col13 (type: int), _col16 (type: int), _col23 (type: decimal(7,2)), _col33 (type: decimal(7,2)), _col52 (type: decimal(7,2)), _col60 (type: decimal(7,2))
        Reducer 26 
            Local Work:
              Map Reduce Local Work
            Reduce Operator Tree:
              Join Operator
                condition map:
                     Inner Join 0 to 1
                keys:
                  0 _col0 (type: int)
                  1 d_date_sk (type: int)
                outputColumnNames: _col0, _col3, _col13, _col16, _col23, _col33, _col52, _col60, _col64
                Statistics: Num rows: 174243235 Data size: 23692040863 Basic stats: COMPLETE Column stats: NONE
                Map Join Operator
                  condition map:
                       Inner Join 0 to 1
                  keys:
                    0 _col13 (type: int)
                    1 web_site_sk (type: int)
                  outputColumnNames: _col0, _col3, _col13, _col16, _col23, _col33, _col52, _col60, _col64, _col95, _col96
                  input vertices:
                    1 Map 31
                  Statistics: Num rows: 191667562 Data size: 26061245514 Basic stats: COMPLETE Column stats: NONE
                  Reduce Output Operator
                    key expressions: _col3 (type: int)
                    sort order: +
                    Map-reduce partition columns: _col3 (type: int)
                    Statistics: Num rows: 191667562 Data size: 26061245514 Basic stats: COMPLETE Column stats: NONE
                    value expressions: _col0 (type: int), _col13 (type: int), _col16 (type: int), _col23 (type: decimal(7,2)), _col33 (type: decimal(7,2)), _col52 (type: decimal(7,2)), _col60 (type: decimal(7,2)), _col64 (type: int), _col95 (type: int), _col96 (type: string)
        Reducer 27 
            Local Work:
              Map Reduce Local Work
            Reduce Operator Tree:
              Join Operator
                condition map:
                     Inner Join 0 to 1
                keys:
                  0 _col3 (type: int)
                  1 i_item_sk (type: int)
                outputColumnNames: _col0, _col3, _col13, _col16, _col23, _col33, _col52, _col60, _col64, _col95, _col96, _col124
                Statistics: Num rows: 210834322 Data size: 28667370686 Basic stats: COMPLETE Column stats: NONE
                Map Join Operator
                  condition map:
                       Inner Join 0 to 1
                  keys:
                    0 _col16 (type: int)
                    1 p_promo_sk (type: int)
                  outputColumnNames: _col0, _col3, _col13, _col16, _col23, _col33, _col52, _col60, _col64, _col95, _col96, _col124, _col149
                  input vertices:
                    1 Map 33
                  Statistics: Num rows: 231917759 Data size: 31534108438 Basic stats: COMPLETE Column stats: NONE
                  Filter Operator
                    predicate: ((_col0 = _col64) and (_col13 = _col95) and (_col3 = _col124) and (_col16 = _col149)) (type: boolean)
                    Statistics: Num rows: 14494859 Data size: 1970881649 Basic stats: COMPLETE Column stats: NONE
                    Select Operator
                      expressions: _col23 (type: decimal(7,2)), _col33 (type: decimal(7,2)), _col52 (type: decimal(7,2)), _col60 (type: decimal(7,2)), _col96 (type: string)
                      outputColumnNames: _col23, _col33, _col52, _col60, _col96
                      Statistics: Num rows: 14494859 Data size: 1970881649 Basic stats: COMPLETE Column stats: NONE
                      Group By Operator
                        aggregations: sum(_col23), sum(COALESCE(_col52,0)), sum((_col33 - COALESCE(_col60,0)))
                        keys: _col96 (type: string)
                        mode: hash
                        outputColumnNames: _col0, _col1, _col2, _col3
                        Statistics: Num rows: 14494859 Data size: 1970881649 Basic stats: COMPLETE Column stats: NONE
                        Reduce Output Operator
                          key expressions: _col0 (type: string)
                          sort order: +
                          Map-reduce partition columns: _col0 (type: string)
                          Statistics: Num rows: 14494859 Data size: 1970881649 Basic stats: COMPLETE Column stats: NONE
                          value expressions: _col1 (type: decimal(17,2)), _col2 (type: decimal(22,2)), _col3 (type: decimal(23,2))
        Reducer 28 
            Reduce Operator Tree:
              Group By Operator
                aggregations: sum(VALUE._col0), sum(VALUE._col1), sum(VALUE._col2)
                keys: KEY._col0 (type: string)
                mode: mergepartial
                outputColumnNames: _col0, _col1, _col2, _col3
                Statistics: Num rows: 7247429 Data size: 985440756 Basic stats: COMPLETE Column stats: NONE
                Select Operator
                  expressions: 'web channel' (type: string), concat('web_site', _col0) (type: string), _col1 (type: decimal(17,2)), _col2 (type: decimal(22,2)), _col3 (type: decimal(23,2))
                  outputColumnNames: _col0, _col1, _col2, _col3, _col4
                  Statistics: Num rows: 7247429 Data size: 985440756 Basic stats: COMPLETE Column stats: NONE
                  Group By Operator
                    aggregations: sum(_col2), sum(_col3), sum(_col4)
                    keys: _col0 (type: string), _col1 (type: string), 0 (type: int)
                    mode: hash
                    outputColumnNames: _col0, _col1, _col2, _col3, _col4, _col5
                    Statistics: Num rows: 152191413 Data size: 16516934868 Basic stats: COMPLETE Column stats: NONE
                    Reduce Output Operator
                      key expressions: _col0 (type: string), _col1 (type: string), _col2 (type: int)
                      sort order: +++
                      Map-reduce partition columns: _col0 (type: string), _col1 (type: string), _col2 (type: int)
                      Statistics: Num rows: 152191413 Data size: 16516934868 Basic stats: COMPLETE Column stats: NONE
                      TopN Hash Memory Usage: 0.1
                      value expressions: _col3 (type: decimal(27,2)), _col4 (type: decimal(32,2)), _col5 (type: decimal(33,2))
        Reducer 3 
            Local Work:
              Map Reduce Local Work
            Reduce Operator Tree:
              Join Operator
                condition map:
                     Inner Join 0 to 1
                keys:
                  0 _col0 (type: int)
                  1 d_date_sk (type: int)
                outputColumnNames: _col0, _col2, _col7, _col8, _col15, _col22, _col37, _col45, _col49
                Statistics: Num rows: 696954748 Data size: 61485550191 Basic stats: COMPLETE Column stats: NONE
                Map Join Operator
                  condition map:
                       Inner Join 0 to 1
                  keys:
                    0 _col7 (type: int)
                    1 s_store_sk (type: int)
                  outputColumnNames: _col0, _col2, _col7, _col8, _col15, _col22, _col37, _col45, _col49, _col80, _col81
                  input vertices:
                    1 Map 10
                  Statistics: Num rows: 766650239 Data size: 67634106676 Basic stats: COMPLETE Column stats: NONE
                  Reduce Output Operator
                    key expressions: _col2 (type: int)
                    sort order: +
                    Map-reduce partition columns: _col2 (type: int)
                    Statistics: Num rows: 766650239 Data size: 67634106676 Basic stats: COMPLETE Column stats: NONE
                    value expressions: _col0 (type: int), _col7 (type: int), _col8 (type: int), _col15 (type: decimal(7,2)), _col22 (type: decimal(7,2)), _col37 (type: decimal(7,2)), _col45 (type: decimal(7,2)), _col49 (type: int), _col80 (type: int), _col81 (type: string)
        Reducer 4 
            Local Work:
              Map Reduce Local Work
            Reduce Operator Tree:
              Join Operator
                condition map:
                     Inner Join 0 to 1
                keys:
                  0 _col2 (type: int)
                  1 i_item_sk (type: int)
                outputColumnNames: _col0, _col2, _col7, _col8, _col15, _col22, _col37, _col45, _col49, _col80, _col81, _col112
                Statistics: Num rows: 843315281 Data size: 74397518956 Basic stats: COMPLETE Column stats: NONE
                Map Join Operator
                  condition map:
                       Inner Join 0 to 1
                  keys:
                    0 _col8 (type: int)
                    1 p_promo_sk (type: int)
                  outputColumnNames: _col0, _col2, _col7, _col8, _col15, _col22, _col37, _col45, _col49, _col80, _col81, _col112, _col137
                  input vertices:
                    1 Map 12
                  Statistics: Num rows: 927646829 Data size: 81837272625 Basic stats: COMPLETE Column stats: NONE
                  Filter Operator
                    predicate: ((_col0 = _col49) and (_col7 = _col80) and (_col2 = _col112) and (_col8 = _col137)) (type: boolean)
                    Statistics: Num rows: 57977926 Data size: 5114829467 Basic stats: COMPLETE Column stats: NONE
                    Select Operator
                      expressions: _col15 (type: decimal(7,2)), _col22 (type: decimal(7,2)), _col37 (type: decimal(7,2)), _col45 (type: decimal(7,2)), _col81 (type: string)
                      outputColumnNames: _col15, _col22, _col37, _col45, _col81
                      Statistics: Num rows: 57977926 Data size: 5114829467 Basic stats: COMPLETE Column stats: NONE
                      Group By Operator
                        aggregations: sum(_col15), sum(COALESCE(_col37,0)), sum((_col22 - COALESCE(_col45,0)))
                        keys: _col81 (type: string)
                        mode: hash
                        outputColumnNames: _col0, _col1, _col2, _col3
                        Statistics: Num rows: 57977926 Data size: 5114829467 Basic stats: COMPLETE Column stats: NONE
                        Reduce Output Operator
                          key expressions: _col0 (type: string)
                          sort order: +
                          Map-reduce partition columns: _col0 (type: string)
                          Statistics: Num rows: 57977926 Data size: 5114829467 Basic stats: COMPLETE Column stats: NONE
                          value expressions: _col1 (type: decimal(17,2)), _col2 (type: decimal(22,2)), _col3 (type: decimal(23,2))
        Reducer 5 
            Reduce Operator Tree:
              Group By Operator
                aggregations: sum(VALUE._col0), sum(VALUE._col1), sum(VALUE._col2)
                keys: KEY._col0 (type: string)
                mode: mergepartial
                outputColumnNames: _col0, _col1, _col2, _col3
                Statistics: Num rows: 28988963 Data size: 2557414733 Basic stats: COMPLETE Column stats: NONE
                Select Operator
                  expressions: 'store channel' (type: string), concat('store', _col0) (type: string), _col1 (type: decimal(17,2)), _col2 (type: decimal(22,2)), _col3 (type: decimal(23,2))
                  outputColumnNames: _col0, _col1, _col2, _col3, _col4
                  Statistics: Num rows: 28988963 Data size: 2557414733 Basic stats: COMPLETE Column stats: NONE
                  Group By Operator
                    aggregations: sum(_col2), sum(_col3), sum(_col4)
                    keys: _col0 (type: string), _col1 (type: string), 0 (type: int)
                    mode: hash
                    outputColumnNames: _col0, _col1, _col2, _col3, _col4, _col5
                    Statistics: Num rows: 152191413 Data size: 16516934868 Basic stats: COMPLETE Column stats: NONE
                    Reduce Output Operator
                      key expressions: _col0 (type: string), _col1 (type: string), _col2 (type: int)
                      sort order: +++
                      Map-reduce partition columns: _col0 (type: string), _col1 (type: string), _col2 (type: int)
                      Statistics: Num rows: 152191413 Data size: 16516934868 Basic stats: COMPLETE Column stats: NONE
                      TopN Hash Memory Usage: 0.1
                      value expressions: _col3 (type: decimal(27,2)), _col4 (type: decimal(32,2)), _col5 (type: decimal(33,2))
        Reducer 6 
            Reduce Operator Tree:
              Group By Operator
                aggregations: sum(VALUE._col0), sum(VALUE._col1), sum(VALUE._col2)
                keys: KEY._col0 (type: string), KEY._col1 (type: string), KEY._col2 (type: int)
                mode: mergepartial
                outputColumnNames: _col0, _col1, _col3, _col4, _col5
                Statistics: Num rows: 76095706 Data size: 8258467379 Basic stats: COMPLETE Column stats: NONE
                pruneGroupingSetId: true
                Select Operator
                  expressions: _col0 (type: string), _col1 (type: string), _col3 (type: decimal(27,2)), _col4 (type: decimal(32,2)), _col5 (type: decimal(33,2))
                  outputColumnNames: _col0, _col1, _col2, _col3, _col4
                  Statistics: Num rows: 76095706 Data size: 8258467379 Basic stats: COMPLETE Column stats: NONE
                  Reduce Output Operator
                    key expressions: _col0 (type: string), _col1 (type: string)
                    sort order: ++
                    Statistics: Num rows: 76095706 Data size: 8258467379 Basic stats: COMPLETE Column stats: NONE
                    TopN Hash Memory Usage: 0.1
                    value expressions: _col2 (type: decimal(27,2)), _col3 (type: decimal(32,2)), _col4 (type: decimal(33,2))
        Reducer 7 
            Reduce Operator Tree:
              Select Operator
                expressions: KEY.reducesinkkey0 (type: string), KEY.reducesinkkey1 (type: string), VALUE._col0 (type: decimal(27,2)), VALUE._col1 (type: decimal(32,2)), VALUE._col2 (type: decimal(33,2))
                outputColumnNames: _col0, _col1, _col2, _col3, _col4
                Statistics: Num rows: 76095706 Data size: 8258467379 Basic stats: COMPLETE Column stats: NONE
                Limit
                  Number of rows: 100
                  Statistics: Num rows: 100 Data size: 10800 Basic stats: COMPLETE Column stats: NONE
                  File Output Operator
                    compressed: false
                    Statistics: Num rows: 100 Data size: 10800 Basic stats: COMPLETE Column stats: NONE
                    table:
                        input format: org.apache.hadoop.mapred.SequenceFileInputFormat
                        output format: org.apache.hadoop.hive.ql.io.HiveSequenceFileOutputFormat
                        serde: org.apache.hadoop.hive.serde2.lazy.LazySimpleSerDe

  Stage: Stage-0
    Fetch Operator
      limit: 100
      Processor Tree:
        ListSink

