PREHOOK: query: explain
select  
   w_state
  ,i_item_id
  ,sum(case when (cast(d_date as date) < cast ('1998-04-08' as date)) 
 		then cs_sales_price - coalesce(cr_refunded_cash,0) else 0 end) as sales_before
  ,sum(case when (cast(d_date as date) >= cast ('1998-04-08' as date)) 
 		then cs_sales_price - coalesce(cr_refunded_cash,0) else 0 end) as sales_after
 from
   catalog_sales left outer join catalog_returns on
       (cs_order_number = cr_order_number 
        and cs_item_sk = cr_item_sk)
  ,warehouse 
  ,item
  ,date_dim
 where
     i_current_price between 0.99 and 1.49
 and i_item_sk          = cs_item_sk
 and cs_warehouse_sk    = w_warehouse_sk 
 and cs_sold_date_sk    = d_date_sk
 and d_date between (cast ('1998-04-08' as date) - 30 days)
                and (cast ('1998-04-08' as date) + 30 days) 
 group by
    w_state,i_item_id
 order by w_state,i_item_id
limit 100
PREHOOK: type: QUERY
POSTHOOK: query: explain
select  
   w_state
  ,i_item_id
  ,sum(case when (cast(d_date as date) < cast ('1998-04-08' as date)) 
 		then cs_sales_price - coalesce(cr_refunded_cash,0) else 0 end) as sales_before
  ,sum(case when (cast(d_date as date) >= cast ('1998-04-08' as date)) 
 		then cs_sales_price - coalesce(cr_refunded_cash,0) else 0 end) as sales_after
 from
   catalog_sales left outer join catalog_returns on
       (cs_order_number = cr_order_number 
        and cs_item_sk = cr_item_sk)
  ,warehouse 
  ,item
  ,date_dim
 where
     i_current_price between 0.99 and 1.49
 and i_item_sk          = cs_item_sk
 and cs_warehouse_sk    = w_warehouse_sk 
 and cs_sold_date_sk    = d_date_sk
 and d_date between (cast ('1998-04-08' as date) - 30 days)
                and (cast ('1998-04-08' as date) + 30 days) 
 group by
    w_state,i_item_id
 order by w_state,i_item_id
limit 100
POSTHOOK: type: QUERY
STAGE DEPENDENCIES:
  Stage-2 is a root stage
  Stage-1 depends on stages: Stage-2
  Stage-0 depends on stages: Stage-1

STAGE PLANS:
  Stage: Stage-2
    Spark
#### A masked pattern was here ####
      Vertices:
        Map 8 
            Map Operator Tree:
                TableScan
                  alias: warehouse
                  Statistics: Num rows: 27 Data size: 27802 Basic stats: COMPLETE Column stats: NONE
                  Filter Operator
                    predicate: w_warehouse_sk is not null (type: boolean)
                    Statistics: Num rows: 27 Data size: 27802 Basic stats: COMPLETE Column stats: NONE
                    Spark HashTable Sink Operator
                      keys:
                        0 _col14 (type: int)
                        1 w_warehouse_sk (type: int)
            Local Work:
              Map Reduce Local Work

  Stage: Stage-1
    Spark
      Edges:
        Reducer 2 <- Map 1 (PARTITION-LEVEL SORT, 329), Map 7 (PARTITION-LEVEL SORT, 329)
        Reducer 3 <- Map 9 (PARTITION-LEVEL SORT, 372), Reducer 2 (PARTITION-LEVEL SORT, 372)
        Reducer 4 <- Map 10 (PARTITION-LEVEL SORT, 406), Reducer 3 (PARTITION-LEVEL SORT, 406)
        Reducer 5 <- Reducer 4 (GROUP, 56)
        Reducer 6 <- Reducer 5 (SORT, 1)
#### A masked pattern was here ####
      Vertices:
        Map 1 
            Map Operator Tree:
                TableScan
                  alias: catalog_sales
                  Statistics: Num rows: 287989836 Data size: 38999608952 Basic stats: COMPLETE Column stats: NONE
                  Filter Operator
                    predicate: (cs_warehouse_sk is not null and cs_item_sk is not null and cs_sold_date_sk is not null) (type: boolean)
                    Statistics: Num rows: 287989836 Data size: 38999608952 Basic stats: COMPLETE Column stats: NONE
                    Reduce Output Operator
                      key expressions: cs_order_number (type: int), cs_item_sk (type: int)
                      sort order: ++
                      Map-reduce partition columns: cs_order_number (type: int), cs_item_sk (type: int)
                      Statistics: Num rows: 287989836 Data size: 38999608952 Basic stats: COMPLETE Column stats: NONE
                      value expressions: cs_sold_date_sk (type: int), cs_warehouse_sk (type: int), cs_sales_price (type: decimal(7,2))
        Map 10 
            Map Operator Tree:
                TableScan
                  alias: date_dim
                  Statistics: Num rows: 73049 Data size: 81741831 Basic stats: COMPLETE Column stats: NONE
                  Filter Operator
                    predicate: (d_date_sk is not null and d_date BETWEEN 1998-03-08 23:00:00.0 AND 1998-05-08 00:00:00.0) (type: boolean)
                    Statistics: Num rows: 36524 Data size: 40870356 Basic stats: COMPLETE Column stats: NONE
                    Reduce Output Operator
                      key expressions: d_date_sk (type: int)
                      sort order: +
                      Map-reduce partition columns: d_date_sk (type: int)
                      Statistics: Num rows: 36524 Data size: 40870356 Basic stats: COMPLETE Column stats: NONE
                      value expressions: d_date (type: string)
        Map 7 
            Map Operator Tree:
                TableScan
                  alias: catalog_returns
                  Statistics: Num rows: 28798881 Data size: 3057234680 Basic stats: COMPLETE Column stats: NONE
                  Filter Operator
                    predicate: cr_item_sk is not null (type: boolean)
                    Statistics: Num rows: 28798881 Data size: 3057234680 Basic stats: COMPLETE Column stats: NONE
                    Reduce Output Operator
                      key expressions: cr_order_number (type: int), cr_item_sk (type: int)
                      sort order: ++
                      Map-reduce partition columns: cr_order_number (type: int), cr_item_sk (type: int)
                      Statistics: Num rows: 28798881 Data size: 3057234680 Basic stats: COMPLETE Column stats: NONE
                      value expressions: cr_refunded_cash (type: decimal(7,2))
        Map 9 
            Map Operator Tree:
                TableScan
                  alias: item
                  Statistics: Num rows: 462000 Data size: 663560457 Basic stats: COMPLETE Column stats: NONE
                  Filter Operator
                    predicate: (i_item_sk is not null and i_current_price BETWEEN 0.99 AND 1.49) (type: boolean)
                    Statistics: Num rows: 231000 Data size: 331780228 Basic stats: COMPLETE Column stats: NONE
                    Reduce Output Operator
                      key expressions: i_item_sk (type: int)
                      sort order: +
                      Map-reduce partition columns: i_item_sk (type: int)
                      Statistics: Num rows: 231000 Data size: 331780228 Basic stats: COMPLETE Column stats: NONE
                      value expressions: i_item_id (type: string)
        Reducer 2 
            Local Work:
              Map Reduce Local Work
            Reduce Operator Tree:
              Join Operator
                condition map:
                     Left Outer Join0 to 1
                keys:
                  0 cs_order_number (type: int), cs_item_sk (type: int)
                  1 cr_order_number (type: int), cr_item_sk (type: int)
                outputColumnNames: _col0, _col14, _col15, _col21, _col60
                Statistics: Num rows: 316788826 Data size: 42899570777 Basic stats: COMPLETE Column stats: NONE
                Map Join Operator
                  condition map:
                       Inner Join 0 to 1
                  keys:
                    0 _col14 (type: int)
                    1 w_warehouse_sk (type: int)
                  outputColumnNames: _col0, _col14, _col15, _col21, _col60, _col67, _col77
                  input vertices:
                    1 Map 8
                  Statistics: Num rows: 348467716 Data size: 47189528877 Basic stats: COMPLETE Column stats: NONE
                  Reduce Output Operator
                    key expressions: _col15 (type: int)
                    sort order: +
                    Map-reduce partition columns: _col15 (type: int)
                    Statistics: Num rows: 348467716 Data size: 47189528877 Basic stats: COMPLETE Column stats: NONE
                    value expressions: _col0 (type: int), _col14 (type: int), _col21 (type: decimal(7,2)), _col60 (type: decimal(7,2)), _col67 (type: int), _col77 (type: string)
        Reducer 3 
            Reduce Operator Tree:
              Join Operator
                condition map:
                     Inner Join 0 to 1
                keys:
                  0 _col15 (type: int)
                  1 i_item_sk (type: int)
                outputColumnNames: _col0, _col14, _col15, _col21, _col60, _col67, _col77, _col84, _col85
                Statistics: Num rows: 383314495 Data size: 51908482889 Basic stats: COMPLETE Column stats: NONE
                Reduce Output Operator
                  key expressions: _col0 (type: int)
                  sort order: +
                  Map-reduce partition columns: _col0 (type: int)
                  Statistics: Num rows: 383314495 Data size: 51908482889 Basic stats: COMPLETE Column stats: NONE
                  value expressions: _col14 (type: int), _col15 (type: int), _col21 (type: decimal(7,2)), _col60 (type: decimal(7,2)), _col67 (type: int), _col77 (type: string), _col84 (type: int), _col85 (type: string)
        Reducer 4 
            Reduce Operator Tree:
              Join Operator
                condition map:
                     Inner Join 0 to 1
                keys:
                  0 _col0 (type: int)
                  1 d_date_sk (type: int)
                outputColumnNames: _col0, _col14, _col15, _col21, _col60, _col67, _col77, _col84, _col85, _col109, _col111
                Statistics: Num rows: 421645953 Data size: 57099332415 Basic stats: COMPLETE Column stats: NONE
                Filter Operator
                  predicate: ((_col84 = _col15) and (_col14 = _col67) and (_col0 = _col109)) (type: boolean)
                  Statistics: Num rows: 52705744 Data size: 7137416534 Basic stats: COMPLETE Column stats: NONE
                  Select Operator
                    expressions: _col21 (type: decimal(7,2)), _col60 (type: decimal(7,2)), _col77 (type: string), _col85 (type: string), _col111 (type: string)
                    outputColumnNames: _col21, _col60, _col77, _col85, _col111
                    Statistics: Num rows: 52705744 Data size: 7137416534 Basic stats: COMPLETE Column stats: NONE
                    Group By Operator
                      aggregations: sum(CASE WHEN ((CAST( _col111 AS DATE) < CAST( '1998-04-08' AS DATE))) THEN ((_col21 - COALESCE(_col60,0))) ELSE (0) END), sum(CASE WHEN ((CAST( _col111 AS DATE) >= CAST( '1998-04-08' AS DATE))) THEN ((_col21 - COALESCE(_col60,0))) ELSE (0) END)
                      keys: _col77 (type: string), _col85 (type: string)
                      mode: hash
                      outputColumnNames: _col0, _col1, _col2, _col3
                      Statistics: Num rows: 52705744 Data size: 7137416534 Basic stats: COMPLETE Column stats: NONE
                      Reduce Output Operator
                        key expressions: _col0 (type: string), _col1 (type: string)
                        sort order: ++
                        Map-reduce partition columns: _col0 (type: string), _col1 (type: string)
                        Statistics: Num rows: 52705744 Data size: 7137416534 Basic stats: COMPLETE Column stats: NONE
                        TopN Hash Memory Usage: 0.1
                        value expressions: _col2 (type: decimal(23,2)), _col3 (type: decimal(23,2))
        Reducer 5 
            Reduce Operator Tree:
              Group By Operator
                aggregations: sum(VALUE._col0), sum(VALUE._col1)
                keys: KEY._col0 (type: string), KEY._col1 (type: string)
                mode: mergepartial
                outputColumnNames: _col0, _col1, _col2, _col3
                Statistics: Num rows: 26352872 Data size: 3568708267 Basic stats: COMPLETE Column stats: NONE
                Reduce Output Operator
                  key expressions: _col0 (type: string), _col1 (type: string)
                  sort order: ++
                  Statistics: Num rows: 26352872 Data size: 3568708267 Basic stats: COMPLETE Column stats: NONE
                  TopN Hash Memory Usage: 0.1
                  value expressions: _col2 (type: decimal(23,2)), _col3 (type: decimal(23,2))
        Reducer 6 
            Reduce Operator Tree:
              Select Operator
                expressions: KEY.reducesinkkey0 (type: string), KEY.reducesinkkey1 (type: string), VALUE._col0 (type: decimal(23,2)), VALUE._col1 (type: decimal(23,2))
                outputColumnNames: _col0, _col1, _col2, _col3
                Statistics: Num rows: 26352872 Data size: 3568708267 Basic stats: COMPLETE Column stats: NONE
                Limit
                  Number of rows: 100
                  Statistics: Num rows: 100 Data size: 13500 Basic stats: COMPLETE Column stats: NONE
                  File Output Operator
                    compressed: false
                    Statistics: Num rows: 100 Data size: 13500 Basic stats: COMPLETE Column stats: NONE
                    table:
                        input format: org.apache.hadoop.mapred.SequenceFileInputFormat
                        output format: org.apache.hadoop.hive.ql.io.HiveSequenceFileOutputFormat
                        serde: org.apache.hadoop.hive.serde2.lazy.LazySimpleSerDe

  Stage: Stage-0
    Fetch Operator
      limit: 100
      Processor Tree:
        ListSink

