PREHOOK: query: explain
select  
    sum(ss_net_profit)/sum(ss_ext_sales_price) as gross_margin
   ,i_category
   ,i_class
   ,grouping(i_category)+grouping(i_class) as lochierarchy
   ,rank() over (
 	partition by grouping(i_category)+grouping(i_class),
 	case when grouping(i_class) = 0 then i_category end 
 	order by sum(ss_net_profit)/sum(ss_ext_sales_price) asc) as rank_within_parent
 from
    store_sales
   ,date_dim       d1
   ,item
   ,store
 where
    d1.d_year = 1999 
 and d1.d_date_sk = ss_sold_date_sk
 and i_item_sk  = ss_item_sk 
 and s_store_sk  = ss_store_sk
 and s_state in ('SD','FL','MI','LA',
                 'MO','SC','AL','GA')
 group by rollup(i_category,i_class)
 order by
   lochierarchy desc
  ,case when lochierarchy = 0 then i_category end
  ,rank_within_parent
  limit 100
PREHOOK: type: QUERY
POSTHOOK: query: explain
select  
    sum(ss_net_profit)/sum(ss_ext_sales_price) as gross_margin
   ,i_category
   ,i_class
   ,grouping(i_category)+grouping(i_class) as lochierarchy
   ,rank() over (
 	partition by grouping(i_category)+grouping(i_class),
 	case when grouping(i_class) = 0 then i_category end 
 	order by sum(ss_net_profit)/sum(ss_ext_sales_price) asc) as rank_within_parent
 from
    store_sales
   ,date_dim       d1
   ,item
   ,store
 where
    d1.d_year = 1999 
 and d1.d_date_sk = ss_sold_date_sk
 and i_item_sk  = ss_item_sk 
 and s_store_sk  = ss_store_sk
 and s_state in ('SD','FL','MI','LA',
                 'MO','SC','AL','GA')
 group by rollup(i_category,i_class)
 order by
   lochierarchy desc
  ,case when lochierarchy = 0 then i_category end
  ,rank_within_parent
  limit 100
POSTHOOK: type: QUERY
STAGE DEPENDENCIES:
  Stage-2 is a root stage
  Stage-1 depends on stages: Stage-2
  Stage-0 depends on stages: Stage-1

STAGE PLANS:
  Stage: Stage-2
    Spark
#### A masked pattern was here ####
      Vertices:
        Map 9 
            Map Operator Tree:
                TableScan
                  alias: store
                  Statistics: Num rows: 1704 Data size: 3256276 Basic stats: COMPLETE Column stats: NONE
                  Filter Operator
                    predicate: (s_store_sk is not null and (s_state) IN ('SD', 'FL', 'MI', 'LA', 'MO', 'SC', 'AL', 'GA')) (type: boolean)
                    Statistics: Num rows: 852 Data size: 1628138 Basic stats: COMPLETE Column stats: NONE
                    Spark HashTable Sink Operator
                      keys:
                        0 _col7 (type: int)
                        1 s_store_sk (type: int)
            Local Work:
              Map Reduce Local Work

  Stage: Stage-1
    Spark
      Edges:
        Reducer 2 <- Map 1 (PARTITION-LEVEL SORT, 398), Map 7 (PARTITION-LEVEL SORT, 398)
        Reducer 3 <- Map 8 (PARTITION-LEVEL SORT, 442), Reducer 2 (PARTITION-LEVEL SORT, 442)
        Reducer 4 <- Reducer 3 (GROUP, 199)
        Reducer 5 <- Reducer 4 (PARTITION-LEVEL SORT, 100)
        Reducer 6 <- Reducer 5 (SORT, 1)
#### A masked pattern was here ####
      Vertices:
        Map 1 
            Map Operator Tree:
                TableScan
                  alias: store_sales
                  Statistics: Num rows: 575995635 Data size: 50814502088 Basic stats: COMPLETE Column stats: NONE
                  Filter Operator
                    predicate: (ss_sold_date_sk is not null and ss_item_sk is not null and ss_store_sk is not null) (type: boolean)
                    Statistics: Num rows: 575995635 Data size: 50814502088 Basic stats: COMPLETE Column stats: NONE
                    Reduce Output Operator
                      key expressions: ss_sold_date_sk (type: int)
                      sort order: +
                      Map-reduce partition columns: ss_sold_date_sk (type: int)
                      Statistics: Num rows: 575995635 Data size: 50814502088 Basic stats: COMPLETE Column stats: NONE
                      value expressions: ss_item_sk (type: int), ss_store_sk (type: int), ss_ext_sales_price (type: decimal(7,2)), ss_net_profit (type: decimal(7,2))
        Map 7 
            Map Operator Tree:
                TableScan
                  alias: d1
                  Statistics: Num rows: 73049 Data size: 81741831 Basic stats: COMPLETE Column stats: NONE
                  Filter Operator
                    predicate: (d_date_sk is not null and (d_year = 1999)) (type: boolean)
                    Statistics: Num rows: 36524 Data size: 40870356 Basic stats: COMPLETE Column stats: NONE
                    Reduce Output Operator
                      key expressions: d_date_sk (type: int)
                      sort order: +
                      Map-reduce partition columns: d_date_sk (type: int)
                      Statistics: Num rows: 36524 Data size: 40870356 Basic stats: COMPLETE Column stats: NONE
        Map 8 
            Map Operator Tree:
                TableScan
                  alias: item
                  Statistics: Num rows: 462000 Data size: 663560457 Basic stats: COMPLETE Column stats: NONE
                  Filter Operator
                    predicate: i_item_sk is not null (type: boolean)
                    Statistics: Num rows: 462000 Data size: 663560457 Basic stats: COMPLETE Column stats: NONE
                    Reduce Output Operator
                      key expressions: i_item_sk (type: int)
                      sort order: +
                      Map-reduce partition columns: i_item_sk (type: int)
                      Statistics: Num rows: 462000 Data size: 663560457 Basic stats: COMPLETE Column stats: NONE
                      value expressions: i_class (type: string), i_category (type: string)
        Reducer 2 
            Reduce Operator Tree:
              Join Operator
                condition map:
                     Inner Join 0 to 1
                keys:
                  0 ss_sold_date_sk (type: int)
                  1 d_date_sk (type: int)
                outputColumnNames: _col0, _col2, _col7, _col15, _col22, _col26
                Statistics: Num rows: 633595212 Data size: 55895953508 Basic stats: COMPLETE Column stats: NONE
                Reduce Output Operator
                  key expressions: _col2 (type: int)
                  sort order: +
                  Map-reduce partition columns: _col2 (type: int)
                  Statistics: Num rows: 633595212 Data size: 55895953508 Basic stats: COMPLETE Column stats: NONE
                  value expressions: _col0 (type: int), _col7 (type: int), _col15 (type: decimal(7,2)), _col22 (type: decimal(7,2)), _col26 (type: int)
        Reducer 3 
            Local Work:
              Map Reduce Local Work
            Reduce Operator Tree:
              Join Operator
                condition map:
                     Inner Join 0 to 1
                keys:
                  0 _col2 (type: int)
                  1 i_item_sk (type: int)
                outputColumnNames: _col0, _col2, _col7, _col15, _col22, _col26, _col57, _col67, _col69
                Statistics: Num rows: 696954748 Data size: 61485550191 Basic stats: COMPLETE Column stats: NONE
                Map Join Operator
                  condition map:
                       Inner Join 0 to 1
                  keys:
                    0 _col7 (type: int)
                    1 s_store_sk (type: int)
                  outputColumnNames: _col0, _col2, _col7, _col15, _col22, _col26, _col57, _col67, _col69, _col82
                  input vertices:
                    1 Map 9
                  Statistics: Num rows: 766650239 Data size: 67634106676 Basic stats: COMPLETE Column stats: NONE
                  Filter Operator
                    predicate: ((_col57 = _col2) and (_col82 = _col7) and (_col26 = _col0)) (type: boolean)
                    Statistics: Num rows: 95831279 Data size: 8454263257 Basic stats: COMPLETE Column stats: NONE
                    Select Operator
                      expressions: _col15 (type: decimal(7,2)), _col22 (type: decimal(7,2)), _col67 (type: string), _col69 (type: string)
                      outputColumnNames: _col15, _col22, _col67, _col69
                      Statistics: Num rows: 95831279 Data size: 8454263257 Basic stats: COMPLETE Column stats: NONE
                      Group By Operator
                        aggregations: sum(_col22), sum(_col15)
                        keys: _col69 (type: string), _col67 (type: string), 0 (type: int)
                        mode: hash
                        outputColumnNames: _col0, _col1, _col2, _col3, _col4
                        Statistics: Num rows: 287493837 Data size: 25362789771 Basic stats: COMPLETE Column stats: NONE
                        Reduce Output Operator
                          key expressions: _col0 (type: string), _col1 (type: string), _col2 (type: int)
                          sort order: +++
                          Map-reduce partition columns: _col0 (type: string), _col1 (type: string), _col2 (type: int)
                          Statistics: Num rows: 287493837 Data size: 25362789771 Basic stats: COMPLETE Column stats: NONE
                          value expressions: _col3 (type: decimal(17,2)), _col4 (type: decimal(17,2))
        Reducer 4 
            Reduce Operator Tree:
              Group By Operator
                aggregations: sum(VALUE._col0), sum(VALUE._col1)
                keys: KEY._col0 (type: string), KEY._col1 (type: string), KEY._col2 (type: int)
                mode: mergepartial
                outputColumnNames: _col0, _col1, _col2, _col3, _col4
                Statistics: Num rows: 143746918 Data size: 12681394841 Basic stats: COMPLETE Column stats: NONE
                Reduce Output Operator
                  key expressions: (grouping(_col2, 0) + grouping(_col2, 1)) (type: tinyint), CASE WHEN ((grouping(_col2, 1) = 0)) THEN (_col0) END (type: string), (_col3 / _col4) (type: decimal(37,20))
                  sort order: +++
                  Map-reduce partition columns: (grouping(_col2, 0) + grouping(_col2, 1)) (type: tinyint), CASE WHEN ((grouping(_col2, 1) = 0)) THEN (_col0) END (type: string)
                  Statistics: Num rows: 143746918 Data size: 12681394841 Basic stats: COMPLETE Column stats: NONE
                  value expressions: _col0 (type: string), _col1 (type: string), _col2 (type: int), _col3 (type: decimal(17,2)), _col4 (type: decimal(17,2))
        Reducer 5 
            Reduce Operator Tree:
              Select Operator
                expressions: VALUE._col0 (type: string), VALUE._col1 (type: string), VALUE._col2 (type: int), VALUE._col3 (type: decimal(17,2)), VALUE._col4 (type: decimal(17,2))
                outputColumnNames: _col0, _col1, _col2, _col3, _col4
                Statistics: Num rows: 143746918 Data size: 12681394841 Basic stats: COMPLETE Column stats: NONE
                PTF Operator
                  Function definitions:
                      Input definition
                        input alias: ptf_0
                        output shape: _col0: string, _col1: string, _col2: int, _col3: decimal(17,2), _col4: decimal(17,2)
                        type: WINDOWING
                      Windowing table definition
                        input alias: ptf_1
                        name: windowingtablefunction
                        order by: (_col3 / _col4) ASC NULLS FIRST
                        partition by: (grouping(_col2, 0) + grouping(_col2, 1)), CASE WHEN ((grouping(_col2, 1) = 0)) THEN (_col0) END
                        raw input shape:
                        window functions:
                            window function definition
                              alias: rank_window_0
                              arguments: (_col3 / _col4)
                              name: rank
                              window function: GenericUDAFRankEvaluator
                              window frame: PRECEDING(MAX)~FOLLOWING(MAX)
                              isPivotResult: true
                  Statistics: Num rows: 143746918 Data size: 12681394841 Basic stats: COMPLETE Column stats: NONE
                  Select Operator
                    expressions: (_col3 / _col4) (type: decimal(37,20)), _col0 (type: string), _col1 (type: string), (grouping(_col2, 0) + grouping(_col2, 1)) (type: tinyint), rank_window_0 (type: int)
                    outputColumnNames: _col0, _col1, _col2, _col3, _col4
                    Statistics: Num rows: 143746918 Data size: 12681394841 Basic stats: COMPLETE Column stats: NONE
                    Reduce Output Operator
                      key expressions: _col3 (type: tinyint), CASE WHEN ((_col3 = 0)) THEN (_col1) END (type: string), _col4 (type: int)
                      sort order: -++
                      Statistics: Num rows: 143746918 Data size: 12681394841 Basic stats: COMPLETE Column stats: NONE
                      TopN Hash Memory Usage: 0.1
                      value expressions: _col0 (type: decimal(37,20)), _col1 (type: string), _col2 (type: string)
        Reducer 6 
            Reduce Operator Tree:
              Select Operator
                expressions: VALUE._col0 (type: decimal(37,20)), VALUE._col1 (type: string), VALUE._col2 (type: string), KEY.reducesinkkey0 (type: tinyint), KEY.reducesinkkey2 (type: int)
                outputColumnNames: _col0, _col1, _col2, _col3, _col4
                Statistics: Num rows: 143746918 Data size: 12681394841 Basic stats: COMPLETE Column stats: NONE
                Limit
                  Number of rows: 100
                  Statistics: Num rows: 100 Data size: 8800 Basic stats: COMPLETE Column stats: NONE
                  File Output Operator
                    compressed: false
                    Statistics: Num rows: 100 Data size: 8800 Basic stats: COMPLETE Column stats: NONE
                    table:
                        input format: org.apache.hadoop.mapred.SequenceFileInputFormat
                        output format: org.apache.hadoop.hive.ql.io.HiveSequenceFileOutputFormat
                        serde: org.apache.hadoop.hive.serde2.lazy.LazySimpleSerDe

  Stage: Stage-0
    Fetch Operator
      limit: 100
      Processor Tree:
        ListSink

