PREHOOK: query: explain
select  * 
from (select i_manager_id
             ,sum(ss_sales_price) sum_sales
             ,avg(sum(ss_sales_price)) over (partition by i_manager_id) avg_monthly_sales
      from item
          ,store_sales
          ,date_dim
          ,store
      where ss_item_sk = i_item_sk
        and ss_sold_date_sk = d_date_sk
        and ss_store_sk = s_store_sk
        and d_month_seq in (1212,1212+1,1212+2,1212+3,1212+4,1212+5,1212+6,1212+7,1212+8,1212+9,1212+10,1212+11)
        and ((    i_category in ('Books','Children','Electronics')
              and i_class in ('personal','portable','refernece','self-help')
              and i_brand in ('scholaramalgamalg #14','scholaramalgamalg #7',
		                  'exportiunivamalg #9','scholaramalgamalg #9'))
           or(    i_category in ('Women','Music','Men')
              and i_class in ('accessories','classical','fragrances','pants')
              and i_brand in ('amalgimporto #1','edu packscholar #1','exportiimporto #1',
		                 'importoamalg #1')))
group by i_manager_id, d_moy) tmp1
where case when avg_monthly_sales > 0 then abs (sum_sales - avg_monthly_sales) / avg_monthly_sales else null end > 0.1
order by i_manager_id
        ,avg_monthly_sales
        ,sum_sales
limit 100
PREHOOK: type: QUERY
POSTHOOK: query: explain
select  * 
from (select i_manager_id
             ,sum(ss_sales_price) sum_sales
             ,avg(sum(ss_sales_price)) over (partition by i_manager_id) avg_monthly_sales
      from item
          ,store_sales
          ,date_dim
          ,store
      where ss_item_sk = i_item_sk
        and ss_sold_date_sk = d_date_sk
        and ss_store_sk = s_store_sk
        and d_month_seq in (1212,1212+1,1212+2,1212+3,1212+4,1212+5,1212+6,1212+7,1212+8,1212+9,1212+10,1212+11)
        and ((    i_category in ('Books','Children','Electronics')
              and i_class in ('personal','portable','refernece','self-help')
              and i_brand in ('scholaramalgamalg #14','scholaramalgamalg #7',
		                  'exportiunivamalg #9','scholaramalgamalg #9'))
           or(    i_category in ('Women','Music','Men')
              and i_class in ('accessories','classical','fragrances','pants')
              and i_brand in ('amalgimporto #1','edu packscholar #1','exportiimporto #1',
		                 'importoamalg #1')))
group by i_manager_id, d_moy) tmp1
where case when avg_monthly_sales > 0 then abs (sum_sales - avg_monthly_sales) / avg_monthly_sales else null end > 0.1
order by i_manager_id
        ,avg_monthly_sales
        ,sum_sales
limit 100
POSTHOOK: type: QUERY
STAGE DEPENDENCIES:
  Stage-2 is a root stage
  Stage-1 depends on stages: Stage-2
  Stage-0 depends on stages: Stage-1

STAGE PLANS:
  Stage: Stage-2
    Spark
#### A masked pattern was here ####
      Vertices:
        Map 8 
            Map Operator Tree:
                TableScan
                  alias: store
                  Statistics: Num rows: 1704 Data size: 3256276 Basic stats: COMPLETE Column stats: NONE
                  Filter Operator
                    predicate: s_store_sk is not null (type: boolean)
                    Statistics: Num rows: 1704 Data size: 3256276 Basic stats: COMPLETE Column stats: NONE
                    Spark HashTable Sink Operator
                      keys:
                        0 _col32 (type: int)
                        1 s_store_sk (type: int)
            Local Work:
              Map Reduce Local Work

  Stage: Stage-1
    Spark
      Edges:
        Reducer 2 <- Map 1 (PARTITION-LEVEL SORT, 399), Map 6 (PARTITION-LEVEL SORT, 399)
        Reducer 3 <- Map 7 (PARTITION-LEVEL SORT, 438), Reducer 2 (PARTITION-LEVEL SORT, 438)
        Reducer 4 <- Reducer 3 (GROUP PARTITION-LEVEL SORT, 67)
        Reducer 5 <- Reducer 4 (SORT, 1)
#### A masked pattern was here ####
      Vertices:
        Map 1 
            Map Operator Tree:
                TableScan
                  alias: item
                  Statistics: Num rows: 462000 Data size: 663560457 Basic stats: COMPLETE Column stats: NONE
                  Filter Operator
                    predicate: (i_item_sk is not null and (((i_category) IN ('Books', 'Children', 'Electronics') and (i_class) IN ('personal', 'portable', 'refernece', 'self-help') and (i_brand) IN ('scholaramalgamalg #14', 'scholaramalgamalg #7', 'exportiunivamalg #9', 'scholaramalgamalg #9')) or ((i_category) IN ('Women', 'Music', 'Men') and (i_class) IN ('accessories', 'classical', 'fragrances', 'pants') and (i_brand) IN ('amalgimporto #1', 'edu packscholar #1', 'exportiimporto #1', 'importoamalg #1')))) (type: boolean)
                    Statistics: Num rows: 115500 Data size: 165890114 Basic stats: COMPLETE Column stats: NONE
                    Reduce Output Operator
                      key expressions: i_item_sk (type: int)
                      sort order: +
                      Map-reduce partition columns: i_item_sk (type: int)
                      Statistics: Num rows: 115500 Data size: 165890114 Basic stats: COMPLETE Column stats: NONE
                      value expressions: i_manager_id (type: int)
        Map 6 
            Map Operator Tree:
                TableScan
                  alias: store_sales
                  Statistics: Num rows: 575995635 Data size: 50814502088 Basic stats: COMPLETE Column stats: NONE
                  Filter Operator
                    predicate: (ss_item_sk is not null and ss_sold_date_sk is not null and ss_store_sk is not null) (type: boolean)
                    Statistics: Num rows: 575995635 Data size: 50814502088 Basic stats: COMPLETE Column stats: NONE
                    Reduce Output Operator
                      key expressions: ss_item_sk (type: int)
                      sort order: +
                      Map-reduce partition columns: ss_item_sk (type: int)
                      Statistics: Num rows: 575995635 Data size: 50814502088 Basic stats: COMPLETE Column stats: NONE
                      value expressions: ss_sold_date_sk (type: int), ss_store_sk (type: int), ss_sales_price (type: decimal(7,2))
        Map 7 
            Map Operator Tree:
                TableScan
                  alias: date_dim
                  Statistics: Num rows: 73049 Data size: 81741831 Basic stats: COMPLETE Column stats: NONE
                  Filter Operator
                    predicate: (d_date_sk is not null and (d_month_seq) IN (1212, 1213, 1214, 1215, 1216, 1217, 1218, 1219, 1220, 1221, 1222, 1223)) (type: boolean)
                    Statistics: Num rows: 36525 Data size: 40871475 Basic stats: COMPLETE Column stats: NONE
                    Reduce Output Operator
                      key expressions: d_date_sk (type: int)
                      sort order: +
                      Map-reduce partition columns: d_date_sk (type: int)
                      Statistics: Num rows: 36525 Data size: 40871475 Basic stats: COMPLETE Column stats: NONE
                      value expressions: d_moy (type: int)
        Reducer 2 
            Reduce Operator Tree:
              Join Operator
                condition map:
                     Inner Join 0 to 1
                keys:
                  0 i_item_sk (type: int)
                  1 ss_item_sk (type: int)
                outputColumnNames: _col0, _col20, _col25, _col27, _col32, _col38
                Statistics: Num rows: 633595212 Data size: 55895953508 Basic stats: COMPLETE Column stats: NONE
                Reduce Output Operator
                  key expressions: _col25 (type: int)
                  sort order: +
                  Map-reduce partition columns: _col25 (type: int)
                  Statistics: Num rows: 633595212 Data size: 55895953508 Basic stats: COMPLETE Column stats: NONE
                  value expressions: _col0 (type: int), _col20 (type: int), _col27 (type: int), _col32 (type: int), _col38 (type: decimal(7,2))
        Reducer 3 
            Local Work:
              Map Reduce Local Work
            Reduce Operator Tree:
              Join Operator
                condition map:
                     Inner Join 0 to 1
                keys:
                  0 _col25 (type: int)
                  1 d_date_sk (type: int)
                outputColumnNames: _col0, _col20, _col25, _col27, _col32, _col38, _col51, _col59
                Statistics: Num rows: 696954748 Data size: 61485550191 Basic stats: COMPLETE Column stats: NONE
                Map Join Operator
                  condition map:
                       Inner Join 0 to 1
                  keys:
                    0 _col32 (type: int)
                    1 s_store_sk (type: int)
                  outputColumnNames: _col0, _col20, _col25, _col27, _col32, _col38, _col51, _col59, _col82
                  input vertices:
                    1 Map 8
                  Statistics: Num rows: 766650239 Data size: 67634106676 Basic stats: COMPLETE Column stats: NONE
                  Filter Operator
                    predicate: ((_col27 = _col0) and (_col25 = _col51) and (_col32 = _col82)) (type: boolean)
                    Statistics: Num rows: 95831279 Data size: 8454263257 Basic stats: COMPLETE Column stats: NONE
                    Select Operator
                      expressions: _col20 (type: int), _col38 (type: decimal(7,2)), _col59 (type: int)
                      outputColumnNames: _col20, _col38, _col59
                      Statistics: Num rows: 95831279 Data size: 8454263257 Basic stats: COMPLETE Column stats: NONE
                      Group By Operator
                        aggregations: sum(_col38)
                        keys: _col20 (type: int), _col59 (type: int)
                        mode: hash
                        outputColumnNames: _col0, _col1, _col2
                        Statistics: Num rows: 95831279 Data size: 8454263257 Basic stats: COMPLETE Column stats: NONE
                        Reduce Output Operator
                          key expressions: _col0 (type: int), _col1 (type: int)
                          sort order: ++
                          Map-reduce partition columns: _col0 (type: int)
                          Statistics: Num rows: 95831279 Data size: 8454263257 Basic stats: COMPLETE Column stats: NONE
                          value expressions: _col2 (type: decimal(17,2))
        Reducer 4 
            Reduce Operator Tree:
              Group By Operator
                aggregations: sum(VALUE._col0)
                keys: KEY._col0 (type: int), KEY._col1 (type: int)
                mode: mergepartial
                outputColumnNames: _col0, _col1, _col2
                Statistics: Num rows: 47915639 Data size: 4227131584 Basic stats: COMPLETE Column stats: NONE
                Select Operator
                  expressions: _col0 (type: int), _col2 (type: decimal(17,2))
                  outputColumnNames: _col0, _col2
                  Statistics: Num rows: 47915639 Data size: 4227131584 Basic stats: COMPLETE Column stats: NONE
                  PTF Operator
                    Function definitions:
                        Input definition
                          input alias: ptf_0
                          output shape: _col0: int, _col2: decimal(17,2)
                          type: WINDOWING
                        Windowing table definition
                          input alias: ptf_1
                          name: windowingtablefunction
                          order by: _col0 ASC NULLS FIRST
                          partition by: _col0
                          raw input shape:
                          window functions:
                              window function definition
                                alias: avg_window_0
                                arguments: _col2
                                name: avg
                                window function: GenericUDAFAverageEvaluatorDecimal
                                window frame: PRECEDING(MAX)~FOLLOWING(MAX)
                    Statistics: Num rows: 47915639 Data size: 4227131584 Basic stats: COMPLETE Column stats: NONE
                    Filter Operator
                      predicate: (CASE WHEN ((avg_window_0 > 0)) THEN ((abs((_col2 - avg_window_0)) / avg_window_0)) ELSE (null) END > 0.1) (type: boolean)
                      Statistics: Num rows: 15971879 Data size: 1409043802 Basic stats: COMPLETE Column stats: NONE
                      Select Operator
                        expressions: _col0 (type: int), _col2 (type: decimal(17,2)), avg_window_0 (type: decimal(21,6))
                        outputColumnNames: _col0, _col1, _col2
                        Statistics: Num rows: 15971879 Data size: 1409043802 Basic stats: COMPLETE Column stats: NONE
                        Reduce Output Operator
                          key expressions: _col0 (type: int), _col2 (type: decimal(21,6)), _col1 (type: decimal(17,2))
                          sort order: +++
                          Statistics: Num rows: 15971879 Data size: 1409043802 Basic stats: COMPLETE Column stats: NONE
                          TopN Hash Memory Usage: 0.1
        Reducer 5 
            Reduce Operator Tree:
              Select Operator
                expressions: KEY.reducesinkkey0 (type: int), KEY.reducesinkkey2 (type: decimal(17,2)), KEY.reducesinkkey1 (type: decimal(21,6))
                outputColumnNames: _col0, _col1, _col2
                Statistics: Num rows: 15971879 Data size: 1409043802 Basic stats: COMPLETE Column stats: NONE
                Limit
                  Number of rows: 100
                  Statistics: Num rows: 100 Data size: 8800 Basic stats: COMPLETE Column stats: NONE
                  File Output Operator
                    compressed: false
                    Statistics: Num rows: 100 Data size: 8800 Basic stats: COMPLETE Column stats: NONE
                    table:
                        input format: org.apache.hadoop.mapred.SequenceFileInputFormat
                        output format: org.apache.hadoop.hive.ql.io.HiveSequenceFileOutputFormat
                        serde: org.apache.hadoop.hive.serde2.lazy.LazySimpleSerDe

  Stage: Stage-0
    Fetch Operator
      limit: 100
      Processor Tree:
        ListSink

