PREHOOK: query: explain
select  i_item_id
       ,i_item_desc
       ,i_current_price
 from item, inventory, date_dim, catalog_sales
 where i_current_price between 22 and 22 + 30
 and inv_item_sk = i_item_sk
 and d_date_sk=inv_date_sk
 and d_date between cast('2001-06-02' as date) and (cast('2001-06-02' as date) +  60 days)
 and i_manufact_id in (678,964,918,849)
 and inv_quantity_on_hand between 100 and 500
 and cs_item_sk = i_item_sk
 group by i_item_id,i_item_desc,i_current_price
 order by i_item_id
 limit 100
PREHOOK: type: QUERY
POSTHOOK: query: explain
select  i_item_id
       ,i_item_desc
       ,i_current_price
 from item, inventory, date_dim, catalog_sales
 where i_current_price between 22 and 22 + 30
 and inv_item_sk = i_item_sk
 and d_date_sk=inv_date_sk
 and d_date between cast('2001-06-02' as date) and (cast('2001-06-02' as date) +  60 days)
 and i_manufact_id in (678,964,918,849)
 and inv_quantity_on_hand between 100 and 500
 and cs_item_sk = i_item_sk
 group by i_item_id,i_item_desc,i_current_price
 order by i_item_id
 limit 100
POSTHOOK: type: QUERY
STAGE DEPENDENCIES:
  Stage-1 is a root stage
  Stage-0 depends on stages: Stage-1

STAGE PLANS:
  Stage: Stage-1
    Spark
      Edges:
        Reducer 2 <- Map 1 (PARTITION-LEVEL SORT, 309), Map 6 (PARTITION-LEVEL SORT, 309), Map 8 (PARTITION-LEVEL SORT, 309)
        Reducer 3 <- Map 7 (PARTITION-LEVEL SORT, 671), Reducer 2 (PARTITION-LEVEL SORT, 671)
        Reducer 4 <- Reducer 3 (GROUP, 93)
        Reducer 5 <- Reducer 4 (SORT, 1)
#### A masked pattern was here ####
      Vertices:
        Map 1 
            Map Operator Tree:
                TableScan
                  alias: item
                  Statistics: Num rows: 462000 Data size: 663560457 Basic stats: COMPLETE Column stats: NONE
                  Filter Operator
                    predicate: (i_item_sk is not null and i_current_price BETWEEN 22 AND 52 and (i_manufact_id) IN (678, 964, 918, 849)) (type: boolean)
                    Statistics: Num rows: 115500 Data size: 165890114 Basic stats: COMPLETE Column stats: NONE
                    Reduce Output Operator
                      key expressions: i_item_sk (type: int)
                      sort order: +
                      Map-reduce partition columns: i_item_sk (type: int)
                      Statistics: Num rows: 115500 Data size: 165890114 Basic stats: COMPLETE Column stats: NONE
                      value expressions: i_item_id (type: string), i_item_desc (type: string), i_current_price (type: decimal(7,2))
        Map 6 
            Map Operator Tree:
                TableScan
                  alias: inventory
                  Statistics: Num rows: 37584000 Data size: 593821104 Basic stats: COMPLETE Column stats: NONE
                  Filter Operator
                    predicate: (inv_item_sk is not null and inv_date_sk is not null and inv_quantity_on_hand BETWEEN 100 AND 500) (type: boolean)
                    Statistics: Num rows: 18792000 Data size: 296910552 Basic stats: COMPLETE Column stats: NONE
                    Reduce Output Operator
                      key expressions: inv_item_sk (type: int)
                      sort order: +
                      Map-reduce partition columns: inv_item_sk (type: int)
                      Statistics: Num rows: 18792000 Data size: 296910552 Basic stats: COMPLETE Column stats: NONE
                      value expressions: inv_date_sk (type: int)
        Map 7 
            Map Operator Tree:
                TableScan
                  alias: date_dim
                  Statistics: Num rows: 73049 Data size: 81741831 Basic stats: COMPLETE Column stats: NONE
                  Filter Operator
                    predicate: (d_date_sk is not null and d_date BETWEEN 2001-06-02 AND 2001-08-01 00:00:00.0) (type: boolean)
                    Statistics: Num rows: 36524 Data size: 40870356 Basic stats: COMPLETE Column stats: NONE
                    Reduce Output Operator
                      key expressions: d_date_sk (type: int)
                      sort order: +
                      Map-reduce partition columns: d_date_sk (type: int)
                      Statistics: Num rows: 36524 Data size: 40870356 Basic stats: COMPLETE Column stats: NONE
        Map 8 
            Map Operator Tree:
                TableScan
                  alias: catalog_sales
                  Statistics: Num rows: 287989836 Data size: 38999608952 Basic stats: COMPLETE Column stats: NONE
                  Filter Operator
                    predicate: cs_item_sk is not null (type: boolean)
                    Statistics: Num rows: 287989836 Data size: 38999608952 Basic stats: COMPLETE Column stats: NONE
                    Reduce Output Operator
                      key expressions: cs_item_sk (type: int)
                      sort order: +
                      Map-reduce partition columns: cs_item_sk (type: int)
                      Statistics: Num rows: 287989836 Data size: 38999608952 Basic stats: COMPLETE Column stats: NONE
        Reducer 2 
            Reduce Operator Tree:
              Join Operator
                condition map:
                     Inner Join 0 to 1
                     Inner Join 0 to 2
                keys:
                  0 i_item_sk (type: int)
                  1 inv_item_sk (type: int)
                  2 cs_item_sk (type: int)
                outputColumnNames: _col0, _col1, _col4, _col5, _col25, _col26, _col47
                Statistics: Num rows: 633577652 Data size: 85799141554 Basic stats: COMPLETE Column stats: NONE
                Reduce Output Operator
                  key expressions: _col25 (type: int)
                  sort order: +
                  Map-reduce partition columns: _col25 (type: int)
                  Statistics: Num rows: 633577652 Data size: 85799141554 Basic stats: COMPLETE Column stats: NONE
                  value expressions: _col0 (type: int), _col1 (type: string), _col4 (type: string), _col5 (type: decimal(7,2)), _col26 (type: int), _col47 (type: int)
        Reducer 3 
            Reduce Operator Tree:
              Join Operator
                condition map:
                     Inner Join 0 to 1
                keys:
                  0 _col25 (type: int)
                  1 d_date_sk (type: int)
                outputColumnNames: _col0, _col1, _col4, _col5, _col25, _col26, _col47, _col69
                Statistics: Num rows: 696935432 Data size: 94379057755 Basic stats: COMPLETE Column stats: NONE
                Filter Operator
                  predicate: ((_col69 = _col25) and (_col47 = _col0) and (_col26 = _col0)) (type: boolean)
                  Statistics: Num rows: 87116929 Data size: 11797382219 Basic stats: COMPLETE Column stats: NONE
                  Select Operator
                    expressions: _col1 (type: string), _col4 (type: string), _col5 (type: decimal(7,2))
                    outputColumnNames: _col1, _col4, _col5
                    Statistics: Num rows: 87116929 Data size: 11797382219 Basic stats: COMPLETE Column stats: NONE
                    Group By Operator
                      keys: _col1 (type: string), _col4 (type: string), _col5 (type: decimal(7,2))
                      mode: hash
                      outputColumnNames: _col0, _col1, _col2
                      Statistics: Num rows: 87116929 Data size: 11797382219 Basic stats: COMPLETE Column stats: NONE
                      Reduce Output Operator
                        key expressions: _col0 (type: string), _col1 (type: string), _col2 (type: decimal(7,2))
                        sort order: +++
                        Map-reduce partition columns: _col0 (type: string), _col1 (type: string), _col2 (type: decimal(7,2))
                        Statistics: Num rows: 87116929 Data size: 11797382219 Basic stats: COMPLETE Column stats: NONE
                        TopN Hash Memory Usage: 0.1
        Reducer 4 
            Reduce Operator Tree:
              Group By Operator
                keys: KEY._col0 (type: string), KEY._col1 (type: string), KEY._col2 (type: decimal(7,2))
                mode: mergepartial
                outputColumnNames: _col0, _col1, _col2
                Statistics: Num rows: 43558464 Data size: 5898691041 Basic stats: COMPLETE Column stats: NONE
                Reduce Output Operator
                  key expressions: _col0 (type: string)
                  sort order: +
                  Statistics: Num rows: 43558464 Data size: 5898691041 Basic stats: COMPLETE Column stats: NONE
                  TopN Hash Memory Usage: 0.1
                  value expressions: _col1 (type: string), _col2 (type: decimal(7,2))
        Reducer 5 
            Reduce Operator Tree:
              Select Operator
                expressions: KEY.reducesinkkey0 (type: string), VALUE._col0 (type: string), VALUE._col1 (type: decimal(7,2))
                outputColumnNames: _col0, _col1, _col2
                Statistics: Num rows: 43558464 Data size: 5898691041 Basic stats: COMPLETE Column stats: NONE
                Limit
                  Number of rows: 100
                  Statistics: Num rows: 100 Data size: 13500 Basic stats: COMPLETE Column stats: NONE
                  File Output Operator
                    compressed: false
                    Statistics: Num rows: 100 Data size: 13500 Basic stats: COMPLETE Column stats: NONE
                    table:
                        input format: org.apache.hadoop.mapred.SequenceFileInputFormat
                        output format: org.apache.hadoop.hive.ql.io.HiveSequenceFileOutputFormat
                        serde: org.apache.hadoop.hive.serde2.lazy.LazySimpleSerDe

  Stage: Stage-0
    Fetch Operator
      limit: 100
      Processor Tree:
        ListSink

