PREHOOK: query: explain
select c_last_name
       ,c_first_name
       ,c_salutation
       ,c_preferred_cust_flag
       ,ss_ticket_number
       ,cnt from
   (select ss_ticket_number
          ,ss_customer_sk
          ,count(*) cnt
    from store_sales,date_dim,store,household_demographics
    where store_sales.ss_sold_date_sk = date_dim.d_date_sk
    and store_sales.ss_store_sk = store.s_store_sk  
    and store_sales.ss_hdemo_sk = household_demographics.hd_demo_sk
    and (date_dim.d_dom between 1 and 3 or date_dim.d_dom between 25 and 28)
    and (household_demographics.hd_buy_potential = '>10000' or
         household_demographics.hd_buy_potential = 'unknown')
    and household_demographics.hd_vehicle_count > 0
    and (case when household_demographics.hd_vehicle_count > 0 
	then household_demographics.hd_dep_count/ household_demographics.hd_vehicle_count 
	else null 
	end)  > 1.2
    and date_dim.d_year in (2000,2000+1,2000+2)
    and store.s_county in ('Mobile County','Maverick County','Huron County','Kittitas County',
                           'Fairfield County','Jackson County','Barrow County','Pennington County')
    group by ss_ticket_number,ss_customer_sk) dn,customer
    where ss_customer_sk = c_customer_sk
      and cnt between 15 and 20
    order by c_last_name,c_first_name,c_salutation,c_preferred_cust_flag desc, ss_ticket_number
PREHOOK: type: QUERY
POSTHOOK: query: explain
select c_last_name
       ,c_first_name
       ,c_salutation
       ,c_preferred_cust_flag
       ,ss_ticket_number
       ,cnt from
   (select ss_ticket_number
          ,ss_customer_sk
          ,count(*) cnt
    from store_sales,date_dim,store,household_demographics
    where store_sales.ss_sold_date_sk = date_dim.d_date_sk
    and store_sales.ss_store_sk = store.s_store_sk  
    and store_sales.ss_hdemo_sk = household_demographics.hd_demo_sk
    and (date_dim.d_dom between 1 and 3 or date_dim.d_dom between 25 and 28)
    and (household_demographics.hd_buy_potential = '>10000' or
         household_demographics.hd_buy_potential = 'unknown')
    and household_demographics.hd_vehicle_count > 0
    and (case when household_demographics.hd_vehicle_count > 0 
	then household_demographics.hd_dep_count/ household_demographics.hd_vehicle_count 
	else null 
	end)  > 1.2
    and date_dim.d_year in (2000,2000+1,2000+2)
    and store.s_county in ('Mobile County','Maverick County','Huron County','Kittitas County',
                           'Fairfield County','Jackson County','Barrow County','Pennington County')
    group by ss_ticket_number,ss_customer_sk) dn,customer
    where ss_customer_sk = c_customer_sk
      and cnt between 15 and 20
    order by c_last_name,c_first_name,c_salutation,c_preferred_cust_flag desc, ss_ticket_number
POSTHOOK: type: QUERY
STAGE DEPENDENCIES:
  Stage-2 is a root stage
  Stage-1 depends on stages: Stage-2
  Stage-0 depends on stages: Stage-1

STAGE PLANS:
  Stage: Stage-2
    Spark
#### A masked pattern was here ####
      Vertices:
        Map 7 
            Map Operator Tree:
                TableScan
                  alias: store
                  Statistics: Num rows: 1704 Data size: 3256276 Basic stats: COMPLETE Column stats: NONE
                  Filter Operator
                    predicate: (s_store_sk is not null and (s_county) IN ('Mobile County', 'Maverick County', 'Huron County', 'Kittitas County', 'Fairfield County', 'Jackson County', 'Barrow County', 'Pennington County')) (type: boolean)
                    Statistics: Num rows: 852 Data size: 1628138 Basic stats: COMPLETE Column stats: NONE
                    Spark HashTable Sink Operator
                      keys:
                        0 _col7 (type: int)
                        1 s_store_sk (type: int)
            Local Work:
              Map Reduce Local Work
        Map 8 
            Map Operator Tree:
                TableScan
                  alias: household_demographics
                  Statistics: Num rows: 7200 Data size: 770400 Basic stats: COMPLETE Column stats: NONE
                  Filter Operator
                    predicate: (hd_demo_sk is not null and ((hd_buy_potential = '>10000') or (hd_buy_potential = 'unknown')) and (hd_vehicle_count > 0) and (CASE WHEN ((hd_vehicle_count > 0)) THEN ((hd_dep_count / hd_vehicle_count)) ELSE (null) END > 1.2)) (type: boolean)
                    Statistics: Num rows: 800 Data size: 85600 Basic stats: COMPLETE Column stats: NONE
                    Spark HashTable Sink Operator
                      keys:
                        0 _col5 (type: int)
                        1 hd_demo_sk (type: int)
            Local Work:
              Map Reduce Local Work

  Stage: Stage-1
    Spark
      Edges:
        Reducer 2 <- Map 1 (PARTITION-LEVEL SORT, 398), Map 6 (PARTITION-LEVEL SORT, 398)
        Reducer 4 <- Map 9 (PARTITION-LEVEL SORT, 555), Reducer 3 (PARTITION-LEVEL SORT, 555)
        Reducer 3 <- Reducer 2 (GROUP, 67)
        Reducer 5 <- Reducer 4 (SORT, 1)
#### A masked pattern was here ####
      Vertices:
        Map 1 
            Map Operator Tree:
                TableScan
                  alias: store_sales
                  Statistics: Num rows: 575995635 Data size: 50814502088 Basic stats: COMPLETE Column stats: NONE
                  Filter Operator
                    predicate: (ss_sold_date_sk is not null and ss_store_sk is not null and ss_hdemo_sk is not null and ss_customer_sk is not null) (type: boolean)
                    Statistics: Num rows: 575995635 Data size: 50814502088 Basic stats: COMPLETE Column stats: NONE
                    Reduce Output Operator
                      key expressions: ss_sold_date_sk (type: int)
                      sort order: +
                      Map-reduce partition columns: ss_sold_date_sk (type: int)
                      Statistics: Num rows: 575995635 Data size: 50814502088 Basic stats: COMPLETE Column stats: NONE
                      value expressions: ss_customer_sk (type: int), ss_hdemo_sk (type: int), ss_store_sk (type: int), ss_ticket_number (type: int)
        Map 6 
            Map Operator Tree:
                TableScan
                  alias: date_dim
                  Statistics: Num rows: 73049 Data size: 81741831 Basic stats: COMPLETE Column stats: NONE
                  Filter Operator
                    predicate: (d_date_sk is not null and (d_dom BETWEEN 1 AND 3 or d_dom BETWEEN 25 AND 28) and (d_year) IN (2000, 2001, 2002)) (type: boolean)
                    Statistics: Num rows: 36524 Data size: 40870356 Basic stats: COMPLETE Column stats: NONE
                    Reduce Output Operator
                      key expressions: d_date_sk (type: int)
                      sort order: +
                      Map-reduce partition columns: d_date_sk (type: int)
                      Statistics: Num rows: 36524 Data size: 40870356 Basic stats: COMPLETE Column stats: NONE
        Map 9 
            Map Operator Tree:
                TableScan
                  alias: customer
                  Statistics: Num rows: 80000000 Data size: 68801615852 Basic stats: COMPLETE Column stats: NONE
                  Filter Operator
                    predicate: c_customer_sk is not null (type: boolean)
                    Statistics: Num rows: 80000000 Data size: 68801615852 Basic stats: COMPLETE Column stats: NONE
                    Reduce Output Operator
                      key expressions: c_customer_sk (type: int)
                      sort order: +
                      Map-reduce partition columns: c_customer_sk (type: int)
                      Statistics: Num rows: 80000000 Data size: 68801615852 Basic stats: COMPLETE Column stats: NONE
                      value expressions: c_salutation (type: string), c_first_name (type: string), c_last_name (type: string), c_preferred_cust_flag (type: string)
        Reducer 2 
            Local Work:
              Map Reduce Local Work
            Reduce Operator Tree:
              Join Operator
                condition map:
                     Inner Join 0 to 1
                keys:
                  0 ss_sold_date_sk (type: int)
                  1 d_date_sk (type: int)
                outputColumnNames: _col0, _col3, _col5, _col7, _col9, _col26
                Statistics: Num rows: 633595212 Data size: 55895953508 Basic stats: COMPLETE Column stats: NONE
                Map Join Operator
                  condition map:
                       Inner Join 0 to 1
                  keys:
                    0 _col7 (type: int)
                    1 s_store_sk (type: int)
                  outputColumnNames: _col0, _col3, _col5, _col7, _col9, _col26, _col57
                  input vertices:
                    1 Map 7
                  Statistics: Num rows: 696954748 Data size: 61485550191 Basic stats: COMPLETE Column stats: NONE
                  Map Join Operator
                    condition map:
                         Inner Join 0 to 1
                    keys:
                      0 _col5 (type: int)
                      1 hd_demo_sk (type: int)
                    outputColumnNames: _col0, _col3, _col5, _col7, _col9, _col26, _col57, _col89
                    input vertices:
                      1 Map 8
                    Statistics: Num rows: 766650239 Data size: 67634106676 Basic stats: COMPLETE Column stats: NONE
                    Filter Operator
                      predicate: ((_col0 = _col26) and (_col7 = _col57) and (_col5 = _col89)) (type: boolean)
                      Statistics: Num rows: 95831279 Data size: 8454263257 Basic stats: COMPLETE Column stats: NONE
                      Select Operator
                        expressions: _col3 (type: int), _col9 (type: int)
                        outputColumnNames: _col3, _col9
                        Statistics: Num rows: 95831279 Data size: 8454263257 Basic stats: COMPLETE Column stats: NONE
                        Group By Operator
                          aggregations: count()
                          keys: _col9 (type: int), _col3 (type: int)
                          mode: hash
                          outputColumnNames: _col0, _col1, _col2
                          Statistics: Num rows: 95831279 Data size: 8454263257 Basic stats: COMPLETE Column stats: NONE
                          Reduce Output Operator
                            key expressions: _col0 (type: int), _col1 (type: int)
                            sort order: ++
                            Map-reduce partition columns: _col0 (type: int), _col1 (type: int)
                            Statistics: Num rows: 95831279 Data size: 8454263257 Basic stats: COMPLETE Column stats: NONE
                            value expressions: _col2 (type: bigint)
        Reducer 3 
            Reduce Operator Tree:
              Group By Operator
                aggregations: count(VALUE._col0)
                keys: KEY._col0 (type: int), KEY._col1 (type: int)
                mode: mergepartial
                outputColumnNames: _col0, _col1, _col2
                Statistics: Num rows: 47915639 Data size: 4227131584 Basic stats: COMPLETE Column stats: NONE
                Filter Operator
                  predicate: _col2 BETWEEN 15 AND 20 (type: boolean)
                  Statistics: Num rows: 23957819 Data size: 2113565747 Basic stats: COMPLETE Column stats: NONE
                  Reduce Output Operator
                    key expressions: _col1 (type: int)
                    sort order: +
                    Map-reduce partition columns: _col1 (type: int)
                    Statistics: Num rows: 23957819 Data size: 2113565747 Basic stats: COMPLETE Column stats: NONE
                    value expressions: _col0 (type: int), _col2 (type: bigint)
        Reducer 4 
            Reduce Operator Tree:
              Join Operator
                condition map:
                     Inner Join 0 to 1
                keys:
                  0 _col1 (type: int)
                  1 c_customer_sk (type: int)
                outputColumnNames: _col0, _col1, _col2, _col3, _col10, _col11, _col12, _col13
                Statistics: Num rows: 88000001 Data size: 75681779077 Basic stats: COMPLETE Column stats: NONE
                Filter Operator
                  predicate: (_col1 = _col3) (type: boolean)
                  Statistics: Num rows: 44000000 Data size: 37840889108 Basic stats: COMPLETE Column stats: NONE
                  Select Operator
                    expressions: _col12 (type: string), _col11 (type: string), _col10 (type: string), _col13 (type: string), _col0 (type: int), _col2 (type: bigint)
                    outputColumnNames: _col0, _col1, _col2, _col3, _col4, _col5
                    Statistics: Num rows: 44000000 Data size: 37840889108 Basic stats: COMPLETE Column stats: NONE
                    Reduce Output Operator
                      key expressions: _col0 (type: string), _col1 (type: string), _col2 (type: string), _col3 (type: string), _col4 (type: int)
                      sort order: +++-+
                      Statistics: Num rows: 44000000 Data size: 37840889108 Basic stats: COMPLETE Column stats: NONE
                      value expressions: _col5 (type: bigint)
        Reducer 5 
            Reduce Operator Tree:
              Select Operator
                expressions: KEY.reducesinkkey0 (type: string), KEY.reducesinkkey1 (type: string), KEY.reducesinkkey2 (type: string), KEY.reducesinkkey3 (type: string), KEY.reducesinkkey4 (type: int), VALUE._col0 (type: bigint)
                outputColumnNames: _col0, _col1, _col2, _col3, _col4, _col5
                Statistics: Num rows: 44000000 Data size: 37840889108 Basic stats: COMPLETE Column stats: NONE
                File Output Operator
                  compressed: false
                  Statistics: Num rows: 44000000 Data size: 37840889108 Basic stats: COMPLETE Column stats: NONE
                  table:
                      input format: org.apache.hadoop.mapred.SequenceFileInputFormat
                      output format: org.apache.hadoop.hive.ql.io.HiveSequenceFileOutputFormat
                      serde: org.apache.hadoop.hive.serde2.lazy.LazySimpleSerDe

  Stage: Stage-0
    Fetch Operator
      limit: -1
      Processor Tree:
        ListSink

