PREHOOK: query: explain
select  substr(r_reason_desc,1,20) as r
       ,avg(ws_quantity) wq
       ,avg(wr_refunded_cash) ref
       ,avg(wr_fee) fee
 from web_sales, web_returns, web_page, customer_demographics cd1,
      customer_demographics cd2, customer_address, date_dim, reason 
 where ws_web_page_sk = wp_web_page_sk
   and ws_item_sk = wr_item_sk
   and ws_order_number = wr_order_number
   and ws_sold_date_sk = d_date_sk and d_year = 1998
   and cd1.cd_demo_sk = wr_refunded_cdemo_sk 
   and cd2.cd_demo_sk = wr_returning_cdemo_sk
   and ca_address_sk = wr_refunded_addr_sk
   and r_reason_sk = wr_reason_sk
   and
   (
    (
     cd1.cd_marital_status = 'M'
     and
     cd1.cd_marital_status = cd2.cd_marital_status
     and
     cd1.cd_education_status = '4 yr Degree'
     and 
     cd1.cd_education_status = cd2.cd_education_status
     and
     ws_sales_price between 100.00 and 150.00
    )
   or
    (
     cd1.cd_marital_status = 'D'
     and
     cd1.cd_marital_status = cd2.cd_marital_status
     and
     cd1.cd_education_status = 'Primary' 
     and
     cd1.cd_education_status = cd2.cd_education_status
     and
     ws_sales_price between 50.00 and 100.00
    )
   or
    (
     cd1.cd_marital_status = 'U'
     and
     cd1.cd_marital_status = cd2.cd_marital_status
     and
     cd1.cd_education_status = 'Advanced Degree'
     and
     cd1.cd_education_status = cd2.cd_education_status
     and
     ws_sales_price between 150.00 and 200.00
    )
   )
   and
   (
    (
     ca_country = 'United States'
     and
     ca_state in ('KY', 'GA', 'NM')
     and ws_net_profit between 100 and 200  
    )
    or
    (
     ca_country = 'United States'
     and
     ca_state in ('MT', 'OR', 'IN')
     and ws_net_profit between 150 and 300  
    )
    or
    (
     ca_country = 'United States'
     and
     ca_state in ('WI', 'MO', 'WV')
     and ws_net_profit between 50 and 250  
    )
   )
group by r_reason_desc
order by r
        ,wq
        ,ref
        ,fee
limit 100
PREHOOK: type: QUERY
POSTHOOK: query: explain
select  substr(r_reason_desc,1,20) as r
       ,avg(ws_quantity) wq
       ,avg(wr_refunded_cash) ref
       ,avg(wr_fee) fee
 from web_sales, web_returns, web_page, customer_demographics cd1,
      customer_demographics cd2, customer_address, date_dim, reason 
 where ws_web_page_sk = wp_web_page_sk
   and ws_item_sk = wr_item_sk
   and ws_order_number = wr_order_number
   and ws_sold_date_sk = d_date_sk and d_year = 1998
   and cd1.cd_demo_sk = wr_refunded_cdemo_sk 
   and cd2.cd_demo_sk = wr_returning_cdemo_sk
   and ca_address_sk = wr_refunded_addr_sk
   and r_reason_sk = wr_reason_sk
   and
   (
    (
     cd1.cd_marital_status = 'M'
     and
     cd1.cd_marital_status = cd2.cd_marital_status
     and
     cd1.cd_education_status = '4 yr Degree'
     and 
     cd1.cd_education_status = cd2.cd_education_status
     and
     ws_sales_price between 100.00 and 150.00
    )
   or
    (
     cd1.cd_marital_status = 'D'
     and
     cd1.cd_marital_status = cd2.cd_marital_status
     and
     cd1.cd_education_status = 'Primary' 
     and
     cd1.cd_education_status = cd2.cd_education_status
     and
     ws_sales_price between 50.00 and 100.00
    )
   or
    (
     cd1.cd_marital_status = 'U'
     and
     cd1.cd_marital_status = cd2.cd_marital_status
     and
     cd1.cd_education_status = 'Advanced Degree'
     and
     cd1.cd_education_status = cd2.cd_education_status
     and
     ws_sales_price between 150.00 and 200.00
    )
   )
   and
   (
    (
     ca_country = 'United States'
     and
     ca_state in ('KY', 'GA', 'NM')
     and ws_net_profit between 100 and 200  
    )
    or
    (
     ca_country = 'United States'
     and
     ca_state in ('MT', 'OR', 'IN')
     and ws_net_profit between 150 and 300  
    )
    or
    (
     ca_country = 'United States'
     and
     ca_state in ('WI', 'MO', 'WV')
     and ws_net_profit between 50 and 250  
    )
   )
group by r_reason_desc
order by r
        ,wq
        ,ref
        ,fee
limit 100
POSTHOOK: type: QUERY
STAGE DEPENDENCIES:
  Stage-2 is a root stage
  Stage-3 depends on stages: Stage-2
  Stage-1 depends on stages: Stage-3
  Stage-0 depends on stages: Stage-1

STAGE PLANS:
  Stage: Stage-2
    Spark
#### A masked pattern was here ####
      Vertices:
        Map 13 
            Map Operator Tree:
                TableScan
                  alias: reason
                  Statistics: Num rows: 72 Data size: 14400 Basic stats: COMPLETE Column stats: NONE
                  Filter Operator
                    predicate: r_reason_sk is not null (type: boolean)
                    Statistics: Num rows: 72 Data size: 14400 Basic stats: COMPLETE Column stats: NONE
                    Spark HashTable Sink Operator
                      keys:
                        0 _col49 (type: int)
                        1 r_reason_sk (type: int)
            Local Work:
              Map Reduce Local Work

  Stage: Stage-3
    Spark
#### A masked pattern was here ####
      Vertices:
        Map 10 
            Map Operator Tree:
                TableScan
                  alias: cd2
                  Statistics: Num rows: 1583 Data size: 323062 Basic stats: COMPLETE Column stats: NONE
                  Filter Operator
                    predicate: cd_demo_sk is not null (type: boolean)
                    Statistics: Num rows: 1583 Data size: 323062 Basic stats: COMPLETE Column stats: NONE
                    Spark HashTable Sink Operator
                      keys:
                        0 _col45 (type: int)
                        1 cd_demo_sk (type: int)
            Local Work:
              Map Reduce Local Work
        Map 8 
            Map Operator Tree:
                TableScan
                  alias: web_page
                  Statistics: Num rows: 4602 Data size: 2696178 Basic stats: COMPLETE Column stats: NONE
                  Filter Operator
                    predicate: wp_web_page_sk is not null (type: boolean)
                    Statistics: Num rows: 4602 Data size: 2696178 Basic stats: COMPLETE Column stats: NONE
                    Spark HashTable Sink Operator
                      keys:
                        0 _col12 (type: int)
                        1 wp_web_page_sk (type: int)
            Local Work:
              Map Reduce Local Work
        Map 9 
            Map Operator Tree:
                TableScan
                  alias: cd1
                  Statistics: Num rows: 1583 Data size: 323062 Basic stats: COMPLETE Column stats: NONE
                  Filter Operator
                    predicate: cd_demo_sk is not null (type: boolean)
                    Statistics: Num rows: 1583 Data size: 323062 Basic stats: COMPLETE Column stats: NONE
                    Spark HashTable Sink Operator
                      keys:
                        0 _col41 (type: int)
                        1 cd_demo_sk (type: int)
            Local Work:
              Map Reduce Local Work

  Stage: Stage-1
    Spark
      Edges:
        Reducer 2 <- Map 1 (PARTITION-LEVEL SORT, 164), Map 7 (PARTITION-LEVEL SORT, 164)
        Reducer 3 <- Map 11 (PARTITION-LEVEL SORT, 542), Reducer 2 (PARTITION-LEVEL SORT, 542)
        Reducer 4 <- Map 12 (PARTITION-LEVEL SORT, 247), Reducer 3 (PARTITION-LEVEL SORT, 247)
        Reducer 5 <- Reducer 4 (GROUP, 1)
        Reducer 6 <- Reducer 5 (SORT, 1)
#### A masked pattern was here ####
      Vertices:
        Map 1 
            Map Operator Tree:
                TableScan
                  alias: web_sales
                  Statistics: Num rows: 144002668 Data size: 19580198212 Basic stats: COMPLETE Column stats: NONE
                  Filter Operator
                    predicate: (ws_item_sk is not null and ws_order_number is not null and ws_web_page_sk is not null and ws_sold_date_sk is not null) (type: boolean)
                    Statistics: Num rows: 144002668 Data size: 19580198212 Basic stats: COMPLETE Column stats: NONE
                    Reduce Output Operator
                      key expressions: ws_item_sk (type: int), ws_order_number (type: int)
                      sort order: ++
                      Map-reduce partition columns: ws_item_sk (type: int), ws_order_number (type: int)
                      Statistics: Num rows: 144002668 Data size: 19580198212 Basic stats: COMPLETE Column stats: NONE
                      value expressions: ws_sold_date_sk (type: int), ws_web_page_sk (type: int), ws_quantity (type: int), ws_sales_price (type: decimal(7,2)), ws_net_profit (type: decimal(7,2))
        Map 11 
            Map Operator Tree:
                TableScan
                  alias: customer_address
                  Statistics: Num rows: 40000000 Data size: 40595195284 Basic stats: COMPLETE Column stats: NONE
                  Filter Operator
                    predicate: ca_address_sk is not null (type: boolean)
                    Statistics: Num rows: 40000000 Data size: 40595195284 Basic stats: COMPLETE Column stats: NONE
                    Reduce Output Operator
                      key expressions: ca_address_sk (type: int)
                      sort order: +
                      Map-reduce partition columns: ca_address_sk (type: int)
                      Statistics: Num rows: 40000000 Data size: 40595195284 Basic stats: COMPLETE Column stats: NONE
                      value expressions: ca_state (type: string), ca_country (type: string)
        Map 12 
            Map Operator Tree:
                TableScan
                  alias: date_dim
                  Statistics: Num rows: 73049 Data size: 81741831 Basic stats: COMPLETE Column stats: NONE
                  Filter Operator
                    predicate: (d_date_sk is not null and (d_year = 1998)) (type: boolean)
                    Statistics: Num rows: 36524 Data size: 40870356 Basic stats: COMPLETE Column stats: NONE
                    Reduce Output Operator
                      key expressions: d_date_sk (type: int)
                      sort order: +
                      Map-reduce partition columns: d_date_sk (type: int)
                      Statistics: Num rows: 36524 Data size: 40870356 Basic stats: COMPLETE Column stats: NONE
        Map 7 
            Map Operator Tree:
                TableScan
                  alias: web_returns
                  Statistics: Num rows: 14398467 Data size: 1325194184 Basic stats: COMPLETE Column stats: NONE
                  Filter Operator
                    predicate: (wr_item_sk is not null and wr_order_number is not null and wr_refunded_cdemo_sk is not null and wr_returning_cdemo_sk is not null and wr_refunded_addr_sk is not null and wr_reason_sk is not null) (type: boolean)
                    Statistics: Num rows: 14398467 Data size: 1325194184 Basic stats: COMPLETE Column stats: NONE
                    Reduce Output Operator
                      key expressions: wr_item_sk (type: int), wr_order_number (type: int)
                      sort order: ++
                      Map-reduce partition columns: wr_item_sk (type: int), wr_order_number (type: int)
                      Statistics: Num rows: 14398467 Data size: 1325194184 Basic stats: COMPLETE Column stats: NONE
                      value expressions: wr_refunded_cdemo_sk (type: int), wr_refunded_addr_sk (type: int), wr_returning_cdemo_sk (type: int), wr_reason_sk (type: int), wr_fee (type: decimal(7,2)), wr_refunded_cash (type: decimal(7,2))
        Reducer 2 
            Local Work:
              Map Reduce Local Work
            Reduce Operator Tree:
              Join Operator
                condition map:
                     Inner Join 0 to 1
                keys:
                  0 ws_item_sk (type: int), ws_order_number (type: int)
                  1 wr_item_sk (type: int), wr_order_number (type: int)
                outputColumnNames: _col0, _col3, _col12, _col17, _col18, _col21, _col33, _col39, _col41, _col43, _col45, _col49, _col50, _col55, _col57
                Statistics: Num rows: 158402938 Data size: 21538218500 Basic stats: COMPLETE Column stats: NONE
                Map Join Operator
                  condition map:
                       Inner Join 0 to 1
                  keys:
                    0 _col12 (type: int)
                    1 wp_web_page_sk (type: int)
                  outputColumnNames: _col0, _col3, _col12, _col17, _col18, _col21, _col33, _col39, _col41, _col43, _col45, _col49, _col50, _col55, _col57, _col64
                  input vertices:
                    1 Map 8
                  Statistics: Num rows: 174243235 Data size: 23692040863 Basic stats: COMPLETE Column stats: NONE
                  Map Join Operator
                    condition map:
                         Inner Join 0 to 1
                    keys:
                      0 _col41 (type: int)
                      1 cd_demo_sk (type: int)
                    outputColumnNames: _col0, _col3, _col12, _col17, _col18, _col21, _col33, _col39, _col41, _col43, _col45, _col49, _col50, _col55, _col57, _col64, _col81, _col83, _col84
                    input vertices:
                      1 Map 9
                    Statistics: Num rows: 191667562 Data size: 26061245514 Basic stats: COMPLETE Column stats: NONE
                    Map Join Operator
                      condition map:
                           Inner Join 0 to 1
                      keys:
                        0 _col45 (type: int)
                        1 cd_demo_sk (type: int)
                      outputColumnNames: _col0, _col3, _col12, _col17, _col18, _col21, _col33, _col39, _col41, _col43, _col45, _col49, _col50, _col55, _col57, _col64, _col81, _col83, _col84, _col93, _col95, _col96
                      input vertices:
                        1 Map 10
                      Statistics: Num rows: 210834322 Data size: 28667370686 Basic stats: COMPLETE Column stats: NONE
                      Reduce Output Operator
                        key expressions: _col43 (type: int)
                        sort order: +
                        Map-reduce partition columns: _col43 (type: int)
                        Statistics: Num rows: 210834322 Data size: 28667370686 Basic stats: COMPLETE Column stats: NONE
                        value expressions: _col0 (type: int), _col3 (type: int), _col12 (type: int), _col17 (type: int), _col18 (type: int), _col21 (type: decimal(7,2)), _col33 (type: decimal(7,2)), _col39 (type: int), _col41 (type: int), _col45 (type: int), _col49 (type: int), _col50 (type: int), _col55 (type: decimal(7,2)), _col57 (type: decimal(7,2)), _col64 (type: int), _col81 (type: int), _col83 (type: string), _col84 (type: string), _col93 (type: int), _col95 (type: string), _col96 (type: string)
        Reducer 3 
            Reduce Operator Tree:
              Join Operator
                condition map:
                     Inner Join 0 to 1
                keys:
                  0 _col43 (type: int)
                  1 ca_address_sk (type: int)
                outputColumnNames: _col0, _col3, _col12, _col17, _col18, _col21, _col33, _col39, _col41, _col43, _col45, _col49, _col50, _col55, _col57, _col64, _col81, _col83, _col84, _col93, _col95, _col96, _col105, _col113, _col115
                Statistics: Num rows: 231917759 Data size: 31534108438 Basic stats: COMPLETE Column stats: NONE
                Reduce Output Operator
                  key expressions: _col0 (type: int)
                  sort order: +
                  Map-reduce partition columns: _col0 (type: int)
                  Statistics: Num rows: 231917759 Data size: 31534108438 Basic stats: COMPLETE Column stats: NONE
                  value expressions: _col3 (type: int), _col12 (type: int), _col17 (type: int), _col18 (type: int), _col21 (type: decimal(7,2)), _col33 (type: decimal(7,2)), _col39 (type: int), _col41 (type: int), _col43 (type: int), _col45 (type: int), _col49 (type: int), _col50 (type: int), _col55 (type: decimal(7,2)), _col57 (type: decimal(7,2)), _col64 (type: int), _col81 (type: int), _col83 (type: string), _col84 (type: string), _col93 (type: int), _col95 (type: string), _col96 (type: string), _col105 (type: int), _col113 (type: string), _col115 (type: string)
        Reducer 4 
            Local Work:
              Map Reduce Local Work
            Reduce Operator Tree:
              Join Operator
                condition map:
                     Inner Join 0 to 1
                keys:
                  0 _col0 (type: int)
                  1 d_date_sk (type: int)
                outputColumnNames: _col0, _col3, _col12, _col17, _col18, _col21, _col33, _col39, _col41, _col43, _col45, _col49, _col50, _col55, _col57, _col64, _col81, _col83, _col84, _col93, _col95, _col96, _col105, _col113, _col115, _col121
                Statistics: Num rows: 255109540 Data size: 34687520033 Basic stats: COMPLETE Column stats: NONE
                Map Join Operator
                  condition map:
                       Inner Join 0 to 1
                  keys:
                    0 _col49 (type: int)
                    1 r_reason_sk (type: int)
                  outputColumnNames: _col0, _col3, _col12, _col17, _col18, _col21, _col33, _col39, _col41, _col43, _col45, _col49, _col50, _col55, _col57, _col64, _col81, _col83, _col84, _col93, _col95, _col96, _col105, _col113, _col115, _col121, _col152, _col154
                  input vertices:
                    1 Map 13
                  Statistics: Num rows: 280620500 Data size: 38156272863 Basic stats: COMPLETE Column stats: NONE
                  Filter Operator
                    predicate: ((_col93 = _col45) and (((_col83 = 'M') and (_col83 = _col95) and (_col84 = '4 yr Degree') and (_col84 = _col96) and _col21 BETWEEN 100.0 AND 150.0) or ((_col83 = 'D') and (_col83 = _col95) and (_col84 = 'Primary') and (_col84 = _col96) and _col21 BETWEEN 50.0 AND 100.0) or ((_col83 = 'U') and (_col83 = _col95) and (_col84 = 'Advanced Degree') and (_col84 = _col96) and _col21 BETWEEN 150.0 AND 200.0)) and (((_col115 = 'United States') and (_col113) IN ('KY', 'GA', 'NM') and _col33 BETWEEN 100 AND 200) or ((_col115 = 'United States') and (_col113) IN ('MT', 'OR', 'IN') and _col33 BETWEEN 150 AND 300) or ((_col115 = 'United States') and (_col113) IN ('WI', 'MO', 'WV') and _col33 BETWEEN 50 AND 250)) and (_col81 = _col41) and (_col105 = _col43) and (_col152 = _col49) and (_col12 = _col64) and (_col3 = _col39) and (_col17 = _col50) and (_col0 = _col121)) (type: boolean)
                    Statistics: Num rows: 38537 Data size: 5239917 Basic stats: COMPLETE Column stats: NONE
                    Select Operator
                      expressions: _col18 (type: int), _col55 (type: decimal(7,2)), _col57 (type: decimal(7,2)), _col154 (type: string)
                      outputColumnNames: _col18, _col55, _col57, _col154
                      Statistics: Num rows: 38537 Data size: 5239917 Basic stats: COMPLETE Column stats: NONE
                      Group By Operator
                        aggregations: avg(_col18), avg(_col57), avg(_col55)
                        keys: _col154 (type: string)
                        mode: hash
                        outputColumnNames: _col0, _col1, _col2, _col3
                        Statistics: Num rows: 38537 Data size: 5239917 Basic stats: COMPLETE Column stats: NONE
                        Reduce Output Operator
                          key expressions: _col0 (type: string)
                          sort order: +
                          Map-reduce partition columns: _col0 (type: string)
                          Statistics: Num rows: 38537 Data size: 5239917 Basic stats: COMPLETE Column stats: NONE
                          value expressions: _col1 (type: struct<count:bigint,sum:double,input:int>), _col2 (type: struct<count:bigint,sum:decimal(17,2),input:decimal(7,2)>), _col3 (type: struct<count:bigint,sum:decimal(17,2),input:decimal(7,2)>)
        Reducer 5 
            Reduce Operator Tree:
              Group By Operator
                aggregations: avg(VALUE._col0), avg(VALUE._col1), avg(VALUE._col2)
                keys: KEY._col0 (type: string)
                mode: mergepartial
                outputColumnNames: _col0, _col1, _col2, _col3
                Statistics: Num rows: 19268 Data size: 2619890 Basic stats: COMPLETE Column stats: NONE
                Select Operator
                  expressions: substr(_col0, 1, 20) (type: string), _col1 (type: double), _col2 (type: decimal(11,6)), _col3 (type: decimal(11,6))
                  outputColumnNames: _col0, _col1, _col2, _col3
                  Statistics: Num rows: 19268 Data size: 2619890 Basic stats: COMPLETE Column stats: NONE
                  Reduce Output Operator
                    key expressions: _col0 (type: string), _col1 (type: double), _col2 (type: decimal(11,6)), _col3 (type: decimal(11,6))
                    sort order: ++++
                    Statistics: Num rows: 19268 Data size: 2619890 Basic stats: COMPLETE Column stats: NONE
                    TopN Hash Memory Usage: 0.1
        Reducer 6 
            Reduce Operator Tree:
              Select Operator
                expressions: KEY.reducesinkkey0 (type: string), KEY.reducesinkkey1 (type: double), KEY.reducesinkkey2 (type: decimal(11,6)), KEY.reducesinkkey3 (type: decimal(11,6))
                outputColumnNames: _col0, _col1, _col2, _col3
                Statistics: Num rows: 19268 Data size: 2619890 Basic stats: COMPLETE Column stats: NONE
                Limit
                  Number of rows: 100
                  Statistics: Num rows: 100 Data size: 13500 Basic stats: COMPLETE Column stats: NONE
                  File Output Operator
                    compressed: false
                    Statistics: Num rows: 100 Data size: 13500 Basic stats: COMPLETE Column stats: NONE
                    table:
                        input format: org.apache.hadoop.mapred.SequenceFileInputFormat
                        output format: org.apache.hadoop.hive.ql.io.HiveSequenceFileOutputFormat
                        serde: org.apache.hadoop.hive.serde2.lazy.LazySimpleSerDe

  Stage: Stage-0
    Fetch Operator
      limit: 100
      Processor Tree:
        ListSink

