PREHOOK: query: explain
select  *
 from(select w_warehouse_name
            ,i_item_id
            ,sum(case when (cast(d_date as date) < cast ('1998-04-08' as date))
	                then inv_quantity_on_hand 
                      else 0 end) as inv_before
            ,sum(case when (cast(d_date as date) >= cast ('1998-04-08' as date))
                      then inv_quantity_on_hand 
                      else 0 end) as inv_after
   from inventory
       ,warehouse
       ,item
       ,date_dim
   where i_current_price between 0.99 and 1.49
     and i_item_sk          = inv_item_sk
     and inv_warehouse_sk   = w_warehouse_sk
     and inv_date_sk    = d_date_sk
     and d_date between (cast ('1998-04-08' as date) - 30 days)
                    and (cast ('1998-04-08' as date) + 30 days)
   group by w_warehouse_name, i_item_id) x
 where (case when inv_before > 0 
             then inv_after / inv_before 
             else null
             end) between 2.0/3.0 and 3.0/2.0
 order by w_warehouse_name
         ,i_item_id
 limit 100
PREHOOK: type: QUERY
POSTHOOK: query: explain
select  *
 from(select w_warehouse_name
            ,i_item_id
            ,sum(case when (cast(d_date as date) < cast ('1998-04-08' as date))
	                then inv_quantity_on_hand 
                      else 0 end) as inv_before
            ,sum(case when (cast(d_date as date) >= cast ('1998-04-08' as date))
                      then inv_quantity_on_hand 
                      else 0 end) as inv_after
   from inventory
       ,warehouse
       ,item
       ,date_dim
   where i_current_price between 0.99 and 1.49
     and i_item_sk          = inv_item_sk
     and inv_warehouse_sk   = w_warehouse_sk
     and inv_date_sk    = d_date_sk
     and d_date between (cast ('1998-04-08' as date) - 30 days)
                    and (cast ('1998-04-08' as date) + 30 days)
   group by w_warehouse_name, i_item_id) x
 where (case when inv_before > 0 
             then inv_after / inv_before 
             else null
             end) between 2.0/3.0 and 3.0/2.0
 order by w_warehouse_name
         ,i_item_id
 limit 100
POSTHOOK: type: QUERY
STAGE DEPENDENCIES:
  Stage-2 is a root stage
  Stage-1 depends on stages: Stage-2
  Stage-0 depends on stages: Stage-1

STAGE PLANS:
  Stage: Stage-2
    Spark
#### A masked pattern was here ####
      Vertices:
        Map 6 
            Map Operator Tree:
                TableScan
                  alias: warehouse
                  Statistics: Num rows: 27 Data size: 27802 Basic stats: COMPLETE Column stats: NONE
                  Filter Operator
                    predicate: w_warehouse_sk is not null (type: boolean)
                    Statistics: Num rows: 27 Data size: 27802 Basic stats: COMPLETE Column stats: NONE
                    Spark HashTable Sink Operator
                      keys:
                        0 inv_warehouse_sk (type: int)
                        1 w_warehouse_sk (type: int)
            Local Work:
              Map Reduce Local Work

  Stage: Stage-1
    Spark
      Edges:
        Reducer 2 <- Map 1 (PARTITION-LEVEL SORT, 8), Map 7 (PARTITION-LEVEL SORT, 8)
        Reducer 3 <- Map 8 (PARTITION-LEVEL SORT, 6), Reducer 2 (PARTITION-LEVEL SORT, 6)
        Reducer 4 <- Reducer 3 (GROUP, 1)
        Reducer 5 <- Reducer 4 (SORT, 1)
#### A masked pattern was here ####
      Vertices:
        Map 1 
            Map Operator Tree:
                TableScan
                  alias: inventory
                  Statistics: Num rows: 37584000 Data size: 593821104 Basic stats: COMPLETE Column stats: NONE
                  Filter Operator
                    predicate: (inv_warehouse_sk is not null and inv_item_sk is not null and inv_date_sk is not null) (type: boolean)
                    Statistics: Num rows: 37584000 Data size: 593821104 Basic stats: COMPLETE Column stats: NONE
                    Map Join Operator
                      condition map:
                           Inner Join 0 to 1
                      keys:
                        0 inv_warehouse_sk (type: int)
                        1 w_warehouse_sk (type: int)
                      outputColumnNames: _col0, _col1, _col2, _col3, _col7, _col9
                      input vertices:
                        1 Map 6
                      Statistics: Num rows: 41342400 Data size: 653203228 Basic stats: COMPLETE Column stats: NONE
                      Reduce Output Operator
                        key expressions: _col1 (type: int)
                        sort order: +
                        Map-reduce partition columns: _col1 (type: int)
                        Statistics: Num rows: 41342400 Data size: 653203228 Basic stats: COMPLETE Column stats: NONE
                        value expressions: _col0 (type: int), _col2 (type: int), _col3 (type: int), _col7 (type: int), _col9 (type: string)
            Local Work:
              Map Reduce Local Work
        Map 7 
            Map Operator Tree:
                TableScan
                  alias: item
                  Statistics: Num rows: 462000 Data size: 663560457 Basic stats: COMPLETE Column stats: NONE
                  Filter Operator
                    predicate: (i_item_sk is not null and i_current_price BETWEEN 0.99 AND 1.49) (type: boolean)
                    Statistics: Num rows: 231000 Data size: 331780228 Basic stats: COMPLETE Column stats: NONE
                    Reduce Output Operator
                      key expressions: i_item_sk (type: int)
                      sort order: +
                      Map-reduce partition columns: i_item_sk (type: int)
                      Statistics: Num rows: 231000 Data size: 331780228 Basic stats: COMPLETE Column stats: NONE
                      value expressions: i_item_id (type: string)
        Map 8 
            Map Operator Tree:
                TableScan
                  alias: date_dim
                  Statistics: Num rows: 73049 Data size: 81741831 Basic stats: COMPLETE Column stats: NONE
                  Filter Operator
                    predicate: (d_date_sk is not null and d_date BETWEEN 1998-03-08 23:00:00.0 AND 1998-05-08 00:00:00.0) (type: boolean)
                    Statistics: Num rows: 36524 Data size: 40870356 Basic stats: COMPLETE Column stats: NONE
                    Reduce Output Operator
                      key expressions: d_date_sk (type: int)
                      sort order: +
                      Map-reduce partition columns: d_date_sk (type: int)
                      Statistics: Num rows: 36524 Data size: 40870356 Basic stats: COMPLETE Column stats: NONE
                      value expressions: d_date (type: string)
        Reducer 2 
            Reduce Operator Tree:
              Join Operator
                condition map:
                     Inner Join 0 to 1
                keys:
                  0 _col1 (type: int)
                  1 i_item_sk (type: int)
                outputColumnNames: _col0, _col1, _col2, _col3, _col7, _col9, _col24, _col25
                Statistics: Num rows: 45476640 Data size: 718523566 Basic stats: COMPLETE Column stats: NONE
                Reduce Output Operator
                  key expressions: _col0 (type: int)
                  sort order: +
                  Map-reduce partition columns: _col0 (type: int)
                  Statistics: Num rows: 45476640 Data size: 718523566 Basic stats: COMPLETE Column stats: NONE
                  value expressions: _col1 (type: int), _col2 (type: int), _col3 (type: int), _col7 (type: int), _col9 (type: string), _col24 (type: int), _col25 (type: string)
        Reducer 3 
            Reduce Operator Tree:
              Join Operator
                condition map:
                     Inner Join 0 to 1
                keys:
                  0 _col0 (type: int)
                  1 d_date_sk (type: int)
                outputColumnNames: _col0, _col1, _col2, _col3, _col7, _col9, _col24, _col25, _col49, _col51
                Statistics: Num rows: 50024305 Data size: 790375939 Basic stats: COMPLETE Column stats: NONE
                Filter Operator
                  predicate: ((_col24 = _col1) and (_col2 = _col7) and (_col0 = _col49)) (type: boolean)
                  Statistics: Num rows: 6253038 Data size: 98796990 Basic stats: COMPLETE Column stats: NONE
                  Select Operator
                    expressions: _col3 (type: int), _col9 (type: string), _col25 (type: string), _col51 (type: string)
                    outputColumnNames: _col3, _col9, _col25, _col51
                    Statistics: Num rows: 6253038 Data size: 98796990 Basic stats: COMPLETE Column stats: NONE
                    Group By Operator
                      aggregations: sum(CASE WHEN ((CAST( _col51 AS DATE) < CAST( '1998-04-08' AS DATE))) THEN (_col3) ELSE (0) END), sum(CASE WHEN ((CAST( _col51 AS DATE) >= CAST( '1998-04-08' AS DATE))) THEN (_col3) ELSE (0) END)
                      keys: _col9 (type: string), _col25 (type: string)
                      mode: hash
                      outputColumnNames: _col0, _col1, _col2, _col3
                      Statistics: Num rows: 6253038 Data size: 98796990 Basic stats: COMPLETE Column stats: NONE
                      Reduce Output Operator
                        key expressions: _col0 (type: string), _col1 (type: string)
                        sort order: ++
                        Map-reduce partition columns: _col0 (type: string), _col1 (type: string)
                        Statistics: Num rows: 6253038 Data size: 98796990 Basic stats: COMPLETE Column stats: NONE
                        value expressions: _col2 (type: bigint), _col3 (type: bigint)
        Reducer 4 
            Reduce Operator Tree:
              Group By Operator
                aggregations: sum(VALUE._col0), sum(VALUE._col1)
                keys: KEY._col0 (type: string), KEY._col1 (type: string)
                mode: mergepartial
                outputColumnNames: _col0, _col1, _col2, _col3
                Statistics: Num rows: 3126519 Data size: 49398495 Basic stats: COMPLETE Column stats: NONE
                Filter Operator
                  predicate: CASE WHEN ((_col2 > 0)) THEN ((_col3 / _col2)) ELSE (null) END BETWEEN 0.6666666666666666 AND 1.5 (type: boolean)
                  Statistics: Num rows: 1563259 Data size: 24699239 Basic stats: COMPLETE Column stats: NONE
                  Reduce Output Operator
                    key expressions: _col0 (type: string), _col1 (type: string)
                    sort order: ++
                    Statistics: Num rows: 1563259 Data size: 24699239 Basic stats: COMPLETE Column stats: NONE
                    TopN Hash Memory Usage: 0.1
                    value expressions: _col2 (type: bigint), _col3 (type: bigint)
        Reducer 5 
            Reduce Operator Tree:
              Select Operator
                expressions: KEY.reducesinkkey0 (type: string), KEY.reducesinkkey1 (type: string), VALUE._col0 (type: bigint), VALUE._col1 (type: bigint)
                outputColumnNames: _col0, _col1, _col2, _col3
                Statistics: Num rows: 1563259 Data size: 24699239 Basic stats: COMPLETE Column stats: NONE
                Limit
                  Number of rows: 100
                  Statistics: Num rows: 100 Data size: 1500 Basic stats: COMPLETE Column stats: NONE
                  File Output Operator
                    compressed: false
                    Statistics: Num rows: 100 Data size: 1500 Basic stats: COMPLETE Column stats: NONE
                    table:
                        input format: org.apache.hadoop.mapred.SequenceFileInputFormat
                        output format: org.apache.hadoop.hive.ql.io.HiveSequenceFileOutputFormat
                        serde: org.apache.hadoop.hive.serde2.lazy.LazySimpleSerDe

  Stage: Stage-0
    Fetch Operator
      limit: 100
      Processor Tree:
        ListSink

