PREHOOK: query: explain
select  c_customer_id as customer_id
       , coalesce(c_last_name,'') || ', ' || coalesce(c_first_name,'') as customername
 from customer
     ,customer_address
     ,customer_demographics
     ,household_demographics
     ,income_band
     ,store_returns
 where ca_city	        =  'Hopewell'
   and c_current_addr_sk = ca_address_sk
   and ib_lower_bound   >=  32287
   and ib_upper_bound   <=  32287 + 50000
   and ib_income_band_sk = hd_income_band_sk
   and cd_demo_sk = c_current_cdemo_sk
   and hd_demo_sk = c_current_hdemo_sk
   and sr_cdemo_sk = cd_demo_sk
 order by customer_id
 limit 100
PREHOOK: type: QUERY
POSTHOOK: query: explain
select  c_customer_id as customer_id
       , coalesce(c_last_name,'') || ', ' || coalesce(c_first_name,'') as customername
 from customer
     ,customer_address
     ,customer_demographics
     ,household_demographics
     ,income_band
     ,store_returns
 where ca_city	        =  'Hopewell'
   and c_current_addr_sk = ca_address_sk
   and ib_lower_bound   >=  32287
   and ib_upper_bound   <=  32287 + 50000
   and ib_income_band_sk = hd_income_band_sk
   and cd_demo_sk = c_current_cdemo_sk
   and hd_demo_sk = c_current_hdemo_sk
   and sr_cdemo_sk = cd_demo_sk
 order by customer_id
 limit 100
POSTHOOK: type: QUERY
STAGE DEPENDENCIES:
  Stage-2 is a root stage
  Stage-1 depends on stages: Stage-2
  Stage-0 depends on stages: Stage-1

STAGE PLANS:
  Stage: Stage-2
    Spark
#### A masked pattern was here ####
      Vertices:
        Map 7 
            Map Operator Tree:
                TableScan
                  alias: household_demographics
                  Statistics: Num rows: 7200 Data size: 770400 Basic stats: COMPLETE Column stats: NONE
                  Filter Operator
                    predicate: (hd_demo_sk is not null and hd_income_band_sk is not null) (type: boolean)
                    Statistics: Num rows: 7200 Data size: 770400 Basic stats: COMPLETE Column stats: NONE
                    Spark HashTable Sink Operator
                      keys:
                        0 _col3 (type: int)
                        1 hd_demo_sk (type: int)
            Local Work:
              Map Reduce Local Work
        Map 8 
            Map Operator Tree:
                TableScan
                  alias: income_band
                  Statistics: Num rows: 20 Data size: 240 Basic stats: COMPLETE Column stats: NONE
                  Filter Operator
                    predicate: (ib_income_band_sk is not null and (ib_lower_bound >= 32287) and (ib_upper_bound <= 82287)) (type: boolean)
                    Statistics: Num rows: 2 Data size: 24 Basic stats: COMPLETE Column stats: NONE
                    Spark HashTable Sink Operator
                      keys:
                        0 _col73 (type: int)
                        1 ib_income_band_sk (type: int)
            Local Work:
              Map Reduce Local Work

  Stage: Stage-1
    Spark
      Edges:
        Reducer 2 <- Map 1 (PARTITION-LEVEL SORT, 697), Map 5 (PARTITION-LEVEL SORT, 697)
        Reducer 3 <- Map 6 (PARTITION-LEVEL SORT, 627), Map 9 (PARTITION-LEVEL SORT, 627), Reducer 2 (PARTITION-LEVEL SORT, 627)
        Reducer 4 <- Reducer 3 (SORT, 1)
#### A masked pattern was here ####
      Vertices:
        Map 1 
            Map Operator Tree:
                TableScan
                  alias: customer
                  Statistics: Num rows: 80000000 Data size: 68801615852 Basic stats: COMPLETE Column stats: NONE
                  Filter Operator
                    predicate: (c_current_addr_sk is not null and c_current_cdemo_sk is not null and c_current_hdemo_sk is not null) (type: boolean)
                    Statistics: Num rows: 80000000 Data size: 68801615852 Basic stats: COMPLETE Column stats: NONE
                    Reduce Output Operator
                      key expressions: c_current_addr_sk (type: int)
                      sort order: +
                      Map-reduce partition columns: c_current_addr_sk (type: int)
                      Statistics: Num rows: 80000000 Data size: 68801615852 Basic stats: COMPLETE Column stats: NONE
                      value expressions: c_customer_id (type: string), c_current_cdemo_sk (type: int), c_current_hdemo_sk (type: int), c_first_name (type: string), c_last_name (type: string)
        Map 5 
            Map Operator Tree:
                TableScan
                  alias: customer_address
                  Statistics: Num rows: 40000000 Data size: 40595195284 Basic stats: COMPLETE Column stats: NONE
                  Filter Operator
                    predicate: (ca_address_sk is not null and (ca_city = 'Hopewell')) (type: boolean)
                    Statistics: Num rows: 20000000 Data size: 20297597642 Basic stats: COMPLETE Column stats: NONE
                    Reduce Output Operator
                      key expressions: ca_address_sk (type: int)
                      sort order: +
                      Map-reduce partition columns: ca_address_sk (type: int)
                      Statistics: Num rows: 20000000 Data size: 20297597642 Basic stats: COMPLETE Column stats: NONE
        Map 6 
            Map Operator Tree:
                TableScan
                  alias: customer_demographics
                  Statistics: Num rows: 80765 Data size: 323062 Basic stats: COMPLETE Column stats: NONE
                  Filter Operator
                    predicate: cd_demo_sk is not null (type: boolean)
                    Statistics: Num rows: 80765 Data size: 323062 Basic stats: COMPLETE Column stats: NONE
                    Reduce Output Operator
                      key expressions: cd_demo_sk (type: int)
                      sort order: +
                      Map-reduce partition columns: cd_demo_sk (type: int)
                      Statistics: Num rows: 80765 Data size: 323062 Basic stats: COMPLETE Column stats: NONE
        Map 9 
            Map Operator Tree:
                TableScan
                  alias: store_returns
                  Statistics: Num rows: 57591150 Data size: 4462194832 Basic stats: COMPLETE Column stats: NONE
                  Filter Operator
                    predicate: sr_cdemo_sk is not null (type: boolean)
                    Statistics: Num rows: 57591150 Data size: 4462194832 Basic stats: COMPLETE Column stats: NONE
                    Reduce Output Operator
                      key expressions: sr_cdemo_sk (type: int)
                      sort order: +
                      Map-reduce partition columns: sr_cdemo_sk (type: int)
                      Statistics: Num rows: 57591150 Data size: 4462194832 Basic stats: COMPLETE Column stats: NONE
        Reducer 2 
            Reduce Operator Tree:
              Join Operator
                condition map:
                     Inner Join 0 to 1
                keys:
                  0 c_current_addr_sk (type: int)
                  1 ca_address_sk (type: int)
                outputColumnNames: _col1, _col2, _col3, _col4, _col8, _col9, _col21
                Statistics: Num rows: 88000001 Data size: 75681779077 Basic stats: COMPLETE Column stats: NONE
                Reduce Output Operator
                  key expressions: _col2 (type: int)
                  sort order: +
                  Map-reduce partition columns: _col2 (type: int)
                  Statistics: Num rows: 88000001 Data size: 75681779077 Basic stats: COMPLETE Column stats: NONE
                  value expressions: _col1 (type: string), _col3 (type: int), _col4 (type: int), _col8 (type: string), _col9 (type: string), _col21 (type: int)
        Reducer 3 
            Local Work:
              Map Reduce Local Work
            Reduce Operator Tree:
              Join Operator
                condition map:
                     Inner Join 0 to 1
                     Inner Join 1 to 2
                keys:
                  0 _col2 (type: int)
                  1 cd_demo_sk (type: int)
                  2 sr_cdemo_sk (type: int)
                outputColumnNames: _col1, _col2, _col3, _col4, _col8, _col9, _col21, _col37, _col53
                Statistics: Num rows: 193600006 Data size: 166499917578 Basic stats: COMPLETE Column stats: NONE
                Map Join Operator
                  condition map:
                       Inner Join 0 to 1
                  keys:
                    0 _col3 (type: int)
                    1 hd_demo_sk (type: int)
                  outputColumnNames: _col1, _col2, _col3, _col4, _col8, _col9, _col21, _col37, _col53, _col72, _col73
                  input vertices:
                    1 Map 7
                  Statistics: Num rows: 212960011 Data size: 183149913305 Basic stats: COMPLETE Column stats: NONE
                  Map Join Operator
                    condition map:
                         Inner Join 0 to 1
                    keys:
                      0 _col73 (type: int)
                      1 ib_income_band_sk (type: int)
                    outputColumnNames: _col1, _col2, _col3, _col4, _col8, _col9, _col21, _col37, _col53, _col72, _col73, _col80
                    input vertices:
                      1 Map 8
                    Statistics: Num rows: 234256017 Data size: 201464909002 Basic stats: COMPLETE Column stats: NONE
                    Filter Operator
                      predicate: ((_col72 = _col3) and (_col53 = _col37) and (_col80 = _col73) and (_col37 = _col2) and (_col4 = _col21)) (type: boolean)
                      Statistics: Num rows: 7320500 Data size: 6295777949 Basic stats: COMPLETE Column stats: NONE
                      Select Operator
                        expressions: _col1 (type: string), concat(concat(COALESCE(_col9,''), ', '), COALESCE(_col8,'')) (type: string)
                        outputColumnNames: _col0, _col1
                        Statistics: Num rows: 7320500 Data size: 6295777949 Basic stats: COMPLETE Column stats: NONE
                        Reduce Output Operator
                          key expressions: _col0 (type: string)
                          sort order: +
                          Statistics: Num rows: 7320500 Data size: 6295777949 Basic stats: COMPLETE Column stats: NONE
                          TopN Hash Memory Usage: 0.1
                          value expressions: _col1 (type: string)
        Reducer 4 
            Reduce Operator Tree:
              Select Operator
                expressions: KEY.reducesinkkey0 (type: string), VALUE._col0 (type: string)
                outputColumnNames: _col0, _col1
                Statistics: Num rows: 7320500 Data size: 6295777949 Basic stats: COMPLETE Column stats: NONE
                Limit
                  Number of rows: 100
                  Statistics: Num rows: 100 Data size: 86000 Basic stats: COMPLETE Column stats: NONE
                  File Output Operator
                    compressed: false
                    Statistics: Num rows: 100 Data size: 86000 Basic stats: COMPLETE Column stats: NONE
                    table:
                        input format: org.apache.hadoop.mapred.SequenceFileInputFormat
                        output format: org.apache.hadoop.hive.ql.io.HiveSequenceFileOutputFormat
                        serde: org.apache.hadoop.hive.serde2.lazy.LazySimpleSerDe

  Stage: Stage-0
    Fetch Operator
      limit: 100
      Processor Tree:
        ListSink

